[2023/12/08|21:05:50][INFO]:擴充指令初始化完成
[2023/12/08|21:05:50][INFO]:logging in using static token
[2023/12/08|21:05:51][INFO]:Shard ID None has connected to Gateway (Session ID: 653a82d43a8672eca5498384e56e59e5).
[2023/12/08|21:05:54][INFO]:已載入6個斜線指令
['我', '其他人', '排行', 'me', 'other', 'ranking']
[2023/12/08|21:05:54][INFO]: >>夕由愛XitoAi已成功連線Discord<< 
[2023/12/08|21:06:16][INFO]:資料庫成功創建lightinvi(428845649279188992)於光隱的表情符號存放區(1029978425550704640)的基本資料
[2023/12/08|21:06:16][INFO]:資料庫成功創建lightinvi(428845649279188992)於光隱的表情符號存放區(1029978425550704640)的基本資料
[2023/12/08|21:06:16][INFO]:資料庫成功創建lightinvi(428845649279188992)於光隱的表情符號存放區(1029978425550704640)的基本資料
[2023/12/08|21:06:16][INFO]:資料庫成功創建lightinvi(428845649279188992)於光隱的表情符號存放區(1029978425550704640)的基本資料
[2023/12/08|21:06:16][INFO]:資料庫成功創建lightinvi(428845649279188992)於光隱的表情符號存放區(1029978425550704640)的基本資料
[2023/12/08|21:06:17][INFO]:資料庫成功創建lightinvi(428845649279188992)於光隱的表情符號存放區(1029978425550704640)的基本資料
[2023/12/08|21:06:17][INFO]:資料庫成功創建lightinvi(428845649279188992)於光隱的表情符號存放區(1029978425550704640)的基本資料
[2023/12/08|21:06:17][INFO]:資料庫成功創建lightinvi(428845649279188992)於光隱的表情符號存放區(1029978425550704640)的基本資料
[2023/12/08|21:06:17][INFO]:資料庫成功創建lightinvi(428845649279188992)於光隱的表情符號存放區(1029978425550704640)的基本資料
[2023/12/08|21:06:17][INFO]:資料庫成功創建lightinvi(428845649279188992)於光隱的表情符號存放區(1029978425550704640)的基本資料
[2023/12/08|21:06:17][INFO]:資料庫成功創建lightinvi(428845649279188992)於光隱的表情符號存放區(1029978425550704640)的基本資料
[2023/12/08|21:06:17][INFO]:資料庫成功創建lightinvi(428845649279188992)於光隱的表情符號存放區(1029978425550704640)的基本資料
[2023/12/08|21:06:18][INFO]:資料庫成功創建lightinvi(428845649279188992)於光隱的表情符號存放區(1029978425550704640)的基本資料
[2023/12/08|21:06:18][INFO]:資料庫成功創建lightinvi(428845649279188992)於光隱的表情符號存放區(1029978425550704640)的基本資料
[2023/12/08|21:06:18][INFO]:資料庫成功創建lightinvi(428845649279188992)於光隱的表情符號存放區(1029978425550704640)的基本資料
[2023/12/08|21:06:18][INFO]:資料庫成功創建lightinvi(428845649279188992)於光隱的表情符號存放區(1029978425550704640)的基本資料
[2023/12/08|21:06:18][INFO]:資料庫成功創建lightinvi(428845649279188992)於光隱的表情符號存放區(1029978425550704640)的基本資料
[2023/12/08|21:06:18][INFO]:資料庫成功創建lightinvi(428845649279188992)於光隱的表情符號存放區(1029978425550704640)的基本資料
[2023/12/08|21:06:18][INFO]:資料庫成功創建lightinvi(428845649279188992)於光隱的表情符號存放區(1029978425550704640)的基本資料
[2023/12/08|21:06:19][INFO]:資料庫成功創建lightinvi(428845649279188992)於光隱的表情符號存放區(1029978425550704640)的基本資料
[2023/12/08|21:06:19][INFO]:資料庫成功創建lightinvi(428845649279188992)於光隱的表情符號存放區(1029978425550704640)的基本資料
[2023/12/08|21:06:19][INFO]:資料庫成功創建lightinvi(428845649279188992)於光隱的表情符號存放區(1029978425550704640)的基本資料
[2023/12/08|21:06:19][INFO]:資料庫成功創建lightinvi(428845649279188992)於光隱的表情符號存放區(1029978425550704640)的基本資料
[2023/12/08|21:06:19][INFO]:資料庫成功創建lightinvi(428845649279188992)於光隱的表情符號存放區(1029978425550704640)的基本資料
[2023/12/08|21:06:19][INFO]:資料庫成功創建lightinvi(428845649279188992)於光隱的表情符號存放區(1029978425550704640)的基本資料
[2023/12/08|21:06:20][INFO]:資料庫成功創建lightinvi(428845649279188992)於光隱的表情符號存放區(1029978425550704640)的基本資料
[2023/12/08|21:06:20][INFO]:資料庫成功創建lightinvi(428845649279188992)於光隱的表情符號存放區(1029978425550704640)的基本資料
[2023/12/08|21:06:20][INFO]:資料庫成功創建lightinvi(428845649279188992)於光隱的表情符號存放區(1029978425550704640)的基本資料
[2023/12/08|21:06:20][INFO]:資料庫成功創建lightinvi(428845649279188992)於光隱的表情符號存放區(1029978425550704640)的基本資料
[2023/12/08|21:06:20][INFO]:資料庫成功創建lightinvi(428845649279188992)於光隱的表情符號存放區(1029978425550704640)的基本資料
[2023/12/08|21:06:20][INFO]:資料庫成功創建lightinvi(428845649279188992)於光隱的表情符號存放區(1029978425550704640)的基本資料
[2023/12/08|21:06:21][INFO]:資料庫成功創建lightinvi(428845649279188992)於光隱的表情符號存放區(1029978425550704640)的基本資料
[2023/12/08|21:06:21][INFO]:資料庫成功創建lightinvi(428845649279188992)於光隱的表情符號存放區(1029978425550704640)的基本資料
[2023/12/08|21:06:21][INFO]:資料庫成功創建lightinvi(428845649279188992)於光隱的表情符號存放區(1029978425550704640)的基本資料
[2023/12/08|21:06:21][INFO]:資料庫成功創建lightinvi(428845649279188992)於光隱的表情符號存放區(1029978425550704640)的基本資料
[2023/12/08|21:06:21][INFO]:資料庫成功創建lightinvi(428845649279188992)於光隱的表情符號存放區(1029978425550704640)的基本資料
[2023/12/08|21:06:21][INFO]:資料庫成功創建lightinvi(428845649279188992)於光隱的表情符號存放區(1029978425550704640)的基本資料
[2023/12/08|21:06:22][INFO]:資料庫成功創建lightinvi(428845649279188992)於光隱的表情符號存放區(1029978425550704640)的基本資料
[2023/12/08|21:06:22][INFO]:資料庫成功創建lightinvi(428845649279188992)於光隱的表情符號存放區(1029978425550704640)的基本資料
[2023/12/08|21:06:22][INFO]:資料庫成功創建lightinvi(428845649279188992)於光隱的表情符號存放區(1029978425550704640)的基本資料
[2023/12/08|21:06:22][INFO]:資料庫成功創建lightinvi(428845649279188992)於光隱的表情符號存放區(1029978425550704640)的基本資料
[2023/12/08|21:06:22][INFO]:資料庫成功創建lightinvi(428845649279188992)於光隱的表情符號存放區(1029978425550704640)的基本資料
[2023/12/08|21:06:23][INFO]:資料庫成功創建lightinvi(428845649279188992)於光隱的表情符號存放區(1029978425550704640)的基本資料
[2023/12/08|21:06:23][INFO]:資料庫成功創建lightinvi(428845649279188992)於光隱的表情符號存放區(1029978425550704640)的基本資料
[2023/12/08|21:06:23][INFO]:資料庫成功創建lightinvi(428845649279188992)於光隱的表情符號存放區(1029978425550704640)的基本資料
[2023/12/08|21:06:23][INFO]:資料庫成功創建lightinvi(428845649279188992)於光隱的表情符號存放區(1029978425550704640)的基本資料
[2023/12/08|21:06:23][INFO]:資料庫成功創建lightinvi(428845649279188992)於光隱的表情符號存放區(1029978425550704640)的基本資料
[2023/12/08|21:06:23][INFO]:資料庫成功創建lightinvi(428845649279188992)於光隱的表情符號存放區(1029978425550704640)的基本資料
[2023/12/08|21:06:24][INFO]:資料庫成功創建lightinvi(428845649279188992)於光隱的表情符號存放區(1029978425550704640)的基本資料
[2023/12/08|21:06:24][INFO]:資料庫成功創建lightinvi(428845649279188992)於光隱的表情符號存放區(1029978425550704640)的基本資料
[2023/12/08|21:06:24][INFO]:資料庫成功創建lightinvi(428845649279188992)於光隱的表情符號存放區(1029978425550704640)的基本資料
[2023/12/08|21:06:24][INFO]:資料庫成功創建lightinvi(428845649279188992)於光隱的表情符號存放區(1029978425550704640)的基本資料
[2023/12/08|21:06:24][INFO]:資料庫成功創建lightinvi(428845649279188992)於光隱的表情符號存放區(1029978425550704640)的基本資料
[2023/12/08|21:06:25][INFO]:資料庫成功創建lightinvi(428845649279188992)於光隱的表情符號存放區(1029978425550704640)的基本資料
[2023/12/08|21:06:25][INFO]:資料庫成功創建lightinvi(428845649279188992)於光隱的表情符號存放區(1029978425550704640)的基本資料
[2023/12/08|21:06:25][INFO]:資料庫成功創建lightinvi(428845649279188992)於光隱的表情符號存放區(1029978425550704640)的基本資料
[2023/12/08|21:06:25][INFO]:資料庫成功創建lightinvi(428845649279188992)於光隱的表情符號存放區(1029978425550704640)的基本資料
[2023/12/08|21:06:25][INFO]:資料庫成功創建lightinvi(428845649279188992)於光隱的表情符號存放區(1029978425550704640)的基本資料
[2023/12/08|21:06:25][INFO]:資料庫成功創建lightinvi(428845649279188992)於光隱的表情符號存放區(1029978425550704640)的基本資料
[2023/12/08|21:06:26][INFO]:資料庫成功創建lightinvi(428845649279188992)於光隱的表情符號存放區(1029978425550704640)的基本資料
[2023/12/08|21:06:26][INFO]:資料庫成功創建lightinvi(428845649279188992)於光隱的表情符號存放區(1029978425550704640)的基本資料
[2023/12/08|21:06:26][INFO]:資料庫成功創建lightinvi(428845649279188992)於光隱的表情符號存放區(1029978425550704640)的基本資料
[2023/12/08|21:06:26][INFO]:資料庫成功創建lightinvi(428845649279188992)於光隱的表情符號存放區(1029978425550704640)的基本資料
[2023/12/08|21:06:26][INFO]:資料庫成功創建lightinvi(428845649279188992)於光隱的表情符號存放區(1029978425550704640)的基本資料
[2023/12/08|21:09:56][INFO]:擴充指令初始化完成
[2023/12/08|21:09:56][INFO]:logging in using static token
[2023/12/08|21:09:57][INFO]:Shard ID None has connected to Gateway (Session ID: 01903abc09e0f59409e57cc887a16a6f).
[2023/12/08|21:09:59][INFO]:已載入6個斜線指令
['我', '其他人', '排行', 'me', 'other', 'ranking']
[2023/12/08|21:09:59][INFO]: >>夕由愛XitoAi已成功連線Discord<< 
[2023/12/08|21:10:04][INFO]:資料庫成功創建lightinvi(428845649279188992)於光隱的表情符號存放區(1029978425550704640)的基本資料
[2023/12/08|21:10:04][INFO]:資料庫成功創建lightinvi(428845649279188992)於光隱的表情符號存放區(1029978425550704640)的基本資料
[2023/12/08|21:10:05][INFO]:資料庫成功創建lightinvi(428845649279188992)於光隱的表情符號存放區(1029978425550704640)的基本資料
[2023/12/08|21:10:05][INFO]:資料庫成功創建lightinvi(428845649279188992)於光隱的表情符號存放區(1029978425550704640)的基本資料
[2023/12/08|21:10:05][INFO]:資料庫成功創建lightinvi(428845649279188992)於光隱的表情符號存放區(1029978425550704640)的基本資料
[2023/12/08|21:10:05][INFO]:資料庫成功創建lightinvi(428845649279188992)於光隱的表情符號存放區(1029978425550704640)的基本資料
[2023/12/08|21:10:05][INFO]:資料庫成功創建lightinvi(428845649279188992)於光隱的表情符號存放區(1029978425550704640)的基本資料
[2023/12/08|21:10:05][INFO]:資料庫成功創建lightinvi(428845649279188992)於光隱的表情符號存放區(1029978425550704640)的基本資料
[2023/12/08|21:10:05][INFO]:資料庫成功創建lightinvi(428845649279188992)於光隱的表情符號存放區(1029978425550704640)的基本資料
[2023/12/08|21:10:06][INFO]:資料庫成功創建lightinvi(428845649279188992)於光隱的表情符號存放區(1029978425550704640)的基本資料
[2023/12/08|21:10:06][INFO]:資料庫成功創建lightinvi(428845649279188992)於光隱的表情符號存放區(1029978425550704640)的基本資料
[2023/12/08|21:10:06][INFO]:資料庫成功創建lightinvi(428845649279188992)於光隱的表情符號存放區(1029978425550704640)的基本資料
[2023/12/08|21:10:06][INFO]:資料庫成功創建lightinvi(428845649279188992)於光隱的表情符號存放區(1029978425550704640)的基本資料
[2023/12/08|21:10:06][INFO]:資料庫成功創建lightinvi(428845649279188992)於光隱的表情符號存放區(1029978425550704640)的基本資料
[2023/12/08|21:10:06][INFO]:資料庫成功創建lightinvi(428845649279188992)於光隱的表情符號存放區(1029978425550704640)的基本資料
[2023/12/08|21:10:07][INFO]:資料庫成功創建lightinvi(428845649279188992)於光隱的表情符號存放區(1029978425550704640)的基本資料
[2023/12/08|21:10:07][INFO]:資料庫成功創建lightinvi(428845649279188992)於光隱的表情符號存放區(1029978425550704640)的基本資料
[2023/12/08|21:10:07][INFO]:資料庫成功創建lightinvi(428845649279188992)於光隱的表情符號存放區(1029978425550704640)的基本資料
[2023/12/08|21:10:07][INFO]:資料庫成功創建lightinvi(428845649279188992)於光隱的表情符號存放區(1029978425550704640)的基本資料
[2023/12/08|21:10:07][INFO]:資料庫成功創建lightinvi(428845649279188992)於光隱的表情符號存放區(1029978425550704640)的基本資料
[2023/12/08|21:10:08][INFO]:資料庫成功創建lightinvi(428845649279188992)於光隱的表情符號存放區(1029978425550704640)的基本資料
[2023/12/08|21:10:08][INFO]:資料庫成功創建lightinvi(428845649279188992)於光隱的表情符號存放區(1029978425550704640)的基本資料
[2023/12/08|21:10:08][INFO]:資料庫成功創建lightinvi(428845649279188992)於光隱的表情符號存放區(1029978425550704640)的基本資料
[2023/12/08|21:10:08][INFO]:資料庫成功創建lightinvi(428845649279188992)於光隱的表情符號存放區(1029978425550704640)的基本資料
[2023/12/08|21:10:08][INFO]:資料庫成功創建lightinvi(428845649279188992)於光隱的表情符號存放區(1029978425550704640)的基本資料
[2023/12/08|21:10:08][INFO]:資料庫成功創建lightinvi(428845649279188992)於光隱的表情符號存放區(1029978425550704640)的基本資料
[2023/12/08|21:10:09][INFO]:資料庫成功創建lightinvi(428845649279188992)於光隱的表情符號存放區(1029978425550704640)的基本資料
[2023/12/08|21:10:09][INFO]:資料庫成功創建lightinvi(428845649279188992)於光隱的表情符號存放區(1029978425550704640)的基本資料
[2023/12/08|21:10:09][INFO]:資料庫成功創建lightinvi(428845649279188992)於光隱的表情符號存放區(1029978425550704640)的基本資料
[2023/12/08|21:10:09][INFO]:資料庫成功創建lightinvi(428845649279188992)於光隱的表情符號存放區(1029978425550704640)的基本資料
[2023/12/08|21:10:09][INFO]:資料庫成功創建lightinvi(428845649279188992)於光隱的表情符號存放區(1029978425550704640)的基本資料
[2023/12/08|21:10:10][INFO]:資料庫成功創建lightinvi(428845649279188992)於光隱的表情符號存放區(1029978425550704640)的基本資料
[2023/12/08|21:10:10][INFO]:資料庫成功創建lightinvi(428845649279188992)於光隱的表情符號存放區(1029978425550704640)的基本資料
[2023/12/08|21:10:10][INFO]:資料庫成功創建lightinvi(428845649279188992)於光隱的表情符號存放區(1029978425550704640)的基本資料
[2023/12/08|21:10:10][INFO]:資料庫成功創建lightinvi(428845649279188992)於光隱的表情符號存放區(1029978425550704640)的基本資料
[2023/12/08|21:10:10][INFO]:資料庫成功創建lightinvi(428845649279188992)於光隱的表情符號存放區(1029978425550704640)的基本資料
[2023/12/08|21:10:11][INFO]:資料庫成功創建lightinvi(428845649279188992)於光隱的表情符號存放區(1029978425550704640)的基本資料
[2023/12/08|21:10:11][INFO]:資料庫成功創建lightinvi(428845649279188992)於光隱的表情符號存放區(1029978425550704640)的基本資料
[2023/12/08|21:10:11][INFO]:資料庫成功創建lightinvi(428845649279188992)於光隱的表情符號存放區(1029978425550704640)的基本資料
[2023/12/08|21:10:11][INFO]:資料庫成功創建lightinvi(428845649279188992)於光隱的表情符號存放區(1029978425550704640)的基本資料
[2023/12/08|21:10:11][INFO]:資料庫成功創建lightinvi(428845649279188992)於光隱的表情符號存放區(1029978425550704640)的基本資料
[2023/12/08|21:10:12][INFO]:資料庫成功創建lightinvi(428845649279188992)於光隱的表情符號存放區(1029978425550704640)的基本資料
[2023/12/08|21:10:12][INFO]:資料庫成功創建lightinvi(428845649279188992)於光隱的表情符號存放區(1029978425550704640)的基本資料
[2023/12/08|21:10:12][INFO]:資料庫成功創建lightinvi(428845649279188992)於光隱的表情符號存放區(1029978425550704640)的基本資料
[2023/12/08|21:10:12][INFO]:資料庫成功創建lightinvi(428845649279188992)於光隱的表情符號存放區(1029978425550704640)的基本資料
[2023/12/08|21:10:12][INFO]:資料庫成功創建lightinvi(428845649279188992)於光隱的表情符號存放區(1029978425550704640)的基本資料
[2023/12/08|21:10:13][INFO]:資料庫成功創建lightinvi(428845649279188992)於光隱的表情符號存放區(1029978425550704640)的基本資料
[2023/12/08|21:10:13][INFO]:資料庫成功創建lightinvi(428845649279188992)於光隱的表情符號存放區(1029978425550704640)的基本資料
[2023/12/08|21:10:13][INFO]:資料庫成功創建lightinvi(428845649279188992)於光隱的表情符號存放區(1029978425550704640)的基本資料
[2023/12/08|21:10:13][INFO]:資料庫成功創建lightinvi(428845649279188992)於光隱的表情符號存放區(1029978425550704640)的基本資料
[2023/12/08|21:10:13][INFO]:資料庫成功創建lightinvi(428845649279188992)於光隱的表情符號存放區(1029978425550704640)的基本資料
[2023/12/08|21:10:14][INFO]:資料庫成功創建lightinvi(428845649279188992)於光隱的表情符號存放區(1029978425550704640)的基本資料
[2023/12/08|21:10:14][INFO]:資料庫成功創建lightinvi(428845649279188992)於光隱的表情符號存放區(1029978425550704640)的基本資料
[2023/12/08|21:10:14][INFO]:資料庫成功創建lightinvi(428845649279188992)於光隱的表情符號存放區(1029978425550704640)的基本資料
[2023/12/08|21:10:14][INFO]:資料庫成功創建lightinvi(428845649279188992)於光隱的表情符號存放區(1029978425550704640)的基本資料
[2023/12/08|21:10:14][INFO]:資料庫成功創建lightinvi(428845649279188992)於光隱的表情符號存放區(1029978425550704640)的基本資料
[2023/12/08|21:10:14][INFO]:資料庫成功創建lightinvi(428845649279188992)於光隱的表情符號存放區(1029978425550704640)的基本資料
[2023/12/08|21:10:15][INFO]:資料庫成功創建lightinvi(428845649279188992)於光隱的表情符號存放區(1029978425550704640)的基本資料
[2023/12/08|21:10:15][INFO]:資料庫成功創建lightinvi(428845649279188992)於光隱的表情符號存放區(1029978425550704640)的基本資料
[2023/12/08|21:10:15][INFO]:資料庫成功創建lightinvi(428845649279188992)於光隱的表情符號存放區(1029978425550704640)的基本資料
[2023/12/08|21:10:15][INFO]:資料庫成功創建lightinvi(428845649279188992)於光隱的表情符號存放區(1029978425550704640)的基本資料
[2023/12/08|21:10:15][INFO]:資料庫成功創建lightinvi(428845649279188992)於光隱的表情符號存放區(1029978425550704640)的基本資料
[2023/12/08|21:10:15][INFO]:資料庫成功創建lightinvi(428845649279188992)於光隱的表情符號存放區(1029978425550704640)的基本資料
[2023/12/08|21:10:16][INFO]:資料庫成功創建lightinvi(428845649279188992)於光隱的表情符號存放區(1029978425550704640)的基本資料
[2023/12/08|21:10:16][INFO]:資料庫成功創建lightinvi(428845649279188992)於光隱的表情符號存放區(1029978425550704640)的基本資料
[2023/12/08|21:10:16][INFO]:資料庫成功創建lightinvi(428845649279188992)於光隱的表情符號存放區(1029978425550704640)的基本資料
[2023/12/08|21:10:16][INFO]:資料庫成功創建lightinvi(428845649279188992)於光隱的表情符號存放區(1029978425550704640)的基本資料
[2023/12/08|21:10:16][INFO]:資料庫成功創建lightinvi(428845649279188992)於光隱的表情符號存放區(1029978425550704640)的基本資料
[2023/12/08|21:10:17][INFO]:資料庫成功創建lightinvi(428845649279188992)於光隱的表情符號存放區(1029978425550704640)的基本資料
[2023/12/08|21:10:17][INFO]:資料庫成功創建lightinvi(428845649279188992)於光隱的表情符號存放區(1029978425550704640)的基本資料
[2023/12/08|21:10:17][INFO]:資料庫成功創建lightinvi(428845649279188992)於光隱的表情符號存放區(1029978425550704640)的基本資料
[2023/12/08|21:10:17][INFO]:資料庫成功創建lightinvi(428845649279188992)於光隱的表情符號存放區(1029978425550704640)的基本資料
[2023/12/08|21:10:17][INFO]:資料庫成功創建lightinvi(428845649279188992)於光隱的表情符號存放區(1029978425550704640)的基本資料
[2023/12/08|21:10:18][INFO]:資料庫成功創建lightinvi(428845649279188992)於光隱的表情符號存放區(1029978425550704640)的基本資料
[2023/12/08|21:10:18][INFO]:資料庫成功創建lightinvi(428845649279188992)於光隱的表情符號存放區(1029978425550704640)的基本資料
[2023/12/08|21:10:18][INFO]:資料庫成功創建lightinvi(428845649279188992)於光隱的表情符號存放區(1029978425550704640)的基本資料
[2023/12/08|21:10:18][INFO]:資料庫成功創建lightinvi(428845649279188992)於光隱的表情符號存放區(1029978425550704640)的基本資料
[2023/12/08|21:10:18][INFO]:資料庫成功創建lightinvi(428845649279188992)於光隱的表情符號存放區(1029978425550704640)的基本資料
[2023/12/08|21:10:18][INFO]:資料庫成功創建lightinvi(428845649279188992)於光隱的表情符號存放區(1029978425550704640)的基本資料
[2023/12/08|21:11:15][INFO]:擴充指令初始化完成
[2023/12/08|21:11:15][INFO]:logging in using static token
[2023/12/08|21:11:16][INFO]:Shard ID None has connected to Gateway (Session ID: f7a261e893772e197240d45385488a1b).
[2023/12/08|21:11:19][INFO]:已載入6個斜線指令
['我', '其他人', '排行', 'me', 'other', 'ranking']
[2023/12/08|21:11:19][INFO]: >>夕由愛XitoAi已成功連線Discord<< 
[2023/12/08|21:11:25][INFO]:資料庫成功創建lightinvi(428845649279188992)於光隱的表情符號存放區(1029978425550704640)的基本資料
[2023/12/08|21:11:25][INFO]:資料庫成功創建lightinvi(428845649279188992)於光隱的表情符號存放區(1029978425550704640)的基本資料
[2023/12/08|21:11:26][INFO]:資料庫成功創建lightinvi(428845649279188992)於光隱的表情符號存放區(1029978425550704640)的基本資料
[2023/12/08|21:11:26][INFO]:資料庫成功創建lightinvi(428845649279188992)於光隱的表情符號存放區(1029978425550704640)的基本資料
[2023/12/08|21:11:26][INFO]:資料庫成功創建lightinvi(428845649279188992)於光隱的表情符號存放區(1029978425550704640)的基本資料
[2023/12/08|21:11:26][INFO]:資料庫成功創建lightinvi(428845649279188992)於光隱的表情符號存放區(1029978425550704640)的基本資料
[2023/12/08|21:11:26][INFO]:資料庫成功創建lightinvi(428845649279188992)於光隱的表情符號存放區(1029978425550704640)的基本資料
[2023/12/08|21:11:26][INFO]:資料庫成功創建lightinvi(428845649279188992)於光隱的表情符號存放區(1029978425550704640)的基本資料
[2023/12/08|21:11:27][INFO]:資料庫成功創建lightinvi(428845649279188992)於光隱的表情符號存放區(1029978425550704640)的基本資料
[2023/12/08|21:11:27][INFO]:資料庫成功創建lightinvi(428845649279188992)於光隱的表情符號存放區(1029978425550704640)的基本資料
[2023/12/08|21:11:27][INFO]:資料庫成功創建lightinvi(428845649279188992)於光隱的表情符號存放區(1029978425550704640)的基本資料
[2023/12/08|21:11:27][INFO]:資料庫成功創建lightinvi(428845649279188992)於光隱的表情符號存放區(1029978425550704640)的基本資料
[2023/12/08|21:11:27][INFO]:資料庫成功創建lightinvi(428845649279188992)於光隱的表情符號存放區(1029978425550704640)的基本資料
[2023/12/08|21:11:27][INFO]:資料庫成功創建lightinvi(428845649279188992)於光隱的表情符號存放區(1029978425550704640)的基本資料
[2023/12/08|21:11:28][INFO]:資料庫成功創建lightinvi(428845649279188992)於光隱的表情符號存放區(1029978425550704640)的基本資料
[2023/12/08|21:11:28][INFO]:資料庫成功創建lightinvi(428845649279188992)於光隱的表情符號存放區(1029978425550704640)的基本資料
[2023/12/08|21:11:28][INFO]:資料庫成功創建lightinvi(428845649279188992)於光隱的表情符號存放區(1029978425550704640)的基本資料
[2023/12/08|21:11:28][INFO]:資料庫成功創建lightinvi(428845649279188992)於光隱的表情符號存放區(1029978425550704640)的基本資料
[2023/12/08|21:11:28][INFO]:資料庫成功創建lightinvi(428845649279188992)於光隱的表情符號存放區(1029978425550704640)的基本資料
[2023/12/08|21:11:28][INFO]:資料庫成功創建lightinvi(428845649279188992)於光隱的表情符號存放區(1029978425550704640)的基本資料
[2023/12/08|21:11:29][INFO]:資料庫成功創建lightinvi(428845649279188992)於光隱的表情符號存放區(1029978425550704640)的基本資料
[2023/12/08|21:11:29][INFO]:資料庫成功創建lightinvi(428845649279188992)於光隱的表情符號存放區(1029978425550704640)的基本資料
[2023/12/08|21:11:29][INFO]:資料庫成功創建lightinvi(428845649279188992)於光隱的表情符號存放區(1029978425550704640)的基本資料
[2023/12/08|21:11:29][INFO]:資料庫成功創建lightinvi(428845649279188992)於光隱的表情符號存放區(1029978425550704640)的基本資料
[2023/12/08|21:11:29][INFO]:資料庫成功創建lightinvi(428845649279188992)於光隱的表情符號存放區(1029978425550704640)的基本資料
[2023/12/08|21:11:29][INFO]:資料庫成功創建lightinvi(428845649279188992)於光隱的表情符號存放區(1029978425550704640)的基本資料
[2023/12/08|21:11:29][INFO]:資料庫成功創建lightinvi(428845649279188992)於光隱的表情符號存放區(1029978425550704640)的基本資料
[2023/12/08|21:11:30][INFO]:資料庫成功創建lightinvi(428845649279188992)於光隱的表情符號存放區(1029978425550704640)的基本資料
[2023/12/08|21:11:30][INFO]:資料庫成功創建lightinvi(428845649279188992)於光隱的表情符號存放區(1029978425550704640)的基本資料
[2023/12/08|21:11:30][INFO]:資料庫成功創建lightinvi(428845649279188992)於光隱的表情符號存放區(1029978425550704640)的基本資料
[2023/12/08|21:11:30][INFO]:資料庫成功創建lightinvi(428845649279188992)於光隱的表情符號存放區(1029978425550704640)的基本資料
[2023/12/08|21:11:30][INFO]:資料庫成功創建lightinvi(428845649279188992)於光隱的表情符號存放區(1029978425550704640)的基本資料
[2023/12/08|21:11:30][INFO]:資料庫成功創建lightinvi(428845649279188992)於光隱的表情符號存放區(1029978425550704640)的基本資料
[2023/12/08|21:11:30][INFO]:資料庫成功創建lightinvi(428845649279188992)於光隱的表情符號存放區(1029978425550704640)的基本資料
[2023/12/08|21:11:31][INFO]:資料庫成功創建lightinvi(428845649279188992)於光隱的表情符號存放區(1029978425550704640)的基本資料
[2023/12/08|21:11:31][INFO]:資料庫成功創建lightinvi(428845649279188992)於光隱的表情符號存放區(1029978425550704640)的基本資料
[2023/12/08|21:11:31][INFO]:資料庫成功創建lightinvi(428845649279188992)於光隱的表情符號存放區(1029978425550704640)的基本資料
[2023/12/08|21:11:31][INFO]:資料庫成功創建lightinvi(428845649279188992)於光隱的表情符號存放區(1029978425550704640)的基本資料
[2023/12/08|21:11:31][INFO]:資料庫成功創建lightinvi(428845649279188992)於光隱的表情符號存放區(1029978425550704640)的基本資料
[2023/12/08|21:11:31][INFO]:資料庫成功創建lightinvi(428845649279188992)於光隱的表情符號存放區(1029978425550704640)的基本資料
[2023/12/08|21:11:32][INFO]:資料庫成功創建lightinvi(428845649279188992)於光隱的表情符號存放區(1029978425550704640)的基本資料
[2023/12/08|21:11:32][INFO]:資料庫成功創建lightinvi(428845649279188992)於光隱的表情符號存放區(1029978425550704640)的基本資料
[2023/12/08|21:11:32][INFO]:資料庫成功創建lightinvi(428845649279188992)於光隱的表情符號存放區(1029978425550704640)的基本資料
[2023/12/08|21:11:32][INFO]:資料庫成功創建lightinvi(428845649279188992)於光隱的表情符號存放區(1029978425550704640)的基本資料
[2023/12/08|21:11:32][INFO]:資料庫成功創建lightinvi(428845649279188992)於光隱的表情符號存放區(1029978425550704640)的基本資料
[2023/12/08|21:11:32][INFO]:資料庫成功創建lightinvi(428845649279188992)於光隱的表情符號存放區(1029978425550704640)的基本資料
[2023/12/08|21:11:32][INFO]:資料庫成功創建lightinvi(428845649279188992)於光隱的表情符號存放區(1029978425550704640)的基本資料
[2023/12/08|21:11:33][INFO]:資料庫成功創建lightinvi(428845649279188992)於光隱的表情符號存放區(1029978425550704640)的基本資料
[2023/12/08|21:11:33][INFO]:資料庫成功創建lightinvi(428845649279188992)於光隱的表情符號存放區(1029978425550704640)的基本資料
[2023/12/08|21:11:33][INFO]:資料庫成功創建lightinvi(428845649279188992)於光隱的表情符號存放區(1029978425550704640)的基本資料
[2023/12/08|21:11:33][INFO]:資料庫成功創建lightinvi(428845649279188992)於光隱的表情符號存放區(1029978425550704640)的基本資料
[2023/12/08|21:11:33][INFO]:資料庫成功創建lightinvi(428845649279188992)於光隱的表情符號存放區(1029978425550704640)的基本資料
[2023/12/08|21:11:33][INFO]:資料庫成功創建lightinvi(428845649279188992)於光隱的表情符號存放區(1029978425550704640)的基本資料
[2023/12/08|21:11:34][INFO]:資料庫成功創建lightinvi(428845649279188992)於光隱的表情符號存放區(1029978425550704640)的基本資料
[2023/12/08|21:11:34][INFO]:資料庫成功創建lightinvi(428845649279188992)於光隱的表情符號存放區(1029978425550704640)的基本資料
[2023/12/08|21:11:34][INFO]:資料庫成功創建lightinvi(428845649279188992)於光隱的表情符號存放區(1029978425550704640)的基本資料
[2023/12/08|21:11:34][INFO]:資料庫成功創建lightinvi(428845649279188992)於光隱的表情符號存放區(1029978425550704640)的基本資料
[2023/12/08|21:11:34][INFO]:資料庫成功創建lightinvi(428845649279188992)於光隱的表情符號存放區(1029978425550704640)的基本資料
[2023/12/08|21:11:35][INFO]:資料庫成功創建lightinvi(428845649279188992)於光隱的表情符號存放區(1029978425550704640)的基本資料
[2023/12/08|21:11:35][INFO]:資料庫成功創建lightinvi(428845649279188992)於光隱的表情符號存放區(1029978425550704640)的基本資料
[2023/12/08|21:11:35][INFO]:資料庫成功創建lightinvi(428845649279188992)於光隱的表情符號存放區(1029978425550704640)的基本資料
[2023/12/08|21:11:35][INFO]:資料庫成功創建lightinvi(428845649279188992)於光隱的表情符號存放區(1029978425550704640)的基本資料
[2023/12/08|21:11:35][INFO]:資料庫成功創建lightinvi(428845649279188992)於光隱的表情符號存放區(1029978425550704640)的基本資料
[2023/12/08|21:11:36][INFO]:資料庫成功創建lightinvi(428845649279188992)於光隱的表情符號存放區(1029978425550704640)的基本資料
[2023/12/08|21:11:36][INFO]:資料庫成功創建lightinvi(428845649279188992)於光隱的表情符號存放區(1029978425550704640)的基本資料
[2023/12/08|21:11:36][INFO]:資料庫成功創建lightinvi(428845649279188992)於光隱的表情符號存放區(1029978425550704640)的基本資料
[2023/12/08|21:11:36][INFO]:資料庫成功創建lightinvi(428845649279188992)於光隱的表情符號存放區(1029978425550704640)的基本資料
[2023/12/08|21:11:36][INFO]:資料庫成功創建lightinvi(428845649279188992)於光隱的表情符號存放區(1029978425550704640)的基本資料
[2023/12/08|21:11:37][INFO]:資料庫成功創建lightinvi(428845649279188992)於光隱的表情符號存放區(1029978425550704640)的基本資料
[2023/12/08|21:11:37][INFO]:資料庫成功創建lightinvi(428845649279188992)於光隱的表情符號存放區(1029978425550704640)的基本資料
[2023/12/08|21:11:37][INFO]:資料庫成功創建lightinvi(428845649279188992)於光隱的表情符號存放區(1029978425550704640)的基本資料
[2023/12/08|21:11:37][INFO]:資料庫成功創建lightinvi(428845649279188992)於光隱的表情符號存放區(1029978425550704640)的基本資料
[2023/12/08|21:11:37][INFO]:資料庫成功創建lightinvi(428845649279188992)於光隱的表情符號存放區(1029978425550704640)的基本資料
[2023/12/08|21:11:38][INFO]:資料庫成功創建lightinvi(428845649279188992)於光隱的表情符號存放區(1029978425550704640)的基本資料
[2023/12/08|21:11:38][INFO]:資料庫成功創建lightinvi(428845649279188992)於光隱的表情符號存放區(1029978425550704640)的基本資料
[2023/12/08|21:11:38][INFO]:資料庫成功創建lightinvi(428845649279188992)於光隱的表情符號存放區(1029978425550704640)的基本資料
[2023/12/08|21:11:38][INFO]:資料庫成功創建lightinvi(428845649279188992)於光隱的表情符號存放區(1029978425550704640)的基本資料
[2023/12/08|21:11:38][INFO]:資料庫成功創建lightinvi(428845649279188992)於光隱的表情符號存放區(1029978425550704640)的基本資料
[2023/12/08|21:18:18][INFO]:擴充指令初始化完成
[2023/12/08|21:18:18][INFO]:logging in using static token
[2023/12/08|21:18:20][INFO]:Shard ID None has connected to Gateway (Session ID: f4e402bd4fbb82f832db5196fc0ad3f3).
[2023/12/08|21:18:24][INFO]:已載入6個斜線指令
['我', '其他人', '排行', 'me', 'other', 'ranking']
[2023/12/08|21:18:24][INFO]: >>夕由愛XitoAi已成功連線Discord<< 
[2023/12/08|21:18:30][INFO]:資料庫成功創建lightinvi(428845649279188992)於光隱的表情符號存放區(1029978425550704640)的基本資料
[2023/12/08|21:18:30][INFO]:資料庫成功創建lightinvi(428845649279188992)於光隱的表情符號存放區(1029978425550704640)的基本資料
[2023/12/08|21:18:30][INFO]:資料庫成功創建lightinvi(428845649279188992)於光隱的表情符號存放區(1029978425550704640)的基本資料
[2023/12/08|21:18:30][INFO]:資料庫成功創建lightinvi(428845649279188992)於光隱的表情符號存放區(1029978425550704640)的基本資料
[2023/12/08|21:18:30][INFO]:資料庫成功創建lightinvi(428845649279188992)於光隱的表情符號存放區(1029978425550704640)的基本資料
[2023/12/08|21:18:30][INFO]:資料庫成功創建lightinvi(428845649279188992)於光隱的表情符號存放區(1029978425550704640)的基本資料
[2023/12/08|21:18:31][INFO]:資料庫成功創建lightinvi(428845649279188992)於光隱的表情符號存放區(1029978425550704640)的基本資料
[2023/12/08|21:18:31][INFO]:資料庫成功創建lightinvi(428845649279188992)於光隱的表情符號存放區(1029978425550704640)的基本資料
[2023/12/08|21:18:31][INFO]:資料庫成功創建lightinvi(428845649279188992)於光隱的表情符號存放區(1029978425550704640)的基本資料
[2023/12/08|21:18:31][INFO]:資料庫成功創建lightinvi(428845649279188992)於光隱的表情符號存放區(1029978425550704640)的基本資料
[2023/12/08|21:18:31][INFO]:資料庫成功創建lightinvi(428845649279188992)於光隱的表情符號存放區(1029978425550704640)的基本資料
[2023/12/08|21:18:31][INFO]:資料庫成功創建lightinvi(428845649279188992)於光隱的表情符號存放區(1029978425550704640)的基本資料
[2023/12/08|21:18:32][INFO]:資料庫成功創建lightinvi(428845649279188992)於光隱的表情符號存放區(1029978425550704640)的基本資料
[2023/12/08|21:18:32][INFO]:資料庫成功創建lightinvi(428845649279188992)於光隱的表情符號存放區(1029978425550704640)的基本資料
[2023/12/08|21:18:32][INFO]:資料庫成功創建lightinvi(428845649279188992)於光隱的表情符號存放區(1029978425550704640)的基本資料
[2023/12/08|21:18:32][INFO]:資料庫成功創建lightinvi(428845649279188992)於光隱的表情符號存放區(1029978425550704640)的基本資料
[2023/12/08|21:18:32][INFO]:資料庫成功創建lightinvi(428845649279188992)於光隱的表情符號存放區(1029978425550704640)的基本資料
[2023/12/08|21:18:32][INFO]:資料庫成功創建lightinvi(428845649279188992)於光隱的表情符號存放區(1029978425550704640)的基本資料
[2023/12/08|21:18:32][INFO]:資料庫成功創建lightinvi(428845649279188992)於光隱的表情符號存放區(1029978425550704640)的基本資料
[2023/12/08|21:18:33][INFO]:資料庫成功創建lightinvi(428845649279188992)於光隱的表情符號存放區(1029978425550704640)的基本資料
[2023/12/08|21:18:33][INFO]:資料庫成功創建lightinvi(428845649279188992)於光隱的表情符號存放區(1029978425550704640)的基本資料
[2023/12/08|21:18:33][INFO]:資料庫成功創建lightinvi(428845649279188992)於光隱的表情符號存放區(1029978425550704640)的基本資料
[2023/12/08|21:18:33][INFO]:資料庫成功創建lightinvi(428845649279188992)於光隱的表情符號存放區(1029978425550704640)的基本資料
[2023/12/08|21:18:33][INFO]:資料庫成功創建lightinvi(428845649279188992)於光隱的表情符號存放區(1029978425550704640)的基本資料
[2023/12/08|21:18:33][INFO]:資料庫成功創建lightinvi(428845649279188992)於光隱的表情符號存放區(1029978425550704640)的基本資料
[2023/12/08|21:18:34][INFO]:資料庫成功創建lightinvi(428845649279188992)於光隱的表情符號存放區(1029978425550704640)的基本資料
[2023/12/08|21:18:34][INFO]:資料庫成功創建lightinvi(428845649279188992)於光隱的表情符號存放區(1029978425550704640)的基本資料
[2023/12/08|21:18:34][INFO]:資料庫成功創建lightinvi(428845649279188992)於光隱的表情符號存放區(1029978425550704640)的基本資料
[2023/12/08|21:18:34][INFO]:資料庫成功創建lightinvi(428845649279188992)於光隱的表情符號存放區(1029978425550704640)的基本資料
[2023/12/08|21:18:34][INFO]:資料庫成功創建lightinvi(428845649279188992)於光隱的表情符號存放區(1029978425550704640)的基本資料
[2023/12/08|21:18:34][INFO]:資料庫成功創建lightinvi(428845649279188992)於光隱的表情符號存放區(1029978425550704640)的基本資料
[2023/12/08|21:18:35][INFO]:資料庫成功創建lightinvi(428845649279188992)於光隱的表情符號存放區(1029978425550704640)的基本資料
[2023/12/08|21:18:35][INFO]:資料庫成功創建lightinvi(428845649279188992)於光隱的表情符號存放區(1029978425550704640)的基本資料
[2023/12/08|21:18:35][INFO]:資料庫成功創建lightinvi(428845649279188992)於光隱的表情符號存放區(1029978425550704640)的基本資料
[2023/12/08|21:18:35][INFO]:資料庫成功創建lightinvi(428845649279188992)於光隱的表情符號存放區(1029978425550704640)的基本資料
[2023/12/08|21:18:35][INFO]:資料庫成功創建lightinvi(428845649279188992)於光隱的表情符號存放區(1029978425550704640)的基本資料
[2023/12/08|21:18:35][INFO]:資料庫成功創建lightinvi(428845649279188992)於光隱的表情符號存放區(1029978425550704640)的基本資料
[2023/12/08|21:18:36][INFO]:資料庫成功創建lightinvi(428845649279188992)於光隱的表情符號存放區(1029978425550704640)的基本資料
[2023/12/08|21:18:36][INFO]:資料庫成功創建lightinvi(428845649279188992)於光隱的表情符號存放區(1029978425550704640)的基本資料
[2023/12/08|21:18:36][INFO]:資料庫成功創建lightinvi(428845649279188992)於光隱的表情符號存放區(1029978425550704640)的基本資料
[2023/12/08|21:18:36][INFO]:資料庫成功創建lightinvi(428845649279188992)於光隱的表情符號存放區(1029978425550704640)的基本資料
[2023/12/08|21:18:36][INFO]:資料庫成功創建lightinvi(428845649279188992)於光隱的表情符號存放區(1029978425550704640)的基本資料
[2023/12/08|21:18:36][INFO]:資料庫成功創建lightinvi(428845649279188992)於光隱的表情符號存放區(1029978425550704640)的基本資料
[2023/12/08|21:18:37][INFO]:資料庫成功創建lightinvi(428845649279188992)於光隱的表情符號存放區(1029978425550704640)的基本資料
[2023/12/08|21:18:37][INFO]:資料庫成功創建lightinvi(428845649279188992)於光隱的表情符號存放區(1029978425550704640)的基本資料
[2023/12/08|21:18:37][INFO]:資料庫成功創建lightinvi(428845649279188992)於光隱的表情符號存放區(1029978425550704640)的基本資料
[2023/12/08|21:18:37][INFO]:資料庫成功創建lightinvi(428845649279188992)於光隱的表情符號存放區(1029978425550704640)的基本資料
[2023/12/08|21:18:37][INFO]:資料庫成功創建lightinvi(428845649279188992)於光隱的表情符號存放區(1029978425550704640)的基本資料
[2023/12/08|21:18:38][INFO]:資料庫成功創建lightinvi(428845649279188992)於光隱的表情符號存放區(1029978425550704640)的基本資料
[2023/12/08|21:18:38][INFO]:資料庫成功創建lightinvi(428845649279188992)於光隱的表情符號存放區(1029978425550704640)的基本資料
[2023/12/08|21:18:38][INFO]:資料庫成功創建lightinvi(428845649279188992)於光隱的表情符號存放區(1029978425550704640)的基本資料
[2023/12/08|21:18:38][INFO]:資料庫成功創建lightinvi(428845649279188992)於光隱的表情符號存放區(1029978425550704640)的基本資料
[2023/12/08|21:18:38][INFO]:資料庫成功創建lightinvi(428845649279188992)於光隱的表情符號存放區(1029978425550704640)的基本資料
[2023/12/08|21:18:38][INFO]:資料庫成功創建lightinvi(428845649279188992)於光隱的表情符號存放區(1029978425550704640)的基本資料
[2023/12/08|21:18:39][INFO]:資料庫成功創建lightinvi(428845649279188992)於光隱的表情符號存放區(1029978425550704640)的基本資料
[2023/12/08|21:18:39][INFO]:資料庫成功創建lightinvi(428845649279188992)於光隱的表情符號存放區(1029978425550704640)的基本資料
[2023/12/08|21:18:39][INFO]:資料庫成功創建lightinvi(428845649279188992)於光隱的表情符號存放區(1029978425550704640)的基本資料
[2023/12/08|21:20:14][INFO]:擴充指令初始化完成
[2023/12/08|21:20:14][INFO]:logging in using static token
[2023/12/08|21:20:16][INFO]:Shard ID None has connected to Gateway (Session ID: 883d9ea2ebc73ff83fc1d7db115a4f13).
[2023/12/08|21:20:18][INFO]:已載入6個斜線指令
['我', '其他人', '排行', 'me', 'other', 'ranking']
[2023/12/08|21:20:18][INFO]: >>夕由愛XitoAi已成功連線Discord<< 
[2023/12/08|21:20:21][INFO]:資料庫成功創建lightinvi(428845649279188992)於光隱的表情符號存放區(1029978425550704640)的基本資料
[2023/12/08|21:20:21][INFO]:資料庫成功創建lightinvi(428845649279188992)於光隱的表情符號存放區(1029978425550704640)的基本資料
[2023/12/08|21:20:21][INFO]:資料庫成功創建lightinvi(428845649279188992)於光隱的表情符號存放區(1029978425550704640)的基本資料
[2023/12/08|21:20:21][INFO]:資料庫成功創建lightinvi(428845649279188992)於光隱的表情符號存放區(1029978425550704640)的基本資料
[2023/12/08|21:20:21][INFO]:資料庫成功創建lightinvi(428845649279188992)於光隱的表情符號存放區(1029978425550704640)的基本資料
[2023/12/08|21:20:22][INFO]:資料庫成功創建lightinvi(428845649279188992)於光隱的表情符號存放區(1029978425550704640)的基本資料
[2023/12/08|21:20:22][INFO]:資料庫成功創建lightinvi(428845649279188992)於光隱的表情符號存放區(1029978425550704640)的基本資料
[2023/12/08|21:20:22][INFO]:資料庫成功創建lightinvi(428845649279188992)於光隱的表情符號存放區(1029978425550704640)的基本資料
[2023/12/08|21:20:22][INFO]:資料庫成功創建lightinvi(428845649279188992)於光隱的表情符號存放區(1029978425550704640)的基本資料
[2023/12/08|21:20:22][INFO]:資料庫成功創建lightinvi(428845649279188992)於光隱的表情符號存放區(1029978425550704640)的基本資料
[2023/12/08|21:20:22][INFO]:資料庫成功創建lightinvi(428845649279188992)於光隱的表情符號存放區(1029978425550704640)的基本資料
[2023/12/08|21:20:23][INFO]:資料庫成功創建lightinvi(428845649279188992)於光隱的表情符號存放區(1029978425550704640)的基本資料
[2023/12/08|21:20:23][INFO]:資料庫成功創建lightinvi(428845649279188992)於光隱的表情符號存放區(1029978425550704640)的基本資料
[2023/12/08|21:20:23][INFO]:資料庫成功創建lightinvi(428845649279188992)於光隱的表情符號存放區(1029978425550704640)的基本資料
[2023/12/08|21:20:23][INFO]:資料庫成功創建lightinvi(428845649279188992)於光隱的表情符號存放區(1029978425550704640)的基本資料
[2023/12/08|21:20:23][INFO]:資料庫成功創建lightinvi(428845649279188992)於光隱的表情符號存放區(1029978425550704640)的基本資料
[2023/12/08|21:20:23][INFO]:資料庫成功創建lightinvi(428845649279188992)於光隱的表情符號存放區(1029978425550704640)的基本資料
[2023/12/08|21:20:23][INFO]:資料庫成功創建lightinvi(428845649279188992)於光隱的表情符號存放區(1029978425550704640)的基本資料
[2023/12/08|21:20:24][INFO]:資料庫成功創建lightinvi(428845649279188992)於光隱的表情符號存放區(1029978425550704640)的基本資料
[2023/12/08|21:20:24][INFO]:資料庫成功創建lightinvi(428845649279188992)於光隱的表情符號存放區(1029978425550704640)的基本資料
[2023/12/08|21:20:24][INFO]:資料庫成功創建lightinvi(428845649279188992)於光隱的表情符號存放區(1029978425550704640)的基本資料
[2023/12/08|21:20:24][INFO]:資料庫成功創建lightinvi(428845649279188992)於光隱的表情符號存放區(1029978425550704640)的基本資料
[2023/12/08|21:20:24][INFO]:資料庫成功創建lightinvi(428845649279188992)於光隱的表情符號存放區(1029978425550704640)的基本資料
[2023/12/08|21:20:24][INFO]:資料庫成功創建lightinvi(428845649279188992)於光隱的表情符號存放區(1029978425550704640)的基本資料
[2023/12/08|21:20:25][INFO]:資料庫成功創建lightinvi(428845649279188992)於光隱的表情符號存放區(1029978425550704640)的基本資料
[2023/12/08|21:20:25][INFO]:資料庫成功創建lightinvi(428845649279188992)於光隱的表情符號存放區(1029978425550704640)的基本資料
[2023/12/08|21:20:25][INFO]:資料庫成功創建lightinvi(428845649279188992)於光隱的表情符號存放區(1029978425550704640)的基本資料
[2023/12/08|21:20:25][INFO]:資料庫成功創建lightinvi(428845649279188992)於光隱的表情符號存放區(1029978425550704640)的基本資料
[2023/12/08|21:20:25][INFO]:資料庫成功創建lightinvi(428845649279188992)於光隱的表情符號存放區(1029978425550704640)的基本資料
[2023/12/08|21:20:25][INFO]:資料庫成功創建lightinvi(428845649279188992)於光隱的表情符號存放區(1029978425550704640)的基本資料
[2023/12/08|21:20:26][INFO]:資料庫成功創建lightinvi(428845649279188992)於光隱的表情符號存放區(1029978425550704640)的基本資料
[2023/12/08|21:20:26][INFO]:資料庫成功創建lightinvi(428845649279188992)於光隱的表情符號存放區(1029978425550704640)的基本資料
[2023/12/08|21:20:26][INFO]:資料庫成功創建lightinvi(428845649279188992)於光隱的表情符號存放區(1029978425550704640)的基本資料
[2023/12/08|21:20:26][INFO]:資料庫成功創建lightinvi(428845649279188992)於光隱的表情符號存放區(1029978425550704640)的基本資料
[2023/12/08|21:20:26][INFO]:資料庫成功創建lightinvi(428845649279188992)於光隱的表情符號存放區(1029978425550704640)的基本資料
[2023/12/08|21:20:26][INFO]:資料庫成功創建lightinvi(428845649279188992)於光隱的表情符號存放區(1029978425550704640)的基本資料
[2023/12/08|21:20:27][INFO]:資料庫成功創建lightinvi(428845649279188992)於光隱的表情符號存放區(1029978425550704640)的基本資料
[2023/12/08|21:20:27][INFO]:資料庫成功創建lightinvi(428845649279188992)於光隱的表情符號存放區(1029978425550704640)的基本資料
[2023/12/08|21:20:27][INFO]:資料庫成功創建lightinvi(428845649279188992)於光隱的表情符號存放區(1029978425550704640)的基本資料
[2023/12/08|21:20:27][INFO]:資料庫成功創建lightinvi(428845649279188992)於光隱的表情符號存放區(1029978425550704640)的基本資料
[2023/12/08|21:20:27][INFO]:資料庫成功創建lightinvi(428845649279188992)於光隱的表情符號存放區(1029978425550704640)的基本資料
[2023/12/08|21:20:28][INFO]:資料庫成功創建lightinvi(428845649279188992)於光隱的表情符號存放區(1029978425550704640)的基本資料
[2023/12/08|21:20:28][INFO]:資料庫成功創建lightinvi(428845649279188992)於光隱的表情符號存放區(1029978425550704640)的基本資料
[2023/12/08|21:20:28][INFO]:資料庫成功創建lightinvi(428845649279188992)於光隱的表情符號存放區(1029978425550704640)的基本資料
[2023/12/08|21:20:28][INFO]:資料庫成功創建lightinvi(428845649279188992)於光隱的表情符號存放區(1029978425550704640)的基本資料
[2023/12/08|21:20:28][INFO]:資料庫成功創建lightinvi(428845649279188992)於光隱的表情符號存放區(1029978425550704640)的基本資料
[2023/12/08|21:20:29][INFO]:資料庫成功創建lightinvi(428845649279188992)於光隱的表情符號存放區(1029978425550704640)的基本資料
[2023/12/08|21:20:29][INFO]:資料庫成功創建lightinvi(428845649279188992)於光隱的表情符號存放區(1029978425550704640)的基本資料
[2023/12/08|21:20:29][INFO]:資料庫成功創建lightinvi(428845649279188992)於光隱的表情符號存放區(1029978425550704640)的基本資料
[2023/12/08|21:20:29][INFO]:資料庫成功創建lightinvi(428845649279188992)於光隱的表情符號存放區(1029978425550704640)的基本資料
[2023/12/08|21:20:29][INFO]:資料庫成功創建lightinvi(428845649279188992)於光隱的表情符號存放區(1029978425550704640)的基本資料
[2023/12/08|21:20:30][INFO]:資料庫成功創建lightinvi(428845649279188992)於光隱的表情符號存放區(1029978425550704640)的基本資料
[2023/12/08|21:20:30][INFO]:資料庫成功創建lightinvi(428845649279188992)於光隱的表情符號存放區(1029978425550704640)的基本資料
[2023/12/08|21:20:30][INFO]:資料庫成功創建lightinvi(428845649279188992)於光隱的表情符號存放區(1029978425550704640)的基本資料
[2023/12/08|21:20:30][INFO]:資料庫成功創建lightinvi(428845649279188992)於光隱的表情符號存放區(1029978425550704640)的基本資料
[2023/12/08|21:20:30][INFO]:資料庫成功創建lightinvi(428845649279188992)於光隱的表情符號存放區(1029978425550704640)的基本資料
[2023/12/08|21:20:58][INFO]:擴充指令初始化完成
[2023/12/08|21:20:58][INFO]:logging in using static token
[2023/12/08|21:20:59][INFO]:Shard ID None has connected to Gateway (Session ID: c0a7745925cd80fccbfab7126d9bdb8f).
[2023/12/08|21:21:02][INFO]:已載入6個斜線指令
['我', '其他人', '排行', 'me', 'other', 'ranking']
[2023/12/08|21:21:02][INFO]: >>夕由愛XitoAi已成功連線Discord<< 
[2023/12/08|21:21:05][ERROR]:Task exception was never retrieved
future: <Task finished name='CommandTree-invoker' coro=<CommandTree._from_interaction.<locals>.wrapper() done, defined at C:\Users\光隱\AppData\Roaming\Python\Python312\site-packages\discord\app_commands\tree.py:1087> exception=SystemExit(None)>
Traceback (most recent call last):
  File "c:\Users\光隱\Desktop\code\Discord_XitoAi\XitoAi.py", line 89, in <module>
    XitoAi.run(token)
  File "C:\Users\光隱\AppData\Roaming\Python\Python312\site-packages\discord\client.py", line 860, in run
    asyncio.run(runner())
  File "C:\Program Files\Python312\Lib\asyncio\runners.py", line 194, in run
    return runner.run(main)
           ^^^^^^^^^^^^^^^^
  File "C:\Program Files\Python312\Lib\asyncio\runners.py", line 118, in run
    return self._loop.run_until_complete(task)
           ^^^^^^^^^^^^^^^^^^^^^^^^^^^^^^^^^^^
  File "C:\Program Files\Python312\Lib\asyncio\base_events.py", line 651, in run_until_complete
    self.run_forever()
  File "C:\Program Files\Python312\Lib\asyncio\windows_events.py", line 321, in run_forever
    super().run_forever()
  File "C:\Program Files\Python312\Lib\asyncio\base_events.py", line 618, in run_forever
    self._run_once()
  File "C:\Program Files\Python312\Lib\asyncio\base_events.py", line 1951, in _run_once
    handle._run()
  File "C:\Program Files\Python312\Lib\asyncio\events.py", line 84, in _run
    self._context.run(self._callback, *self._args)
  File "C:\Users\光隱\AppData\Roaming\Python\Python312\site-packages\discord\app_commands\tree.py", line 1089, in wrapper
    await self._call(interaction)
  File "C:\Users\光隱\AppData\Roaming\Python\Python312\site-packages\discord\app_commands\tree.py", line 1248, in _call
    await command._invoke_with_namespace(interaction, namespace)
  File "C:\Users\光隱\AppData\Roaming\Python\Python312\site-packages\discord\app_commands\commands.py", line 853, in _invoke_with_namespace
    return await self._do_call(interaction, transformed_values)
           ^^^^^^^^^^^^^^^^^^^^^^^^^^^^^^^^^^^^^^^^^^^^^^^^^^^^
  File "C:\Users\光隱\AppData\Roaming\Python\Python312\site-packages\discord\app_commands\commands.py", line 827, in _do_call
    return await self._callback(self.binding, interaction, **params)  # type: ignore
           ^^^^^^^^^^^^^^^^^^^^^^^^^^^^^^^^^^^^^^^^^^^^^^^^^^^^^^^^^
  File "c:\Users\光隱\Desktop\code\Discord_XitoAi\src\commands\profile.py", line 175, in view_self_profile
    member_profile = await super().view_self_profile(interaction)
                     ^^^^^^^^^^^^^^^^^^^^^^^^^^^^^^^^^^^^^^^^^^^^
  File "c:\Users\光隱\Desktop\code\Discord_XitoAi\src\commands\profile.py", line 20, in view_self_profile
    database_id = await ProfileMethod.get_database_id(
                  ^^^^^^^^^^^^^^^^^^^^^^^^^^^^^^^^^^^^
  File "c:\Users\光隱\Desktop\code\Discord_XitoAi\src\methods\OAM_profile.py", line 147, in get_database_id
    await ProfileObject.create(
  File "c:\Users\光隱\Desktop\code\Discord_XitoAi\src\methods\OAM_profile.py", line 288, in create
    exit()
  File "<frozen _sitebuiltins>", line 26, in __call__
SystemExit: None
[2023/12/08|21:22:56][INFO]:擴充指令初始化完成
[2023/12/08|21:22:56][INFO]:logging in using static token
[2023/12/08|21:22:57][INFO]:Shard ID None has connected to Gateway (Session ID: 7ade8c3c5f283ca1d81708c632442a77).
[2023/12/08|21:22:59][INFO]:已載入6個斜線指令
['我', '其他人', '排行', 'me', 'other', 'ranking']
[2023/12/08|21:22:59][INFO]: >>夕由愛XitoAi已成功連線Discord<< 
[2023/12/08|21:23:02][ERROR]:Task exception was never retrieved
future: <Task finished name='CommandTree-invoker' coro=<CommandTree._from_interaction.<locals>.wrapper() done, defined at C:\Users\光隱\AppData\Roaming\Python\Python312\site-packages\discord\app_commands\tree.py:1087> exception=SystemExit(None)>
Traceback (most recent call last):
  File "c:\Users\光隱\Desktop\code\Discord_XitoAi\XitoAi.py", line 89, in <module>
    XitoAi.run(token)
  File "C:\Users\光隱\AppData\Roaming\Python\Python312\site-packages\discord\client.py", line 860, in run
    asyncio.run(runner())
  File "C:\Program Files\Python312\Lib\asyncio\runners.py", line 194, in run
    return runner.run(main)
           ^^^^^^^^^^^^^^^^
  File "C:\Program Files\Python312\Lib\asyncio\runners.py", line 118, in run
    return self._loop.run_until_complete(task)
           ^^^^^^^^^^^^^^^^^^^^^^^^^^^^^^^^^^^
  File "C:\Program Files\Python312\Lib\asyncio\base_events.py", line 651, in run_until_complete
    self.run_forever()
  File "C:\Program Files\Python312\Lib\asyncio\windows_events.py", line 321, in run_forever
    super().run_forever()
  File "C:\Program Files\Python312\Lib\asyncio\base_events.py", line 618, in run_forever
    self._run_once()
  File "C:\Program Files\Python312\Lib\asyncio\base_events.py", line 1951, in _run_once
    handle._run()
  File "C:\Program Files\Python312\Lib\asyncio\events.py", line 84, in _run
    self._context.run(self._callback, *self._args)
  File "C:\Users\光隱\AppData\Roaming\Python\Python312\site-packages\discord\app_commands\tree.py", line 1089, in wrapper
    await self._call(interaction)
  File "C:\Users\光隱\AppData\Roaming\Python\Python312\site-packages\discord\app_commands\tree.py", line 1248, in _call
    await command._invoke_with_namespace(interaction, namespace)
  File "C:\Users\光隱\AppData\Roaming\Python\Python312\site-packages\discord\app_commands\commands.py", line 853, in _invoke_with_namespace
    return await self._do_call(interaction, transformed_values)
           ^^^^^^^^^^^^^^^^^^^^^^^^^^^^^^^^^^^^^^^^^^^^^^^^^^^^
  File "C:\Users\光隱\AppData\Roaming\Python\Python312\site-packages\discord\app_commands\commands.py", line 827, in _do_call
    return await self._callback(self.binding, interaction, **params)  # type: ignore
           ^^^^^^^^^^^^^^^^^^^^^^^^^^^^^^^^^^^^^^^^^^^^^^^^^^^^^^^^^
  File "c:\Users\光隱\Desktop\code\Discord_XitoAi\src\commands\profile.py", line 175, in view_self_profile
    member_profile = await super().view_self_profile(interaction)
                     ^^^^^^^^^^^^^^^^^^^^^^^^^^^^^^^^^^^^^^^^^^^^
  File "c:\Users\光隱\Desktop\code\Discord_XitoAi\src\commands\profile.py", line 20, in view_self_profile
    database_id = await ProfileMethod.get_database_id(
                  ^^^^^^^^^^^^^^^^^^^^^^^^^^^^^^^^^^^^
  File "c:\Users\光隱\Desktop\code\Discord_XitoAi\src\methods\OAM_profile.py", line 147, in get_database_id
    await ProfileObject.create(
  File "c:\Users\光隱\Desktop\code\Discord_XitoAi\src\methods\OAM_profile.py", line 305, in create
    exit()
  File "<frozen _sitebuiltins>", line 26, in __call__
SystemExit: None
[2023/12/08|21:28:19][INFO]:擴充指令初始化完成
[2023/12/08|21:28:19][INFO]:logging in using static token
[2023/12/08|21:28:20][INFO]:Shard ID None has connected to Gateway (Session ID: f0f7c3e54f0472540aa272d8019c73db).
[2023/12/08|21:28:23][INFO]:已載入6個斜線指令
['我', '其他人', '排行', 'me', 'other', 'ranking']
[2023/12/08|21:28:23][INFO]: >>夕由愛XitoAi已成功連線Discord<< 
[2023/12/08|21:28:38][ERROR]:Task exception was never retrieved
future: <Task finished name='CommandTree-invoker' coro=<CommandTree._from_interaction.<locals>.wrapper() done, defined at C:\Users\光隱\AppData\Roaming\Python\Python312\site-packages\discord\app_commands\tree.py:1087> exception=SystemExit(None)>
Traceback (most recent call last):
  File "c:\Users\光隱\Desktop\code\Discord_XitoAi\XitoAi.py", line 89, in <module>
    XitoAi.run(token)
  File "C:\Users\光隱\AppData\Roaming\Python\Python312\site-packages\discord\client.py", line 860, in run
    asyncio.run(runner())
  File "C:\Program Files\Python312\Lib\asyncio\runners.py", line 194, in run
    return runner.run(main)
           ^^^^^^^^^^^^^^^^
  File "C:\Program Files\Python312\Lib\asyncio\runners.py", line 118, in run
    return self._loop.run_until_complete(task)
           ^^^^^^^^^^^^^^^^^^^^^^^^^^^^^^^^^^^
  File "C:\Program Files\Python312\Lib\asyncio\base_events.py", line 651, in run_until_complete
    self.run_forever()
  File "C:\Program Files\Python312\Lib\asyncio\windows_events.py", line 321, in run_forever
    super().run_forever()
  File "C:\Program Files\Python312\Lib\asyncio\base_events.py", line 618, in run_forever
    self._run_once()
  File "C:\Program Files\Python312\Lib\asyncio\base_events.py", line 1951, in _run_once
    handle._run()
  File "C:\Program Files\Python312\Lib\asyncio\events.py", line 84, in _run
    self._context.run(self._callback, *self._args)
  File "C:\Users\光隱\AppData\Roaming\Python\Python312\site-packages\discord\app_commands\tree.py", line 1089, in wrapper
    await self._call(interaction)
  File "C:\Users\光隱\AppData\Roaming\Python\Python312\site-packages\discord\app_commands\tree.py", line 1248, in _call
    await command._invoke_with_namespace(interaction, namespace)
  File "C:\Users\光隱\AppData\Roaming\Python\Python312\site-packages\discord\app_commands\commands.py", line 853, in _invoke_with_namespace
    return await self._do_call(interaction, transformed_values)
           ^^^^^^^^^^^^^^^^^^^^^^^^^^^^^^^^^^^^^^^^^^^^^^^^^^^^
  File "C:\Users\光隱\AppData\Roaming\Python\Python312\site-packages\discord\app_commands\commands.py", line 827, in _do_call
    return await self._callback(self.binding, interaction, **params)  # type: ignore
           ^^^^^^^^^^^^^^^^^^^^^^^^^^^^^^^^^^^^^^^^^^^^^^^^^^^^^^^^^
  File "c:\Users\光隱\Desktop\code\Discord_XitoAi\src\commands\profile.py", line 175, in view_self_profile
    member_profile = await super().view_self_profile(interaction)
                     ^^^^^^^^^^^^^^^^^^^^^^^^^^^^^^^^^^^^^^^^^^^^
  File "c:\Users\光隱\Desktop\code\Discord_XitoAi\src\commands\profile.py", line 20, in view_self_profile
    database_id = await ProfileMethod.get_database_id(
                  ^^^^^^^^^^^^^^^^^^^^^^^^^^^^^^^^^^^^
  File "c:\Users\光隱\Desktop\code\Discord_XitoAi\src\methods\OAM_profile.py", line 147, in get_database_id
    await ProfileObject.create(
  File "c:\Users\光隱\Desktop\code\Discord_XitoAi\src\methods\OAM_profile.py", line 290, in create
    exit()
  File "<frozen _sitebuiltins>", line 26, in __call__
SystemExit: None
[2023/12/08|21:43:33][INFO]:擴充指令初始化完成
[2023/12/08|21:43:33][INFO]:logging in using static token
[2023/12/08|21:43:34][INFO]:Shard ID None has connected to Gateway (Session ID: 2a48e27d51f0e3fe672807e465321a9c).
[2023/12/08|21:43:37][INFO]:已載入6個斜線指令
['我', '其他人', '排行', 'me', 'other', 'ranking']
[2023/12/08|21:43:37][INFO]: >>夕由愛XitoAi已成功連線Discord<< 
[2023/12/08|21:43:48][ERROR]:Ignoring exception in command 'me'
Traceback (most recent call last):
  File "C:\Users\光隱\AppData\Roaming\Python\Python312\site-packages\discord\app_commands\commands.py", line 827, in _do_call
    return await self._callback(self.binding, interaction, **params)  # type: ignore
           ^^^^^^^^^^^^^^^^^^^^^^^^^^^^^^^^^^^^^^^^^^^^^^^^^^^^^^^^^
  File "c:\Users\光隱\Desktop\code\Discord_XitoAi\src\commands\profile.py", line 178, in view_self_profile
    description=F"Star level:{member_profile.level}\n"\
                              ^^^^^^^^^^^^^^^^^^^^
AttributeError: 'coroutine' object has no attribute 'level'

The above exception was the direct cause of the following exception:

Traceback (most recent call last):
  File "C:\Users\光隱\AppData\Roaming\Python\Python312\site-packages\discord\app_commands\tree.py", line 1248, in _call
    await command._invoke_with_namespace(interaction, namespace)
  File "C:\Users\光隱\AppData\Roaming\Python\Python312\site-packages\discord\app_commands\commands.py", line 853, in _invoke_with_namespace
    return await self._do_call(interaction, transformed_values)
           ^^^^^^^^^^^^^^^^^^^^^^^^^^^^^^^^^^^^^^^^^^^^^^^^^^^^
  File "C:\Users\光隱\AppData\Roaming\Python\Python312\site-packages\discord\app_commands\commands.py", line 846, in _do_call
    raise CommandInvokeError(self, e) from e
discord.app_commands.errors.CommandInvokeError: Command 'me' raised an exception: AttributeError: 'coroutine' object has no attribute 'level'
[2023/12/08|21:44:40][INFO]:擴充指令初始化完成
[2023/12/08|21:44:40][INFO]:logging in using static token
[2023/12/08|21:44:42][INFO]:Shard ID None has connected to Gateway (Session ID: 9a5fa55d3150a2d3f4ed3cbe30524f29).
[2023/12/08|21:44:44][INFO]:已載入6個斜線指令
['我', '其他人', '排行', 'me', 'other', 'ranking']
[2023/12/08|21:44:44][INFO]: >>夕由愛XitoAi已成功連線Discord<< 
[2023/12/08|21:45:02][ERROR]:Ignoring exception in command 'me'
Traceback (most recent call last):
  File "C:\Users\光隱\AppData\Roaming\Python\Python312\site-packages\discord\app_commands\commands.py", line 827, in _do_call
    return await self._callback(self.binding, interaction, **params)  # type: ignore
           ^^^^^^^^^^^^^^^^^^^^^^^^^^^^^^^^^^^^^^^^^^^^^^^^^^^^^^^^^
  File "c:\Users\光隱\Desktop\code\Discord_XitoAi\src\commands\profile.py", line 178, in view_self_profile
    description=F"Star level:{member_profile.level}\n"\
                              ^^^^^^^^^^^^^^^^^^^^
AttributeError: 'coroutine' object has no attribute 'level'

The above exception was the direct cause of the following exception:

Traceback (most recent call last):
  File "C:\Users\光隱\AppData\Roaming\Python\Python312\site-packages\discord\app_commands\tree.py", line 1248, in _call
    await command._invoke_with_namespace(interaction, namespace)
  File "C:\Users\光隱\AppData\Roaming\Python\Python312\site-packages\discord\app_commands\commands.py", line 853, in _invoke_with_namespace
    return await self._do_call(interaction, transformed_values)
           ^^^^^^^^^^^^^^^^^^^^^^^^^^^^^^^^^^^^^^^^^^^^^^^^^^^^
  File "C:\Users\光隱\AppData\Roaming\Python\Python312\site-packages\discord\app_commands\commands.py", line 846, in _do_call
    raise CommandInvokeError(self, e) from e
discord.app_commands.errors.CommandInvokeError: Command 'me' raised an exception: AttributeError: 'coroutine' object has no attribute 'level'
[2023/12/08|21:45:58][INFO]:擴充指令初始化完成
[2023/12/08|21:45:58][INFO]:logging in using static token
[2023/12/08|21:45:59][INFO]:Shard ID None has connected to Gateway (Session ID: e9f581cbb858cd340daae8ba6b371f86).
[2023/12/08|21:46:02][INFO]:已載入6個斜線指令
['我', '其他人', '排行', 'me', 'other', 'ranking']
[2023/12/08|21:46:02][INFO]: >>夕由愛XitoAi已成功連線Discord<< 
[2023/12/08|21:47:44][INFO]:擴充指令初始化完成
[2023/12/08|21:47:44][INFO]:logging in using static token
[2023/12/08|21:47:46][INFO]:Shard ID None has connected to Gateway (Session ID: cce4a1af4ed0a9ecb736d86e998f813a).
[2023/12/08|21:47:48][INFO]:已載入6個斜線指令
['我', '其他人', '排行', 'me', 'other', 'ranking']
[2023/12/08|21:47:48][INFO]: >>夕由愛XitoAi已成功連線Discord<< 
[2023/12/08|21:48:07][INFO]:資料庫成功創建lightinvi(428845649279188992)於光隱的表情符號存放區(1029978425550704640)的基本資料
[2023/12/08|21:48:07][INFO]:lightinvi查詢自己的個人資料公會->光隱的表情符號存放區
[2023/12/08|21:51:27][INFO]:擴充指令初始化完成
[2023/12/08|21:51:27][INFO]:logging in using static token
[2023/12/08|21:51:28][INFO]:Shard ID None has connected to Gateway (Session ID: f10bbc8dbc4be719dd2d435e33245a4d).
[2023/12/08|21:51:30][INFO]:已載入6個斜線指令
['我', '其他人', '排行', 'me', 'other', 'ranking']
[2023/12/08|21:51:30][INFO]: >>夕由愛XitoAi已成功連線Discord<< 
[2023/12/08|21:51:36][INFO]:lightinvi查詢自己的個人資料公會->光隱的表情符號存放區
[2023/12/08|21:52:14][INFO]:lightinvi查詢自己的個人資料公會->光隱的表情符號存放區
[2023/12/08|21:53:40][INFO]:擴充指令初始化完成
[2023/12/08|21:53:40][INFO]:logging in using static token
[2023/12/08|21:53:41][INFO]:Shard ID None has connected to Gateway (Session ID: 7d85ea236acea63731a1613fc98f91f7).
[2023/12/08|21:53:44][INFO]:已載入6個斜線指令
['我', '其他人', '排行', 'me', 'other', 'ranking']
[2023/12/08|21:53:44][INFO]: >>夕由愛XitoAi已成功連線Discord<< 
[2023/12/08|21:53:49][INFO]:lightinvi查詢自己的個人資料公會->光隱的表情符號存放區
[2023/12/08|21:54:19][INFO]:擴充指令初始化完成
[2023/12/08|21:54:19][INFO]:logging in using static token
[2023/12/08|21:54:20][INFO]:Shard ID None has connected to Gateway (Session ID: 3a4d7c5420b8a37d1ba96e8e9b750cee).
[2023/12/08|21:54:23][INFO]:已載入6個斜線指令
['我', '其他人', '排行', 'me', 'other', 'ranking']
[2023/12/08|21:54:23][INFO]: >>夕由愛XitoAi已成功連線Discord<< 
[2023/12/08|21:54:26][INFO]:lightinvi查詢自己的個人資料公會->光隱的表情符號存放區
[2023/12/08|21:55:12][INFO]:擴充指令初始化完成
[2023/12/08|21:55:12][INFO]:logging in using static token
[2023/12/08|21:55:14][INFO]:Shard ID None has connected to Gateway (Session ID: b05e09e39252879c551111a6733f9679).
[2023/12/08|21:55:16][INFO]:已載入6個斜線指令
['我', '其他人', '排行', 'me', 'other', 'ranking']
[2023/12/08|21:55:16][INFO]: >>夕由愛XitoAi已成功連線Discord<< 
[2023/12/08|21:55:18][INFO]:lightinvi查詢自己的個人資料公會->光隱的表情符號存放區
[2023/12/08|21:59:27][INFO]:擴充指令初始化完成
[2023/12/08|21:59:27][INFO]:logging in using static token
[2023/12/08|21:59:28][INFO]:Shard ID None has connected to Gateway (Session ID: 5db4405954004a97f222af92d0e4f13e).
[2023/12/08|21:59:30][INFO]:已載入6個斜線指令
['我', '其他人', '排行', 'me', 'other', 'ranking']
[2023/12/08|21:59:30][INFO]: >>夕由愛XitoAi已成功連線Discord<< 
[2023/12/08|21:59:35][INFO]:lightinvi查詢自己的個人資料公會->光隱的表情符號存放區
[2023/12/08|22:05:24][INFO]:擴充指令初始化完成
[2023/12/08|22:05:24][INFO]:logging in using static token
[2023/12/08|22:05:25][INFO]:Shard ID None has connected to Gateway (Session ID: d7105dafc3d48ad92a4099b89091817b).
[2023/12/08|22:05:28][INFO]:已載入6個斜線指令
['我', '其他人', '排行', 'me', 'other', 'ranking']
[2023/12/08|22:05:28][INFO]: >>夕由愛XitoAi已成功連線Discord<< 
[2023/12/08|22:05:30][ERROR]:Ignoring exception in command 'me'
Traceback (most recent call last):
  File "C:\Users\光隱\AppData\Roaming\Python\Python312\site-packages\discord\app_commands\commands.py", line 827, in _do_call
    return await self._callback(self.binding, interaction, **params)  # type: ignore
           ^^^^^^^^^^^^^^^^^^^^^^^^^^^^^^^^^^^^^^^^^^^^^^^^^^^^^^^^^
  File "c:\Users\光隱\Desktop\code\Discord_XitoAi\src\commands\profile.py", line 175, in view_self_profile
    member_profile = await super().view_self_profile(interaction)
                     ^^^^^^^^^^^^^^^^^^^^^^^^^^^^^^^^^^^^^^^^^^^^
  File "c:\Users\光隱\Desktop\code\Discord_XitoAi\src\commands\profile.py", line 27, in view_self_profile
    member_profile = ProfileObject(database_id)
                     ^^^^^^^^^^^^^^^^^^^^^^^^^^
  File "c:\Users\光隱\Desktop\code\Discord_XitoAi\src\methods\OAM_profile.py", line 229, in __init__
    self.level = result['starLevel'].values[0]
                 ~~~~~~^^^^^^^^^^^^^
TypeError: string indices must be integers, not 'str'

The above exception was the direct cause of the following exception:

Traceback (most recent call last):
  File "C:\Users\光隱\AppData\Roaming\Python\Python312\site-packages\discord\app_commands\tree.py", line 1248, in _call
    await command._invoke_with_namespace(interaction, namespace)
  File "C:\Users\光隱\AppData\Roaming\Python\Python312\site-packages\discord\app_commands\commands.py", line 853, in _invoke_with_namespace
    return await self._do_call(interaction, transformed_values)
           ^^^^^^^^^^^^^^^^^^^^^^^^^^^^^^^^^^^^^^^^^^^^^^^^^^^^
  File "C:\Users\光隱\AppData\Roaming\Python\Python312\site-packages\discord\app_commands\commands.py", line 842, in _do_call
    raise CommandInvokeError(self, e) from e
discord.app_commands.errors.CommandInvokeError: Command 'me' raised an exception: TypeError: string indices must be integers, not 'str'
[2023/12/08|22:06:55][INFO]:擴充指令初始化完成
[2023/12/08|22:06:55][INFO]:logging in using static token
[2023/12/08|22:06:56][INFO]:Shard ID None has connected to Gateway (Session ID: baaa730c7eec2addc8d66612ebb6b08a).
[2023/12/08|22:06:59][INFO]:已載入6個斜線指令
['我', '其他人', '排行', 'me', 'other', 'ranking']
[2023/12/08|22:06:59][INFO]: >>夕由愛XitoAi已成功連線Discord<< 
[2023/12/08|22:07:30][ERROR]:Ignoring exception in command 'me'
Traceback (most recent call last):
  File "C:\Users\光隱\AppData\Roaming\Python\Python312\site-packages\discord\app_commands\commands.py", line 827, in _do_call
    return await self._callback(self.binding, interaction, **params)  # type: ignore
           ^^^^^^^^^^^^^^^^^^^^^^^^^^^^^^^^^^^^^^^^^^^^^^^^^^^^^^^^^
  File "c:\Users\光隱\Desktop\code\Discord_XitoAi\src\commands\profile.py", line 175, in view_self_profile
    member_profile = await super().view_self_profile(interaction)
                     ^^^^^^^^^^^^^^^^^^^^^^^^^^^^^^^^^^^^^^^^^^^^
  File "c:\Users\光隱\Desktop\code\Discord_XitoAi\src\commands\profile.py", line 27, in view_self_profile
    member_profile = ProfileObject(database_id)
                     ^^^^^^^^^^^^^^^^^^^^^^^^^^
  File "c:\Users\光隱\Desktop\code\Discord_XitoAi\src\methods\OAM_profile.py", line 229, in __init__
    self.level = str(result['starLevel'].values[0])
                     ~~~~~~^^^^^^^^^^^^^
TypeError: string indices must be integers, not 'str'

The above exception was the direct cause of the following exception:

Traceback (most recent call last):
  File "C:\Users\光隱\AppData\Roaming\Python\Python312\site-packages\discord\app_commands\tree.py", line 1248, in _call
    await command._invoke_with_namespace(interaction, namespace)
  File "C:\Users\光隱\AppData\Roaming\Python\Python312\site-packages\discord\app_commands\commands.py", line 853, in _invoke_with_namespace
    return await self._do_call(interaction, transformed_values)
           ^^^^^^^^^^^^^^^^^^^^^^^^^^^^^^^^^^^^^^^^^^^^^^^^^^^^
  File "C:\Users\光隱\AppData\Roaming\Python\Python312\site-packages\discord\app_commands\commands.py", line 842, in _do_call
    raise CommandInvokeError(self, e) from e
discord.app_commands.errors.CommandInvokeError: Command 'me' raised an exception: TypeError: string indices must be integers, not 'str'
[2023/12/08|23:58:01][INFO]:擴充指令初始化完成
[2023/12/08|23:58:01][INFO]:logging in using static token
[2023/12/08|23:58:03][INFO]:Shard ID None has connected to Gateway (Session ID: a76e9b62d6b40a9e5edc1c5f2ffa2c59).
[2023/12/08|23:58:05][INFO]:已載入6個斜線指令
['我', '其他人', '排行', 'me', 'other', 'ranking']
[2023/12/08|23:58:05][INFO]: >>夕由愛XitoAi已成功連線Discord<< 
[2023/12/08|23:58:15][ERROR]:Ignoring exception in command 'me'
Traceback (most recent call last):
  File "C:\Users\光隱\AppData\Roaming\Python\Python312\site-packages\discord\app_commands\commands.py", line 827, in _do_call
    return await self._callback(self.binding, interaction, **params)  # type: ignore
           ^^^^^^^^^^^^^^^^^^^^^^^^^^^^^^^^^^^^^^^^^^^^^^^^^^^^^^^^^
  File "c:\Users\光隱\Desktop\code\Discord_XitoAi\src\commands\profile.py", line 175, in view_self_profile
    member_profile = await super().view_self_profile(interaction)
                     ^^^^^^^^^^^^^^^^^^^^^^^^^^^^^^^^^^^^^^^^^^^^
  File "c:\Users\光隱\Desktop\code\Discord_XitoAi\src\commands\profile.py", line 27, in view_self_profile
    member_profile = ProfileObject(database_id)
                     ^^^^^^^^^^^^^^^^^^^^^^^^^^
  File "c:\Users\光隱\Desktop\code\Discord_XitoAi\src\methods\OAM_profile.py", line 230, in __init__
    self.level = str(result['starLevel'].values[0])
                     ~~~~~~^^^^^^^^^^^^^
TypeError: string indices must be integers, not 'str'

The above exception was the direct cause of the following exception:

Traceback (most recent call last):
  File "C:\Users\光隱\AppData\Roaming\Python\Python312\site-packages\discord\app_commands\tree.py", line 1248, in _call
    await command._invoke_with_namespace(interaction, namespace)
  File "C:\Users\光隱\AppData\Roaming\Python\Python312\site-packages\discord\app_commands\commands.py", line 853, in _invoke_with_namespace
    return await self._do_call(interaction, transformed_values)
           ^^^^^^^^^^^^^^^^^^^^^^^^^^^^^^^^^^^^^^^^^^^^^^^^^^^^
  File "C:\Users\光隱\AppData\Roaming\Python\Python312\site-packages\discord\app_commands\commands.py", line 842, in _do_call
    raise CommandInvokeError(self, e) from e
discord.app_commands.errors.CommandInvokeError: Command 'me' raised an exception: TypeError: string indices must be integers, not 'str'
[2023/12/08|23:58:49][INFO]:擴充指令初始化完成
[2023/12/08|23:58:49][INFO]:logging in using static token
[2023/12/08|23:58:50][INFO]:Shard ID None has connected to Gateway (Session ID: 5d26fe86f52bff7f3599f8be4c7cc5c3).
[2023/12/08|23:58:53][INFO]:已載入6個斜線指令
['我', '其他人', '排行', 'me', 'other', 'ranking']
[2023/12/08|23:58:53][INFO]: >>夕由愛XitoAi已成功連線Discord<< 
[2023/12/08|23:59:02][INFO]:lightinvi查詢自己的個人資料公會->光隱的表情符號存放區
[2023/12/08|23:59:19][INFO]:lightinvi查詢自己的個人資料公會->光隱的表情符號存放區
[2023/12/08|23:59:50][INFO]:lightinvi查詢lightinvi的個人資料公會->光隱的表情符號存放區
[2023/12/09|00:00:23][INFO]:lightinvi查詢lightinvi的個人資料公會->光隱的表情符號存放區
[2023/12/09|00:00:48][INFO]:lightinvi 查詢光隱的表情符號存放區的 在線時間排行
[2023/12/09|00:00:48][ERROR]:Ignoring exception in command 'ranking'
Traceback (most recent call last):
  File "C:\Users\光隱\AppData\Roaming\Python\Python312\site-packages\discord\app_commands\commands.py", line 827, in _do_call
    return await self._callback(self.binding, interaction, **params)  # type: ignore
           ^^^^^^^^^^^^^^^^^^^^^^^^^^^^^^^^^^^^^^^^^^^^^^^^^^^^^^^^^
  File "c:\Users\光隱\Desktop\code\Discord_XitoAi\src\commands\profile.py", line 229, in ranking_list
    ranking_list_ = await super().ranking_list(interaction, competition, number)
                    ^^^^^^^^^^^^^^^^^^^^^^^^^^^^^^^^^^^^^^^^^^^^^^^^^^^^^^^^^^^^
  File "c:\Users\光隱\Desktop\code\Discord_XitoAi\src\commands\profile.py", line 96, in ranking_list
    return ProfileMethod.create_ranking_list(interaction,competition,number)
           ^^^^^^^^^^^^^^^^^^^^^^^^^^^^^^^^^^^^^^^^^^^^^^^^^^^^^^^^^^^^^^^^^
  File "c:\Users\光隱\Desktop\code\Discord_XitoAi\src\methods\OAM_profile.py", line 208, in create_ranking_list
    ConditionalObject('guildId', interaction.guild.id, '=')
  File "<string>", line 6, in __init__
  File "c:\Users\光隱\Desktop\code\Discord_XitoAi\src\core\sql_command.py", line 43, in __post_init__
    self.sql_string = self.create_sql_string()
                      ^^^^^^^^^^^^^^^^^^^^^^^^
  File "c:\Users\光隱\Desktop\code\Discord_XitoAi\src\core\sql_command.py", line 61, in create_sql_string
    if self.value[0] == '*':
       ~~~~~~~~~~^^^
TypeError: 'int' object is not subscriptable

The above exception was the direct cause of the following exception:

Traceback (most recent call last):
  File "C:\Users\光隱\AppData\Roaming\Python\Python312\site-packages\discord\app_commands\tree.py", line 1248, in _call
    await command._invoke_with_namespace(interaction, namespace)
  File "C:\Users\光隱\AppData\Roaming\Python\Python312\site-packages\discord\app_commands\commands.py", line 853, in _invoke_with_namespace
    return await self._do_call(interaction, transformed_values)
           ^^^^^^^^^^^^^^^^^^^^^^^^^^^^^^^^^^^^^^^^^^^^^^^^^^^^
  File "C:\Users\光隱\AppData\Roaming\Python\Python312\site-packages\discord\app_commands\commands.py", line 842, in _do_call
    raise CommandInvokeError(self, e) from e
discord.app_commands.errors.CommandInvokeError: Command 'ranking' raised an exception: TypeError: 'int' object is not subscriptable
