[2024/09/11|19:23:46][INFO]:æ“´å……æŒ‡ä»¤åˆå§‹åŒ–å®Œæˆ
[2024/09/11|19:23:46][INFO]:logging in using static token
[2024/09/11|19:23:47][INFO]:åŒæ­¥æŒ‡ä»¤ -> lottery<1228422626767011965>
[2024/09/11|19:23:47][INFO]:åŒæ­¥æŒ‡ä»¤ -> music<1242794784201117758>
[2024/09/11|19:23:47][INFO]:åŒæ­¥æŒ‡ä»¤ -> queue<1243247995034669086>
[2024/09/11|19:23:47][INFO]:åŒæ­¥æŒ‡ä»¤ -> skip<1237057743316062282>
[2024/09/11|19:23:47][INFO]:åŒæ­¥æŒ‡ä»¤ -> pause<1242794784201117759>
[2024/09/11|19:23:47][INFO]:åŒæ­¥æŒ‡ä»¤ -> resume<1242794784201117760>
[2024/09/11|19:23:47][INFO]:åŒæ­¥æŒ‡ä»¤ -> disconnect<1237057743316062283>
[2024/09/11|19:23:47][INFO]:åŒæ­¥æŒ‡ä»¤ -> me<1146107097549897728>
[2024/09/11|19:23:47][INFO]:åŒæ­¥æŒ‡ä»¤ -> other<1146107097549897729>
[2024/09/11|19:23:47][INFO]:åŒæ­¥æŒ‡ä»¤ -> rank<1261983343721840651>
[2024/09/11|19:23:47][INFO]:åŒæ­¥æŒ‡ä»¤ -> start_record<1246531582622437456>
[2024/09/11|19:23:47][INFO]:åŒæ­¥æŒ‡ä»¤ -> stop_record<1246531582622437457>
[2024/09/11|19:23:47][INFO]:åŒæ­¥æŒ‡ä»¤ -> get_verification<1228422626767011972>
[2024/09/11|19:23:47][INFO]:åŒæ­¥æŒ‡ä»¤ -> verify<1228422627073200309>
[2024/09/11|19:23:47][INFO]:å·²åŒæ­¥14å€‹æ–œç·šæŒ‡ä»¤
[2024/09/11|19:24:10][INFO]:Shard ID None has connected to Gateway (Session ID: d9ba9ae649e8c18b2934324dd627213f).
[2024/09/11|19:24:13][WARNING]:lightinvi<428845649279188992> ç•°å¸¸ä¸Šç·šæ™‚é–“ç´€éŒ„
[2024/09/11|19:24:16][INFO]:å·²æ›´æ–° lightinvi<428845649279188992> æ–¼ Star Impact Team<510386488639488001> çš„ä¼ºæœå™¨è³‡æ–™
[2024/09/11|19:24:16][INFO]:lightinvi<428845649279188992> åŠ å…¥ Star Impact Team<510386488639488001> çš„èªéŸ³é »é“
[2024/09/11|19:24:16][INFO]: >>å¤•ç”±æ„›XitoAiå·²æˆåŠŸé€£ç·šDiscord<< 
[2024/09/11|22:17:06][INFO]:Shard ID None has successfully RESUMED session d9ba9ae649e8c18b2934324dd627213f.
[2024/09/11|23:03:47][INFO]:å·²æ›´æ–° lightinvi<428845649279188992> æ–¼ Star Impact Team<510386488639488001> çš„ä¼ºæœå™¨è³‡æ–™
[2024/09/11|23:03:47][INFO]:lightinvi<428845649279188992> æ–¼ Star Impact Team<510386488639488001> ç²å¾— 219è²¢ç»å€¼ å’Œ 438ç¢æ˜Ÿå€¼
[2024/09/12|00:09:28][INFO]:Shard ID None has successfully RESUMED session d9ba9ae649e8c18b2934324dd627213f.
[2024/09/12|01:43:52][INFO]:higuchiaoi<418099807660408852>åœ¨[Star Impact Team->æ­£è¦æˆå“¡é »é“]èªª:ä¸æ˜¯å†·éœ
[2024/09/12|01:44:00][INFO]:higuchiaoi<418099807660408852>åœ¨[Star Impact Team->æ­£è¦æˆå“¡é »é“]èªª:é€™å®˜æ–¹å±•ç¤ºåœ–
[2024/09/12|01:57:45][INFO]:å·²æ›´æ–° bigben2689<787727387383037962> æ–¼ Star Impact Team<510386488639488001> çš„ä¼ºæœå™¨è³‡æ–™
[2024/09/12|01:57:45][INFO]:bigben2689<787727387383037962> åŠ å…¥ Star Impact Team<510386488639488001> çš„èªéŸ³é »é“
[2024/09/12|01:57:53][INFO]:å·²æ›´æ–° bigben2689<787727387383037962> æ–¼ Star Impact Team<510386488639488001> çš„ä¼ºæœå™¨è³‡æ–™
[2024/09/12|01:57:53][INFO]:bigben2689<787727387383037962> æ–¼ Star Impact Team<510386488639488001> ç²å¾— 0è²¢ç»å€¼ å’Œ 0ç¢æ˜Ÿå€¼
[2024/09/12|03:30:11][INFO]:Shard ID None has successfully RESUMED session d9ba9ae649e8c18b2934324dd627213f.
[2024/09/12|04:02:30][INFO]:Shard ID None has successfully RESUMED session d9ba9ae649e8c18b2934324dd627213f.
[2024/09/12|04:22:52][INFO]:Shard ID None has successfully RESUMED session d9ba9ae649e8c18b2934324dd627213f.
[2024/09/12|05:03:58][INFO]:Shard ID None has successfully RESUMED session d9ba9ae649e8c18b2934324dd627213f.
[2024/09/12|05:38:52][WARNING]:chengxue625<416236840547385345> ç•°å¸¸ä¸Šç·šæ™‚é–“ç´€éŒ„
[2024/09/12|06:22:22][INFO]:Shard ID None has successfully RESUMED session d9ba9ae649e8c18b2934324dd627213f.
[2024/09/12|07:01:22][INFO]:Shard ID None has successfully RESUMED session d9ba9ae649e8c18b2934324dd627213f.
[2024/09/12|10:49:22][INFO]:Shard ID None has successfully RESUMED session d9ba9ae649e8c18b2934324dd627213f.
[2024/09/12|13:31:48][INFO]:Shard ID None has successfully RESUMED session d9ba9ae649e8c18b2934324dd627213f.
[2024/09/12|15:41:29][INFO]:Shard ID None has successfully RESUMED session d9ba9ae649e8c18b2934324dd627213f.
[2024/09/12|16:04:27][INFO]:Shard ID None has successfully RESUMED session d9ba9ae649e8c18b2934324dd627213f.
[2024/09/12|19:03:00][INFO]:Shard ID None has successfully RESUMED session d9ba9ae649e8c18b2934324dd627213f.
[2024/09/12|20:04:01][INFO]:lightinvi<428845649279188992>åœ¨[Star Impact Team->æ­£è¦æˆå“¡é »é“]èªª:<@250219460877746176> åœ¨ä¸åœ¨
[2024/09/12|20:20:15][INFO]:chengxue625<416236840547385345>åœ¨[Star Impact Team->æ­£è¦æˆå“¡é »é“]èªª:ä¸åœ¨
[2024/09/12|20:45:38][INFO]:lightinvi<428845649279188992>åœ¨[Star Impact Team->æ­£è¦æˆå“¡é »é“]èªª:<a:OOOO:803349269124743198>
[2024/09/12|20:54:14][INFO]:å·²æ›´æ–° lightinvi<428845649279188992> æ–¼ Star Impact Team<510386488639488001> çš„ä¼ºæœå™¨è³‡æ–™
[2024/09/12|20:54:14][INFO]:lightinvi<428845649279188992> åŠ å…¥ Star Impact Team<510386488639488001> çš„èªéŸ³é »é“
[2024/09/12|20:55:22][INFO]:lightinvi<428845649279188992>åœ¨[Star Impact Team->å¡”ç§‘å¤«é–’èŠğŸ“£]æ–°å¢é™„ä»¶:('1283772945713463411_image.png',)
[2024/09/12|20:55:22][INFO]:lightinvi<428845649279188992>åœ¨[Star Impact Team->å¡”ç§‘å¤«é–’èŠğŸ“£]èªª:æˆ‘ä¾†äº†
[2024/09/12|20:56:31][INFO]:å·²æ›´æ–° chengxue625<416236840547385345> æ–¼ Star Impact Team<510386488639488001> çš„ä¼ºæœå™¨è³‡æ–™
[2024/09/12|20:56:31][INFO]:chengxue625<416236840547385345> åŠ å…¥ Star Impact Team<510386488639488001> çš„èªéŸ³é »é“
[2024/09/12|21:27:14][INFO]:wujiaheitao<250219460877746176>åœ¨[Star Impact Team->æ­£è¦æˆå“¡é »é“]èªª:å¤ªæ™šè¬›äº†
[2024/09/12|21:27:19][INFO]:wujiaheitao<250219460877746176>åœ¨[Star Impact Team->æ­£è¦æˆå“¡é »é“]èªª:æˆ‘åœ¨æ´—è»Š
[2024/09/12|21:37:28][INFO]:å·²æ›´æ–° chengxue625<416236840547385345> æ–¼ Star Impact Team<510386488639488001> çš„ä¼ºæœå™¨è³‡æ–™
[2024/09/12|21:37:28][INFO]:chengxue625<416236840547385345> æ–¼ Star Impact Team<510386488639488001> ç²å¾— 40è²¢ç»å€¼ å’Œ 60ç¢æ˜Ÿå€¼
[2024/09/12|21:44:25][INFO]:lightinvi<428845649279188992>åœ¨[Star Impact Team->å¡”ç§‘å¤«é–’èŠğŸ“£]æ–°å¢é™„ä»¶:('1283785291118809209_image.png',)
[2024/09/12|21:44:25][INFO]:lightinvi<428845649279188992>åœ¨[Star Impact Team->å¡”ç§‘å¤«é–’èŠğŸ“£]èªª:<@416236840547385345> ä¸€æŠŠç‡ˆå¡” 159w
[2024/09/12|21:48:52][INFO]:chengxue625<416236840547385345>åœ¨[Star Impact Team->å¡”ç§‘å¤«é–’èŠğŸ“£]èªª:åˆ†æˆ‘
[2024/09/12|21:49:18][INFO]:lightinvi<428845649279188992>åœ¨[Star Impact Team->å¡”ç§‘å¤«é–’èŠğŸ“£]èªª:æ€åˆ†
[2024/09/12|21:49:34][INFO]:lightinvi<428845649279188992>åœ¨[Star Impact Team->æ­£è¦æˆå“¡é »é“]èªª:æ™šä¸Š9.æ´—è»Šï¼Ÿ
[2024/09/12|21:56:04][INFO]:chengxue625<416236840547385345>åœ¨[Star Impact Team->å¡”ç§‘å¤«é–’èŠğŸ“£]èªª:ä½ å…ˆçµ¦æˆ‘éšŠé•·
[2024/09/12|22:16:31][INFO]:å·²æ›´æ–° chengxue625<416236840547385345> æ–¼ Star Impact Team<510386488639488001> çš„ä¼ºæœå™¨è³‡æ–™
[2024/09/12|22:16:31][INFO]:chengxue625<416236840547385345> åŠ å…¥ Star Impact Team<510386488639488001> çš„èªéŸ³é »é“
[2024/09/12|22:25:30][INFO]:Shard ID None has successfully RESUMED session d9ba9ae649e8c18b2934324dd627213f.
[2024/09/12|22:37:29][INFO]:å·²æ›´æ–° chengxue625<416236840547385345> æ–¼ Star Impact Team<510386488639488001> çš„ä¼ºæœå™¨è³‡æ–™
[2024/09/12|22:37:29][INFO]:chengxue625<416236840547385345> æ–¼ Star Impact Team<510386488639488001> ç²å¾— 20è²¢ç»å€¼ å’Œ 30ç¢æ˜Ÿå€¼
[2024/09/12|22:37:31][INFO]:å·²æ›´æ–° chengxue625<416236840547385345> æ–¼ Star Impact Team<510386488639488001> çš„ä¼ºæœå™¨è³‡æ–™
[2024/09/12|22:37:31][INFO]:chengxue625<416236840547385345> åŠ å…¥ Star Impact Team<510386488639488001> çš„èªéŸ³é »é“
[2024/09/12|22:39:03][INFO]:Shard ID None has successfully RESUMED session d9ba9ae649e8c18b2934324dd627213f.
[2024/09/13|00:01:29][INFO]:å·²æ›´æ–° lightinvi<428845649279188992> æ–¼ Star Impact Team<510386488639488001> çš„ä¼ºæœå™¨è³‡æ–™
[2024/09/13|00:01:29][INFO]:lightinvi<428845649279188992> æ–¼ Star Impact Team<510386488639488001> ç²å¾— 187è²¢ç»å€¼ å’Œ 374ç¢æ˜Ÿå€¼
[2024/09/13|02:12:09][INFO]:Shard ID None has successfully RESUMED session d9ba9ae649e8c18b2934324dd627213f.
[2024/09/13|03:24:57][INFO]:Shard ID None has successfully RESUMED session d9ba9ae649e8c18b2934324dd627213f.
[2024/09/13|03:34:27][INFO]:Shard ID None has successfully RESUMED session d9ba9ae649e8c18b2934324dd627213f.
[2024/09/13|05:43:46][INFO]:å·²æ›´æ–° chengxue625<416236840547385345> æ–¼ Star Impact Team<510386488639488001> çš„ä¼ºæœå™¨è³‡æ–™
[2024/09/13|05:43:46][INFO]:chengxue625<416236840547385345> æ–¼ Star Impact Team<510386488639488001> ç²å¾— 426è²¢ç»å€¼ å’Œ 639ç¢æ˜Ÿå€¼
[2024/09/13|06:25:16][INFO]:Shard ID None has successfully RESUMED session d9ba9ae649e8c18b2934324dd627213f.
[2024/09/13|08:00:08][INFO]:Shard ID None has successfully RESUMED session d9ba9ae649e8c18b2934324dd627213f.
[2024/09/13|09:35:23][INFO]:lightinvi<428845649279188992>åœ¨[å…‰éš±testå€->test]èªª:129032

7051337635
[2024/09/13|09:35:40][INFO]:lightinvi<428845649279188992>åœ¨[å…‰éš±testå€->test]èªª:éŠ€è¡Œæˆæ¬Š

å¾®è»Ÿ
[2024/09/13|10:17:47][INFO]:Shard ID None has successfully RESUMED session d9ba9ae649e8c18b2934324dd627213f.
[2024/09/13|14:16:43][INFO]:Shard ID None has successfully RESUMED session d9ba9ae649e8c18b2934324dd627213f.
[2024/09/13|18:00:11][INFO]:Shard ID None has successfully RESUMED session d9ba9ae649e8c18b2934324dd627213f.
[2024/09/13|18:24:42][INFO]:Escape from Tarkov Official #eft-announcements<1206517498044878858>åœ¨[Star Impact Team->å¡”ç§‘å¤«å…¬ä½ˆæ¬„ğŸ“]æ–°å¢é™„ä»¶:('1284064380392046704_b2a1b11af50fab85.jpg',)
[2024/09/13|18:24:42][INFO]:Escape from Tarkov Official #eft-announcements<1206517498044878858>åœ¨[Star Impact Team->å¡”ç§‘å¤«å…¬ä½ˆæ¬„ğŸ“]èªª:@News  
We are starting a new series of tests within the ETS server.

The final iteration of testing the transition to the new version of the Unity 2022 game engine in #EscapefromTarkov is available as part of the current stage.

We invite all participants who have ETS access to join the testing and leave feedback in the Discord server, as well as in a special feedback form in the Launcher.

We thank the players who are actively involved in testing of the upcoming updates. Your participation and feedback allows us to fix bugs identified during testing faster and speed up the release of updates for all players.
[2024/09/13|18:49:20][INFO]:å·²æ›´æ–° lightinvi<428845649279188992> æ–¼ Star Impact Team<510386488639488001> çš„ä¼ºæœå™¨è³‡æ–™
[2024/09/13|18:49:20][INFO]:lightinvi<428845649279188992> åŠ å…¥ Star Impact Team<510386488639488001> çš„èªéŸ³é »é“
[2024/09/13|18:53:32][INFO]:å·²æ›´æ–° chengxue625<416236840547385345> æ–¼ Star Impact Team<510386488639488001> çš„ä¼ºæœå™¨è³‡æ–™
[2024/09/13|18:53:32][INFO]:chengxue625<416236840547385345> åŠ å…¥ Star Impact Team<510386488639488001> çš„èªéŸ³é »é“
[2024/09/13|18:56:59][INFO]:å·²æ›´æ–° chengxue625<416236840547385345> æ–¼ Star Impact Team<510386488639488001> çš„ä¼ºæœå™¨è³‡æ–™
[2024/09/13|18:56:59][INFO]:chengxue625<416236840547385345> æ–¼ Star Impact Team<510386488639488001> ç²å¾— 3è²¢ç»å€¼ å’Œ 4ç¢æ˜Ÿå€¼
[2024/09/13|19:03:02][INFO]:å·²æ›´æ–° chengxue625<416236840547385345> æ–¼ Star Impact Team<510386488639488001> çš„ä¼ºæœå™¨è³‡æ–™
[2024/09/13|19:03:02][INFO]:chengxue625<416236840547385345> åŠ å…¥ Star Impact Team<510386488639488001> çš„èªéŸ³é »é“
[2024/09/13|20:39:39][INFO]:Shard ID None has successfully RESUMED session d9ba9ae649e8c18b2934324dd627213f.
[2024/09/13|22:19:33][INFO]:Shard ID None has successfully RESUMED session d9ba9ae649e8c18b2934324dd627213f.
[2024/09/13|23:57:25][INFO]:Shard ID None has successfully RESUMED session d9ba9ae649e8c18b2934324dd627213f.
[2024/09/14|00:05:31][INFO]:å·²æ›´æ–° wujiaheitao<250219460877746176> æ–¼ Star Impact Team<510386488639488001> çš„ä¼ºæœå™¨è³‡æ–™
[2024/09/14|00:05:31][INFO]:wujiaheitao<250219460877746176> åŠ å…¥ Star Impact Team<510386488639488001> çš„èªéŸ³é »é“
[2024/09/14|00:22:52][INFO]:Shard ID None has successfully RESUMED session d9ba9ae649e8c18b2934324dd627213f.
[2024/09/14|00:51:43][INFO]:å·²æ›´æ–° lightinvi<428845649279188992> æ–¼ Star Impact Team<510386488639488001> çš„ä¼ºæœå™¨è³‡æ–™
[2024/09/14|00:51:43][INFO]:lightinvi<428845649279188992> æ–¼ Star Impact Team<510386488639488001> ç²å¾— 362è²¢ç»å€¼ å’Œ 724ç¢æ˜Ÿå€¼
[2024/09/14|01:10:11][INFO]:å·²æ›´æ–° lightinvi<428845649279188992> æ–¼ Star Impact Team<510386488639488001> çš„ä¼ºæœå™¨è³‡æ–™
[2024/09/14|01:10:11][INFO]:lightinvi<428845649279188992> åŠ å…¥ Star Impact Team<510386488639488001> çš„èªéŸ³é »é“
[2024/09/14|01:10:56][INFO]:å·²æ›´æ–° lightinvi<428845649279188992> æ–¼ Star Impact Team<510386488639488001> çš„ä¼ºæœå™¨è³‡æ–™
[2024/09/14|01:10:56][INFO]:lightinvi<428845649279188992> æ–¼ Star Impact Team<510386488639488001> ç²å¾— 0è²¢ç»å€¼ å’Œ 0ç¢æ˜Ÿå€¼
[2024/09/14|01:10:58][INFO]:å·²æ›´æ–° lightinvi<428845649279188992> æ–¼ Star Impact Team<510386488639488001> çš„ä¼ºæœå™¨è³‡æ–™
[2024/09/14|01:10:58][INFO]:lightinvi<428845649279188992> åŠ å…¥ Star Impact Team<510386488639488001> çš„èªéŸ³é »é“
[2024/09/14|01:52:36][INFO]:å·²æ›´æ–° wujiaheitao<250219460877746176> æ–¼ Star Impact Team<510386488639488001> çš„ä¼ºæœå™¨è³‡æ–™
[2024/09/14|01:52:36][INFO]:wujiaheitao<250219460877746176> æ–¼ Star Impact Team<510386488639488001> ç²å¾— 107è²¢ç»å€¼ å’Œ 160ç¢æ˜Ÿå€¼
[2024/09/14|02:00:29][INFO]:Shard ID None has successfully RESUMED session d9ba9ae649e8c18b2934324dd627213f.
[2024/09/14|03:20:15][INFO]:Shard ID None has successfully RESUMED session d9ba9ae649e8c18b2934324dd627213f.
[2024/09/14|04:23:53][INFO]:å·²æ›´æ–° bigben2689<787727387383037962> æ–¼ Star Impact Team<510386488639488001> çš„ä¼ºæœå™¨è³‡æ–™
[2024/09/14|04:23:53][INFO]:bigben2689<787727387383037962> åŠ å…¥ Star Impact Team<510386488639488001> çš„èªéŸ³é »é“
[2024/09/14|04:24:11][INFO]:å·²æ›´æ–° bigben2689<787727387383037962> æ–¼ Star Impact Team<510386488639488001> çš„ä¼ºæœå™¨è³‡æ–™
[2024/09/14|04:24:11][INFO]:bigben2689<787727387383037962> æ–¼ Star Impact Team<510386488639488001> ç²å¾— 0è²¢ç»å€¼ å’Œ 0ç¢æ˜Ÿå€¼
[2024/09/14|04:59:26][INFO]:å·²æ›´æ–° bigben2689<787727387383037962> æ–¼ Star Impact Team<510386488639488001> çš„ä¼ºæœå™¨è³‡æ–™
[2024/09/14|04:59:26][INFO]:bigben2689<787727387383037962> åŠ å…¥ Star Impact Team<510386488639488001> çš„èªéŸ³é »é“
[2024/09/14|04:59:38][INFO]:å·²æ›´æ–° bigben2689<787727387383037962> æ–¼ Star Impact Team<510386488639488001> çš„ä¼ºæœå™¨è³‡æ–™
[2024/09/14|04:59:38][INFO]:bigben2689<787727387383037962> æ–¼ Star Impact Team<510386488639488001> ç²å¾— 0è²¢ç»å€¼ å’Œ 0ç¢æ˜Ÿå€¼
[2024/09/14|05:47:27][INFO]:Shard ID None has successfully RESUMED session d9ba9ae649e8c18b2934324dd627213f.
[2024/09/14|06:29:51][INFO]:å·²æ›´æ–° lightinvi<428845649279188992> æ–¼ Star Impact Team<510386488639488001> çš„ä¼ºæœå™¨è³‡æ–™
[2024/09/14|06:29:51][INFO]:lightinvi<428845649279188992> æ–¼ Star Impact Team<510386488639488001> ç²å¾— 318è²¢ç»å€¼ å’Œ 636ç¢æ˜Ÿå€¼
[2024/09/14|06:46:52][INFO]:Shard ID None has successfully RESUMED session d9ba9ae649e8c18b2934324dd627213f.
[2024/09/14|07:23:14][INFO]:Shard ID None has successfully RESUMED session d9ba9ae649e8c18b2934324dd627213f.
[2024/09/14|08:16:50][INFO]:å·²æ›´æ–° bigben2689<787727387383037962> æ–¼ Star Impact Team<510386488639488001> çš„ä¼ºæœå™¨è³‡æ–™
[2024/09/14|08:16:50][INFO]:bigben2689<787727387383037962> åŠ å…¥ Star Impact Team<510386488639488001> çš„èªéŸ³é »é“
[2024/09/14|08:22:26][INFO]:å·²æ›´æ–° chengxue625<416236840547385345> æ–¼ Star Impact Team<510386488639488001> çš„ä¼ºæœå™¨è³‡æ–™
[2024/09/14|08:22:26][INFO]:chengxue625<416236840547385345> æ–¼ Star Impact Team<510386488639488001> ç²å¾— 799è²¢ç»å€¼ å’Œ 1198ç¢æ˜Ÿå€¼
[2024/09/14|08:27:58][INFO]:å·²æ›´æ–° chengxue625<416236840547385345> æ–¼ Star Impact Team<510386488639488001> çš„ä¼ºæœå™¨è³‡æ–™
[2024/09/14|08:27:58][INFO]:chengxue625<416236840547385345> åŠ å…¥ Star Impact Team<510386488639488001> çš„èªéŸ³é »é“
[2024/09/14|08:51:31][INFO]:å·²æ›´æ–° lightinvi<428845649279188992> æ–¼ Star Impact Team<510386488639488001> çš„ä¼ºæœå™¨è³‡æ–™
[2024/09/14|08:51:31][INFO]:lightinvi<428845649279188992> åŠ å…¥ Star Impact Team<510386488639488001> çš„èªéŸ³é »é“
[2024/09/14|08:56:04][INFO]:Shard ID None has successfully RESUMED session d9ba9ae649e8c18b2934324dd627213f.
[2024/09/14|09:06:45][INFO]:å·²æ›´æ–° bigben2689<787727387383037962> æ–¼ Star Impact Team<510386488639488001> çš„ä¼ºæœå™¨è³‡æ–™
[2024/09/14|09:06:45][INFO]:bigben2689<787727387383037962> æ–¼ Star Impact Team<510386488639488001> ç²å¾— 49è²¢ç»å€¼ å’Œ 73ç¢æ˜Ÿå€¼
[2024/09/14|10:53:45][INFO]:å·²æ›´æ–° chengxue625<416236840547385345> æ–¼ Star Impact Team<510386488639488001> çš„ä¼ºæœå™¨è³‡æ–™
[2024/09/14|10:53:45][INFO]:chengxue625<416236840547385345> æ–¼ Star Impact Team<510386488639488001> ç²å¾— 145è²¢ç»å€¼ å’Œ 217ç¢æ˜Ÿå€¼
[2024/09/14|10:53:47][INFO]:å·²æ›´æ–° chengxue625<416236840547385345> æ–¼ Star Impact Team<510386488639488001> çš„ä¼ºæœå™¨è³‡æ–™
[2024/09/14|10:53:47][INFO]:chengxue625<416236840547385345> åŠ å…¥ Star Impact Team<510386488639488001> çš„èªéŸ³é »é“
[2024/09/14|11:13:11][INFO]:å·²æ›´æ–° wujiaheitao<250219460877746176> æ–¼ Star Impact Team<510386488639488001> çš„ä¼ºæœå™¨è³‡æ–™
[2024/09/14|11:13:11][INFO]:wujiaheitao<250219460877746176> åŠ å…¥ Star Impact Team<510386488639488001> çš„èªéŸ³é »é“
[2024/09/14|12:42:42][INFO]:Shard ID None has successfully RESUMED session d9ba9ae649e8c18b2934324dd627213f.
[2024/09/14|12:47:31][INFO]:Shard ID None has successfully RESUMED session d9ba9ae649e8c18b2934324dd627213f.
[2024/09/14|14:49:38][INFO]:å·²æ›´æ–° wujiaheitao<250219460877746176> æ–¼ Star Impact Team<510386488639488001> çš„ä¼ºæœå™¨è³‡æ–™
[2024/09/14|14:49:38][INFO]:wujiaheitao<250219460877746176> æ–¼ Star Impact Team<510386488639488001> ç²å¾— 216è²¢ç»å€¼ å’Œ 324ç¢æ˜Ÿå€¼
[2024/09/14|15:08:03][INFO]:Shard ID None has successfully RESUMED session d9ba9ae649e8c18b2934324dd627213f.
[2024/09/14|17:34:18][INFO]:å·²æ›´æ–° chengxue625<416236840547385345> æ–¼ Star Impact Team<510386488639488001> çš„ä¼ºæœå™¨è³‡æ–™
[2024/09/14|17:34:18][INFO]:chengxue625<416236840547385345> æ–¼ Star Impact Team<510386488639488001> ç²å¾— 400è²¢ç»å€¼ å’Œ 600ç¢æ˜Ÿå€¼
[2024/09/14|17:41:11][INFO]:å·²æ›´æ–° lightinvi<428845649279188992> æ–¼ Star Impact Team<510386488639488001> çš„ä¼ºæœå™¨è³‡æ–™
[2024/09/14|17:41:11][INFO]:lightinvi<428845649279188992> æ–¼ Star Impact Team<510386488639488001> ç²å¾— 529è²¢ç»å€¼ å’Œ 1058ç¢æ˜Ÿå€¼
[2024/09/14|17:41:13][INFO]:å·²æ›´æ–° lightinvi<428845649279188992> æ–¼ Star Impact Team<510386488639488001> çš„ä¼ºæœå™¨è³‡æ–™
[2024/09/14|17:41:13][INFO]:lightinvi<428845649279188992> åŠ å…¥ Star Impact Team<510386488639488001> çš„èªéŸ³é »é“
[2024/09/14|18:20:59][INFO]:Shard ID None has successfully RESUMED session d9ba9ae649e8c18b2934324dd627213f.
[2024/09/14|18:43:02][INFO]:å·²æ›´æ–° chengxue625<416236840547385345> æ–¼ Star Impact Team<510386488639488001> çš„ä¼ºæœå™¨è³‡æ–™
[2024/09/14|18:43:02][INFO]:chengxue625<416236840547385345> åŠ å…¥ Star Impact Team<510386488639488001> çš„èªéŸ³é »é“
[2024/09/14|20:55:03][INFO]:å·²æ›´æ–° bigben2689<787727387383037962> æ–¼ Star Impact Team<510386488639488001> çš„ä¼ºæœå™¨è³‡æ–™
[2024/09/14|20:55:03][INFO]:bigben2689<787727387383037962> åŠ å…¥ Star Impact Team<510386488639488001> çš„èªéŸ³é »é“
[2024/09/14|20:55:20][INFO]:å·²æ›´æ–° bigben2689<787727387383037962> æ–¼ Star Impact Team<510386488639488001> çš„ä¼ºæœå™¨è³‡æ–™
[2024/09/14|20:55:20][INFO]:bigben2689<787727387383037962> æ–¼ Star Impact Team<510386488639488001> ç²å¾— 0è²¢ç»å€¼ å’Œ 0ç¢æ˜Ÿå€¼
[2024/09/14|21:02:09][INFO]:å·²æ›´æ–° lightinvi<428845649279188992> æ–¼ Star Impact Team<510386488639488001> çš„ä¼ºæœå™¨è³‡æ–™
[2024/09/14|21:02:09][INFO]:lightinvi<428845649279188992> æ–¼ Star Impact Team<510386488639488001> ç²å¾— 200è²¢ç»å€¼ å’Œ 400ç¢æ˜Ÿå€¼
[2024/09/14|21:08:26][INFO]:å·²æ›´æ–° lightinvi<428845649279188992> æ–¼ Star Impact Team<510386488639488001> çš„ä¼ºæœå™¨è³‡æ–™
[2024/09/14|21:08:26][INFO]:lightinvi<428845649279188992> åŠ å…¥ Star Impact Team<510386488639488001> çš„èªéŸ³é »é“
[2024/09/14|21:28:35][INFO]:Shard ID None has successfully RESUMED session d9ba9ae649e8c18b2934324dd627213f.
[2024/09/14|22:31:14][INFO]:lightinvi<428845649279188992>åœ¨[Star Impact Team->å¡”ç§‘å¤«é–’èŠğŸ“£]æ–°å¢é™„ä»¶:('1284521849941790884_image.png',)
[2024/09/14|22:32:31][INFO]:å·²æ›´æ–° chengxue625<416236840547385345> æ–¼ Star Impact Team<510386488639488001> çš„ä¼ºæœå™¨è³‡æ–™
[2024/09/14|22:32:31][INFO]:chengxue625<416236840547385345> æ–¼ Star Impact Team<510386488639488001> ç²å¾— 229è²¢ç»å€¼ å’Œ 343ç¢æ˜Ÿå€¼
[2024/09/14|23:22:54][INFO]:å·²å»ºç«‹ç”¨æˆ¶ -> wang4169<574249339854127139>
[2024/09/14|23:22:54][INFO]:å·²æ›´æ–°ç”¨æˆ¶ -> wang4169<574249339854127139>
[2024/09/14|23:22:55][INFO]:å·²å»ºç«‹ wang4169<574249339854127139> æ–¼ Star Impact Team<510386488639488001> çš„ä¼ºæœå™¨è³‡æ–™
[2024/09/14|23:22:58][INFO]:å·²æ›´æ–° wang4169<574249339854127139> æ–¼ Star Impact Team<510386488639488001> çš„ä¼ºæœå™¨è³‡æ–™
[2024/09/15|00:14:20][INFO]:Shard ID None has successfully RESUMED session d9ba9ae649e8c18b2934324dd627213f.
[2024/09/15|02:13:47][INFO]:Shard ID None has successfully RESUMED session d9ba9ae649e8c18b2934324dd627213f.
[2024/09/15|04:58:40][INFO]:Shard ID None has successfully RESUMED session d9ba9ae649e8c18b2934324dd627213f.
[2024/09/15|06:18:30][INFO]:å·²æ›´æ–° lightinvi<428845649279188992> æ–¼ Star Impact Team<510386488639488001> çš„ä¼ºæœå™¨è³‡æ–™
[2024/09/15|06:18:30][INFO]:lightinvi<428845649279188992> æ–¼ Star Impact Team<510386488639488001> ç²å¾— 550è²¢ç»å€¼ å’Œ 1100ç¢æ˜Ÿå€¼
[2024/09/15|07:32:57][INFO]:å·²æ›´æ–° lightinvi<428845649279188992> æ–¼ Star Impact Team<510386488639488001> çš„ä¼ºæœå™¨è³‡æ–™
[2024/09/15|07:32:57][INFO]:lightinvi<428845649279188992> åŠ å…¥ Star Impact Team<510386488639488001> çš„èªéŸ³é »é“
[2024/09/15|07:34:09][INFO]:å·²æ›´æ–° bigben2689<787727387383037962> æ–¼ Star Impact Team<510386488639488001> çš„ä¼ºæœå™¨è³‡æ–™
[2024/09/15|07:34:09][INFO]:bigben2689<787727387383037962> åŠ å…¥ Star Impact Team<510386488639488001> çš„èªéŸ³é »é“
[2024/09/15|07:36:33][INFO]:å·²æ›´æ–° bigben2689<787727387383037962> æ–¼ Star Impact Team<510386488639488001> çš„ä¼ºæœå™¨è³‡æ–™
[2024/09/15|07:36:33][INFO]:bigben2689<787727387383037962> æ–¼ Star Impact Team<510386488639488001> ç²å¾— 2è²¢ç»å€¼ å’Œ 3ç¢æ˜Ÿå€¼
[2024/09/15|08:23:25][INFO]:Shard ID None has successfully RESUMED session d9ba9ae649e8c18b2934324dd627213f.
[2024/09/15|11:04:10][INFO]:å·²æ›´æ–° chengxue625<416236840547385345> æ–¼ Star Impact Team<510386488639488001> çš„ä¼ºæœå™¨è³‡æ–™
[2024/09/15|11:04:10][INFO]:chengxue625<416236840547385345> åŠ å…¥ Star Impact Team<510386488639488001> çš„èªéŸ³é »é“
[2024/09/15|11:04:19][INFO]:å·²æ›´æ–° lightinvi<428845649279188992> æ–¼ Star Impact Team<510386488639488001> çš„ä¼ºæœå™¨è³‡æ–™
[2024/09/15|11:04:19][INFO]:lightinvi<428845649279188992> æ–¼ Star Impact Team<510386488639488001> ç²å¾— 211è²¢ç»å€¼ å’Œ 422ç¢æ˜Ÿå€¼
[2024/09/15|11:04:21][INFO]:å·²æ›´æ–° lightinvi<428845649279188992> æ–¼ Star Impact Team<510386488639488001> çš„ä¼ºæœå™¨è³‡æ–™
[2024/09/15|11:04:21][INFO]:lightinvi<428845649279188992> åŠ å…¥ Star Impact Team<510386488639488001> çš„èªéŸ³é »é“
[2024/09/15|11:04:38][INFO]:å·²æ›´æ–° lightinvi<428845649279188992> æ–¼ Star Impact Team<510386488639488001> çš„ä¼ºæœå™¨è³‡æ–™
[2024/09/15|11:04:38][INFO]:lightinvi<428845649279188992> æ–¼ Star Impact Team<510386488639488001> ç²å¾— 0è²¢ç»å€¼ å’Œ 0ç¢æ˜Ÿå€¼
[2024/09/15|11:04:40][INFO]:å·²æ›´æ–° lightinvi<428845649279188992> æ–¼ Star Impact Team<510386488639488001> çš„ä¼ºæœå™¨è³‡æ–™
[2024/09/15|11:04:40][INFO]:lightinvi<428845649279188992> åŠ å…¥ Star Impact Team<510386488639488001> çš„èªéŸ³é »é“
[2024/09/15|11:05:08][INFO]:å·²æ›´æ–° chengxue625<416236840547385345> æ–¼ Star Impact Team<510386488639488001> çš„ä¼ºæœå™¨è³‡æ–™
[2024/09/15|11:05:08][INFO]:chengxue625<416236840547385345> æ–¼ Star Impact Team<510386488639488001> ç²å¾— 0è²¢ç»å€¼ å’Œ 0ç¢æ˜Ÿå€¼
[2024/09/15|11:36:20][INFO]:Shard ID None has successfully RESUMED session d9ba9ae649e8c18b2934324dd627213f.
[2024/09/15|13:20:09][INFO]:chengxue625<416236840547385345>åœ¨[Star Impact Team->æ­£è¦æˆå“¡é »é“]èªª:<@428845649279188992>
[2024/09/15|13:20:15][INFO]:chengxue625<416236840547385345>åœ¨[Star Impact Team->æ­£è¦æˆå“¡é »é“]æ–°å¢é™„ä»¶:('1284745577493565440_image.png',)
[2024/09/15|13:29:44][INFO]:Shard ID None has successfully RESUMED session d9ba9ae649e8c18b2934324dd627213f.
[2024/09/15|13:51:04][INFO]:lightinvi<428845649279188992>åœ¨[å…‰éš±testå€->test]èªª:è€å¸«æ‚¨å¥½æˆ‘æ˜¯ä¾†è‡ªå¤–æ ¡çš„å­¸ç”Ÿï¼Œé€™å­¸æœŸé€šéæ ¡éš›é¸èª²é¸ä¿®æœ¬é–€èª²ç¨‹ï¼Œé€™é‚Šæˆ‘å•ä¸€ä¸‹æ˜¯å¦æœ‰ç‰¹åˆ¥çš„èª²ç¨‹è¦ç¯„éœ€è¦æ³¨æ„çš„
[2024/09/15|14:28:02][INFO]:å…‰éš±testå€<1029978425550704640> -> test<1146358218696691764> ä¸­çš„è¨Šæ¯è¢«åˆªé™¤: è€å¸«æ‚¨å¥½æˆ‘æ˜¯ä¾†è‡ªå¤–æ ¡çš„å­¸ç”Ÿï¼Œé€™å­¸æœŸé€šéæ ¡éš›é¸èª²é¸ä¿®æœ¬é–€èª²ç¨‹ï¼Œé€™é‚Šæˆ‘å•ä¸€ä¸‹æ˜¯å¦æœ‰ç‰¹åˆ¥çš„èª²ç¨‹è¦ç¯„éœ€è¦æ³¨æ„çš„
[2024/09/15|15:18:07][INFO]:lightinvi<428845649279188992>åœ¨[Star Impact Team->æ­£è¦æˆå“¡é »é“]èªª:å”æ•™å¾’å¥½åƒéƒ½åªå°ä½ å¥½ã„Ÿ
[2024/09/15|15:54:15][INFO]:chengxue625<416236840547385345>åœ¨[Star Impact Team->æ­£è¦æˆå“¡é »é“]èªª:éƒ½çµ¦ä»–æœ€å¥½çš„
[2024/09/15|15:56:03][INFO]:Shard ID None has successfully RESUMED session d9ba9ae649e8c18b2934324dd627213f.
[2024/09/15|15:59:32][INFO]:lightinvi<428845649279188992>åœ¨[Star Impact Team->æ­£è¦æˆå“¡é »é“]èªª:ä¸æ˜¯é˜¿ æˆ‘ä¹Ÿå¾…ä»–ä¸è–„é˜¿
[2024/09/15|17:23:07][INFO]:Shard ID None has successfully RESUMED session d9ba9ae649e8c18b2934324dd627213f.
[2024/09/15|19:36:46][INFO]:å·²æ›´æ–° chengxue625<416236840547385345> æ–¼ Star Impact Team<510386488639488001> çš„ä¼ºæœå™¨è³‡æ–™
[2024/09/15|19:36:46][INFO]:chengxue625<416236840547385345> åŠ å…¥ Star Impact Team<510386488639488001> çš„èªéŸ³é »é“
[2024/09/15|20:37:04][INFO]:Shard ID None has successfully RESUMED session d9ba9ae649e8c18b2934324dd627213f.
[2024/09/15|22:19:48][INFO]:å·²æ›´æ–° bigben2689<787727387383037962> æ–¼ Star Impact Team<510386488639488001> çš„ä¼ºæœå™¨è³‡æ–™
[2024/09/15|22:19:48][INFO]:bigben2689<787727387383037962> åŠ å…¥ Star Impact Team<510386488639488001> çš„èªéŸ³é »é“
[2024/09/15|22:22:36][INFO]:å·²æ›´æ–° bigben2689<787727387383037962> æ–¼ Star Impact Team<510386488639488001> çš„ä¼ºæœå™¨è³‡æ–™
[2024/09/15|22:22:36][INFO]:bigben2689<787727387383037962> æ–¼ Star Impact Team<510386488639488001> ç²å¾— 2è²¢ç»å€¼ å’Œ 3ç¢æ˜Ÿå€¼
[2024/09/16|00:13:09][INFO]:Shard ID None has successfully RESUMED session d9ba9ae649e8c18b2934324dd627213f.
[2024/09/16|00:23:43][INFO]:å·²æ›´æ–° chengxue625<416236840547385345> æ–¼ Star Impact Team<510386488639488001> çš„ä¼ºæœå™¨è³‡æ–™
[2024/09/16|00:23:43][INFO]:chengxue625<416236840547385345> æ–¼ Star Impact Team<510386488639488001> ç²å¾— 286è²¢ç»å€¼ å’Œ 429ç¢æ˜Ÿå€¼
[2024/09/16|02:10:19][INFO]:å·²æ›´æ–° lightinvi<428845649279188992> æ–¼ Star Impact Team<510386488639488001> çš„ä¼ºæœå™¨è³‡æ–™
[2024/09/16|02:10:19][INFO]:lightinvi<428845649279188992> æ–¼ Star Impact Team<510386488639488001> ç²å¾— 905è²¢ç»å€¼ å’Œ 1810ç¢æ˜Ÿå€¼
[2024/09/16|02:32:33][INFO]:Shard ID None has successfully RESUMED session d9ba9ae649e8c18b2934324dd627213f.
[2024/09/16|04:46:19][INFO]:Shard ID None has successfully RESUMED session d9ba9ae649e8c18b2934324dd627213f.
[2024/09/16|06:55:00][INFO]:Shard ID None has successfully RESUMED session d9ba9ae649e8c18b2934324dd627213f.
[2024/09/16|10:18:26][INFO]:Shard ID None has successfully RESUMED session d9ba9ae649e8c18b2934324dd627213f.
[2024/09/16|12:35:30][INFO]:Shard ID None has successfully RESUMED session d9ba9ae649e8c18b2934324dd627213f.
[2024/09/16|13:17:46][INFO]:chengxue625<416236840547385345>åœ¨[Star Impact Team->æ­£è¦æˆå“¡é »é“]èªª:<@428845649279188992> ä½ å„€å¼åœˆéƒ½æ”¾ä»€éº¼
[2024/09/16|13:29:57][INFO]:lightinvi<428845649279188992>åœ¨[Star Impact Team->æ­£è¦æˆå“¡é »é“]èªª:æ˜¨å¤©æˆ‘æ”¾äº†5å€‹ç¶­é›»è·¯æ¿
[2024/09/16|13:30:07][INFO]:Star Impact Team<510386488639488001> -> æ­£è¦æˆå“¡é »é“<578156795667808276> ä¸­çš„è¨Šæ¯è¢«ç·¨è¼¯: æ˜¨å¤©æˆ‘æ”¾äº†5å€‹ç¶­é›»è·¯æ¿ -> æ˜¨å¤©æˆ‘æ”¾äº†5å€‹å¾®é›»è·¯æ¿
[2024/09/16|13:41:59][INFO]:chengxue625<416236840547385345>åœ¨[Star Impact Team->æ­£è¦æˆå“¡é »é“]èªª:æ²’ç”¨
[2024/09/16|13:42:07][INFO]:chengxue625<416236840547385345>åœ¨[Star Impact Team->æ­£è¦æˆå“¡é »é“]èªª:æ”¾Sas
[2024/09/16|13:42:11][INFO]:chengxue625<416236840547385345>åœ¨[Star Impact Team->æ­£è¦æˆå“¡é »é“]èªª:smt
[2024/09/16|13:42:18][INFO]:chengxue625<416236840547385345>åœ¨[Star Impact Team->æ­£è¦æˆå“¡é »é“]èªª:ä¸€å®šæœƒæœ‰å¡
[2024/09/16|13:42:53][INFO]:chengxue625<416236840547385345>åœ¨[Star Impact Team->æ­£è¦æˆå“¡é »é“]èªª:é‚„æ˜¯ä½ æ”¾æƒ…å ±
[2024/09/16|13:43:27][INFO]:lightinvi<428845649279188992>åœ¨[Star Impact Team->æ­£è¦æˆå“¡é »é“]èªª:æˆ‘èªªçš„å¾®é›»è·¯æ¿æ˜¯é‚£å€‹åªèƒ½åœ¨å¯¦é©—å®¤æ’¿åˆ°çš„é‚£ä¸€å€‹(é†«å®˜å ±åƒ¹6w)ï¼Œä¸æ˜¯è»ç”¨é›»è·¯æ¿å–”
[2024/09/16|13:43:44][INFO]:chengxue625<416236840547385345>åœ¨[Star Impact Team->æ­£è¦æˆå“¡é »é“]èªª:ä»–ç®—æƒ…å ±å—
[2024/09/16|13:44:09][INFO]:chengxue625<416236840547385345>åœ¨[Star Impact Team->æ­£è¦æˆå“¡é »é“]èªª:é‚£æ˜¯é›»å­ç”¢å“å§
[2024/09/16|13:44:21][INFO]:lightinvi<428845649279188992>åœ¨[Star Impact Team->æ­£è¦æˆå“¡é »é“]èªª:ä»–ç®—é›»å­ç”¢å“ï¼Œä½†æ˜¯ç®—ç¨€æœ‰äº†ï¼Œç•¢ç«Ÿä»–èƒ½æ‹¿ä¾†åšLDEX
[2024/09/16|13:44:41][INFO]:chengxue625<416236840547385345>åœ¨[Star Impact Team->æ­£è¦æˆå“¡é »é“]èªª:ä»–æ˜¯çœ‹åˆ†é¡å¥½å—
[2024/09/16|13:45:02][INFO]:chengxue625<416236840547385345>åœ¨[Star Impact Team->æ­£è¦æˆå“¡é »é“]èªª:ä½ æ”¾é›»å­ç”¢å“å«ä»–ä¾¿ledx?
[2024/09/16|13:45:29][INFO]:lightinvi<428845649279188992>åœ¨[Star Impact Team->æ­£è¦æˆå“¡é »é“]èªª:åæ­£ä»Šå¤©å›å®¶è¦‹çœŸç« 
[2024/09/16|13:54:25][INFO]:Shard ID None has successfully RESUMED session d9ba9ae649e8c18b2934324dd627213f.
[2024/09/16|16:53:59][INFO]:å·²æ›´æ–° lightinvi<428845649279188992> æ–¼ Star Impact Team<510386488639488001> çš„ä¼ºæœå™¨è³‡æ–™
[2024/09/16|16:53:59][INFO]:lightinvi<428845649279188992> åŠ å…¥ Star Impact Team<510386488639488001> çš„èªéŸ³é »é“
[2024/09/16|16:56:53][INFO]:lightinvi<428845649279188992>åœ¨[Star Impact Team->æ­£è¦æˆå“¡é »é“]æ–°å¢é™„ä»¶:('1285162487892938752_image.png',)
[2024/09/16|16:56:53][INFO]:lightinvi<428845649279188992>åœ¨[Star Impact Team->æ­£è¦æˆå“¡é »é“]èªª:çµæœè«–æ˜¯è³ºçš„
[2024/09/16|17:05:23][INFO]:Shard ID None has successfully RESUMED session d9ba9ae649e8c18b2934324dd627213f.
[2024/09/16|17:41:35][INFO]:å·²æ›´æ–° lightinvi<428845649279188992> æ–¼ Star Impact Team<510386488639488001> çš„ä¼ºæœå™¨è³‡æ–™
[2024/09/16|17:41:35][INFO]:lightinvi<428845649279188992> æ–¼ Star Impact Team<510386488639488001> ç²å¾— 47è²¢ç»å€¼ å’Œ 94ç¢æ˜Ÿå€¼
[2024/09/16|17:42:39][INFO]:å·²æ›´æ–° lightinvi<428845649279188992> æ–¼ Star Impact Team<510386488639488001> çš„ä¼ºæœå™¨è³‡æ–™
[2024/09/16|17:42:39][INFO]:lightinvi<428845649279188992> åŠ å…¥ Star Impact Team<510386488639488001> çš„èªéŸ³é »é“
[2024/09/16|17:49:42][INFO]:å·²æ›´æ–° wujiaheitao<250219460877746176> æ–¼ Star Impact Team<510386488639488001> çš„ä¼ºæœå™¨è³‡æ–™
[2024/09/16|17:49:42][INFO]:wujiaheitao<250219460877746176> åŠ å…¥ Star Impact Team<510386488639488001> çš„èªéŸ³é »é“
[2024/09/16|17:49:54][INFO]:å·²æ›´æ–° wujiaheitao<250219460877746176> æ–¼ Star Impact Team<510386488639488001> çš„ä¼ºæœå™¨è³‡æ–™
[2024/09/16|17:49:54][INFO]:wujiaheitao<250219460877746176> æ–¼ Star Impact Team<510386488639488001> ç²å¾— 0è²¢ç»å€¼ å’Œ 0ç¢æ˜Ÿå€¼
[2024/09/16|18:00:15][INFO]:chengxue625<416236840547385345>åœ¨[Star Impact Team->æ­£è¦æˆå“¡é »é“]èªª:æœ‰æˆ‘é‚£é»ƒå¡è³ºå—
[2024/09/16|18:05:46][INFO]:lightinvi<428845649279188992>åœ¨[Star Impact Team->æ­£è¦æˆå“¡é »é“]èªª:ç¾åœ¨é‚„ä¸è³ºé€™é¡†é›»æ± æˆ‘è¦ç•™è‘—æ›é»‘å¡
[2024/09/16|18:16:26][INFO]:Shard ID None has successfully RESUMED session d9ba9ae649e8c18b2934324dd627213f.
[2024/09/16|18:18:39][INFO]:chengxue625<416236840547385345>åœ¨[Star Impact Team->æ­£è¦æˆå“¡é »é“]èªª:æˆ‘é‚ªæ•™æˆ¿éš¨ä¾¿é–‹éƒ½æœ‰å¡
[2024/09/16|18:21:25][INFO]:lightinvi<428845649279188992>åœ¨[Star Impact Team->æ­£è¦æˆå“¡é »é“]èªª:å“ªå¯èƒ½åªæœ‰ä½ æœ‰é‚£å€‹é‹ æˆ‘å€’æ˜¯æŠŠæŠŠé–‹æŠŠæŠŠåªæœ‰æ§
[2024/09/16|18:38:25][INFO]:Shard ID None has successfully RESUMED session d9ba9ae649e8c18b2934324dd627213f.
[2024/09/16|19:01:45][INFO]:chengxue625<416236840547385345>åœ¨[Star Impact Team->æ­£è¦æˆå“¡é »é“]èªª:é‚„æ˜¯ä½ è²·ä¸€å€‹
[2024/09/16|19:01:50][INFO]:chengxue625<416236840547385345>åœ¨[Star Impact Team->æ­£è¦æˆå“¡é »é“]èªª:å„²å‚™ç«™
[2024/09/16|19:01:57][INFO]:chengxue625<416236840547385345>åœ¨[Star Impact Team->æ­£è¦æˆå“¡é »é“]èªª:ä¸‰æŠŠ
[2024/09/16|19:02:00][INFO]:lightinvi<428845649279188992>åœ¨[Star Impact Team->æ­£è¦æˆå“¡é »é“]èªª:ä¸è¦
[2024/09/16|19:02:04][INFO]:lightinvi<428845649279188992>åœ¨[Star Impact Team->æ­£è¦æˆå“¡é »é“]èªª:æˆ‘è¦å­˜éŒ¢
[2024/09/16|19:02:13][INFO]:lightinvi<428845649279188992>åœ¨[Star Impact Team->æ­£è¦æˆå“¡é »é“]èªª:è²·å·¥å» çš„é»ƒå¡
[2024/09/16|19:02:19][INFO]:chengxue625<416236840547385345>åœ¨[Star Impact Team->æ­£è¦æˆå“¡é »é“]èªª:ä½ å­˜éŒ¢èƒ½å¹¹å•¥
[2024/09/16|19:02:47][INFO]:chengxue625<416236840547385345>åœ¨[Star Impact Team->æ­£è¦æˆå“¡é »é“]èªª:é‚£å¼µå¡å¯ä»¥ç”¨é‚ªæ•™æˆ¿é–‹åˆ°å—
[2024/09/16|19:03:01][INFO]:chengxue625<416236840547385345>åœ¨[Star Impact Team->æ­£è¦æˆå“¡é »é“]èªª:æˆ–æ˜¯å„€å¼åœˆ
[2024/09/16|19:03:08][INFO]:lightinvi<428845649279188992>åœ¨[Star Impact Team->æ­£è¦æˆå“¡é »é“]èªª:æˆ‘ä¸çŸ¥é“
[2024/09/16|19:03:32][INFO]:chengxue625<416236840547385345>åœ¨[Star Impact Team->æ­£è¦æˆå“¡é »é“]èªª:ç¾åœ¨é‚£å¼µå¡å¤šå°‘éŒ¢
[2024/09/16|19:05:28][INFO]:lightinvi<428845649279188992>åœ¨[Star Impact Team->æ­£è¦æˆå“¡é »é“]èªª:14m
[2024/09/16|19:48:09][INFO]:Shard ID None has successfully RESUMED session d9ba9ae649e8c18b2934324dd627213f.
[2024/09/16|21:13:12][INFO]:å·²æ›´æ–° wujiaheitao<250219460877746176> æ–¼ Star Impact Team<510386488639488001> çš„ä¼ºæœå™¨è³‡æ–™
[2024/09/16|21:13:12][INFO]:wujiaheitao<250219460877746176> åŠ å…¥ Star Impact Team<510386488639488001> çš„èªéŸ³é »é“
[2024/09/16|21:13:34][INFO]:å·²æ›´æ–° wujiaheitao<250219460877746176> æ–¼ Star Impact Team<510386488639488001> çš„ä¼ºæœå™¨è³‡æ–™
[2024/09/16|21:13:34][INFO]:wujiaheitao<250219460877746176> æ–¼ Star Impact Team<510386488639488001> ç²å¾— 0è²¢ç»å€¼ å’Œ 0ç¢æ˜Ÿå€¼
[2024/09/16|21:46:29][INFO]:Shard ID None has successfully RESUMED session d9ba9ae649e8c18b2934324dd627213f.
[2024/09/16|22:45:47][INFO]:Shard ID None has successfully RESUMED session d9ba9ae649e8c18b2934324dd627213f.
[2024/09/17|01:46:31][INFO]:Shard ID None has successfully RESUMED session d9ba9ae649e8c18b2934324dd627213f.
[2024/09/17|03:06:55][INFO]:Shard ID None has successfully RESUMED session d9ba9ae649e8c18b2934324dd627213f.
[2024/09/17|03:18:53][INFO]:Shard ID None has successfully RESUMED session d9ba9ae649e8c18b2934324dd627213f.
[2024/09/17|03:35:58][INFO]:Shard ID None has successfully RESUMED session d9ba9ae649e8c18b2934324dd627213f.
[2024/09/17|05:12:57][INFO]:Shard ID None has successfully RESUMED session d9ba9ae649e8c18b2934324dd627213f.
[2024/09/17|05:48:43][INFO]:Shard ID None has successfully RESUMED session d9ba9ae649e8c18b2934324dd627213f.
[2024/09/17|07:29:59][INFO]:lightinvi<428845649279188992>åœ¨[Star Impact Team->å¡”ç§‘å¤«é–’èŠğŸ“£]æ–°å¢é™„ä»¶:('1285382207925522493_image.png',)
[2024/09/17|07:57:14][INFO]:å·²æ›´æ–° chengxue625<416236840547385345> æ–¼ Star Impact Team<510386488639488001> çš„ä¼ºæœå™¨è³‡æ–™
[2024/09/17|07:57:14][INFO]:chengxue625<416236840547385345> åŠ å…¥ Star Impact Team<510386488639488001> çš„èªéŸ³é »é“
[2024/09/17|07:57:18][INFO]:chengxue625<416236840547385345>åœ¨[Star Impact Team->æ­£è¦æˆå“¡é »é“]èªª:<@428845649279188992>
[2024/09/17|07:57:18][INFO]:chengxue625<416236840547385345>åœ¨[Star Impact Team->æ­£è¦æˆå“¡é »é“]æ–°å¢é™„ä»¶:('1285389080288428103_image.png',)
[2024/09/17|07:59:39][ERROR]:Ignoring exception in on_raw_reaction_add
Traceback (most recent call last):
  File "C:\Users\Lightinvi\AppData\Roaming\Python\Python312\site-packages\discord\client.py", line 441, in _run_event
    await coro(*args, **kwargs)
  File "C:\Users\Lightinvi\Desktop\Discord_XitoAi\src\commands\event.py", line 212, in on_raw_reaction_add
    response = ReactionMethod.msg_translation(emoji, translation_msg.content)
               ^^^^^^^^^^^^^^^^^^^^^^^^^^^^^^^^^^^^^^^^^^^^^^^^^^^^^^^^^^^^^^
  File "C:\Users\Lightinvi\Desktop\Discord_XitoAi\src\methods\OAM_event.py", line 117, in msg_translation
    return translator.translate(
           ^^^^^^^^^^^^^^^^^^^^^
  File "C:\Users\Lightinvi\AppData\Roaming\Python\Python312\site-packages\googletrans\client.py", line 174, in translate
    dest = dest.lower().split('_', 1)[0]
           ^^^^^^^^^^
AttributeError: 'NoneType' object has no attribute 'lower'
[2024/09/17|09:39:40][INFO]:Shard ID None has successfully RESUMED session d9ba9ae649e8c18b2934324dd627213f.
[2024/09/17|13:26:08][INFO]:Shard ID None has successfully RESUMED session d9ba9ae649e8c18b2934324dd627213f.
[2024/09/17|15:00:35][INFO]:å·²æ›´æ–° wujiaheitao<250219460877746176> æ–¼ Star Impact Team<510386488639488001> çš„ä¼ºæœå™¨è³‡æ–™
[2024/09/17|15:00:35][INFO]:wujiaheitao<250219460877746176> åŠ å…¥ Star Impact Team<510386488639488001> çš„èªéŸ³é »é“
[2024/09/17|15:00:47][INFO]:å·²æ›´æ–° wujiaheitao<250219460877746176> æ–¼ Star Impact Team<510386488639488001> çš„ä¼ºæœå™¨è³‡æ–™
[2024/09/17|15:00:47][INFO]:wujiaheitao<250219460877746176> æ–¼ Star Impact Team<510386488639488001> ç²å¾— 0è²¢ç»å€¼ å’Œ 0ç¢æ˜Ÿå€¼
[2024/09/17|16:23:55][INFO]:Shard ID None has successfully RESUMED session d9ba9ae649e8c18b2934324dd627213f.
[2024/09/17|17:43:02][INFO]:Shard ID None has successfully RESUMED session d9ba9ae649e8c18b2934324dd627213f.
[2024/09/17|17:44:58][INFO]:Shard ID None has successfully RESUMED session d9ba9ae649e8c18b2934324dd627213f.
[2024/09/17|18:08:52][INFO]:Shard ID None has successfully RESUMED session d9ba9ae649e8c18b2934324dd627213f.
[2024/09/17|20:13:14][INFO]:Shard ID None has successfully RESUMED session d9ba9ae649e8c18b2934324dd627213f.
[2024/09/17|20:19:17][ERROR]:Attempting a reconnect in 1.84s
Traceback (most recent call last):
  File "C:\Users\Lightinvi\AppData\Roaming\Python\Python312\site-packages\aiohttp\connector.py", line 1173, in _create_direct_connection
    hosts = await asyncio.shield(host_resolved)
            ^^^^^^^^^^^^^^^^^^^^^^^^^^^^^^^^^^^
  File "C:\Users\Lightinvi\AppData\Roaming\Python\Python312\site-packages\aiohttp\connector.py", line 884, in _resolve_host
    addrs = await self._resolver.resolve(host, port, family=self._family)
            ^^^^^^^^^^^^^^^^^^^^^^^^^^^^^^^^^^^^^^^^^^^^^^^^^^^^^^^^^^^^^
  File "C:\Users\Lightinvi\AppData\Roaming\Python\Python312\site-packages\aiohttp\resolver.py", line 33, in resolve
    infos = await self._loop.getaddrinfo(
            ^^^^^^^^^^^^^^^^^^^^^^^^^^^^^
  File "C:\Program Files\Python312\Lib\asyncio\base_events.py", line 899, in getaddrinfo
    return await self.run_in_executor(
           ^^^^^^^^^^^^^^^^^^^^^^^^^^^
  File "C:\Program Files\Python312\Lib\concurrent\futures\thread.py", line 58, in run
    result = self.fn(*self.args, **self.kwargs)
             ^^^^^^^^^^^^^^^^^^^^^^^^^^^^^^^^^^
  File "C:\Program Files\Python312\Lib\socket.py", line 963, in getaddrinfo
    for res in _socket.getaddrinfo(host, port, family, type, proto, flags):
               ^^^^^^^^^^^^^^^^^^^^^^^^^^^^^^^^^^^^^^^^^^^^^^^^^^^^^^^^^^^
socket.gaierror: [Errno 11001] getaddrinfo failed

The above exception was the direct cause of the following exception:

Traceback (most recent call last):
  File "C:\Users\Lightinvi\AppData\Roaming\Python\Python312\site-packages\discord\client.py", line 656, in connect
    self.ws = await asyncio.wait_for(coro, timeout=60.0)
              ^^^^^^^^^^^^^^^^^^^^^^^^^^^^^^^^^^^^^^^^^^
  File "C:\Program Files\Python312\Lib\asyncio\tasks.py", line 520, in wait_for
    return await fut
           ^^^^^^^^^
  File "C:\Users\Lightinvi\AppData\Roaming\Python\Python312\site-packages\discord\gateway.py", line 372, in from_client
    socket = await client.http.ws_connect(str(url))
             ^^^^^^^^^^^^^^^^^^^^^^^^^^^^^^^^^^^^^^
  File "C:\Users\Lightinvi\AppData\Roaming\Python\Python312\site-packages\discord\http.py", line 537, in ws_connect
    return await self.__session.ws_connect(url, **kwargs)
           ^^^^^^^^^^^^^^^^^^^^^^^^^^^^^^^^^^^^^^^^^^^^^^
  File "C:\Users\Lightinvi\AppData\Roaming\Python\Python312\site-packages\aiohttp\client.py", line 832, in _ws_connect
    resp = await self.request(
           ^^^^^^^^^^^^^^^^^^^
  File "C:\Users\Lightinvi\AppData\Roaming\Python\Python312\site-packages\aiohttp\client.py", line 578, in _request
    conn = await self._connector.connect(
           ^^^^^^^^^^^^^^^^^^^^^^^^^^^^^^
  File "C:\Users\Lightinvi\AppData\Roaming\Python\Python312\site-packages\aiohttp\connector.py", line 544, in connect
    proto = await self._create_connection(req, traces, timeout)
            ^^^^^^^^^^^^^^^^^^^^^^^^^^^^^^^^^^^^^^^^^^^^^^^^^^^
  File "C:\Users\Lightinvi\AppData\Roaming\Python\Python312\site-packages\aiohttp\connector.py", line 911, in _create_connection
    _, proto = await self._create_direct_connection(req, traces, timeout)
               ^^^^^^^^^^^^^^^^^^^^^^^^^^^^^^^^^^^^^^^^^^^^^^^^^^^^^^^^^^
  File "C:\Users\Lightinvi\AppData\Roaming\Python\Python312\site-packages\aiohttp\connector.py", line 1187, in _create_direct_connection
    raise ClientConnectorError(req.connection_key, exc) from exc
aiohttp.client_exceptions.ClientConnectorError: Cannot connect to host gateway-us-east1-c.discord.gg:443 ssl:default [getaddrinfo failed]
[2024/09/17|20:19:19][ERROR]:Attempting a reconnect in 1.76s
Traceback (most recent call last):
  File "C:\Users\Lightinvi\AppData\Roaming\Python\Python312\site-packages\aiohttp\connector.py", line 1173, in _create_direct_connection
    hosts = await asyncio.shield(host_resolved)
            ^^^^^^^^^^^^^^^^^^^^^^^^^^^^^^^^^^^
  File "C:\Users\Lightinvi\AppData\Roaming\Python\Python312\site-packages\aiohttp\connector.py", line 884, in _resolve_host
    addrs = await self._resolver.resolve(host, port, family=self._family)
            ^^^^^^^^^^^^^^^^^^^^^^^^^^^^^^^^^^^^^^^^^^^^^^^^^^^^^^^^^^^^^
  File "C:\Users\Lightinvi\AppData\Roaming\Python\Python312\site-packages\aiohttp\resolver.py", line 33, in resolve
    infos = await self._loop.getaddrinfo(
            ^^^^^^^^^^^^^^^^^^^^^^^^^^^^^
  File "C:\Program Files\Python312\Lib\asyncio\base_events.py", line 899, in getaddrinfo
    return await self.run_in_executor(
           ^^^^^^^^^^^^^^^^^^^^^^^^^^^
  File "C:\Program Files\Python312\Lib\concurrent\futures\thread.py", line 58, in run
    result = self.fn(*self.args, **self.kwargs)
             ^^^^^^^^^^^^^^^^^^^^^^^^^^^^^^^^^^
  File "C:\Program Files\Python312\Lib\socket.py", line 963, in getaddrinfo
    for res in _socket.getaddrinfo(host, port, family, type, proto, flags):
               ^^^^^^^^^^^^^^^^^^^^^^^^^^^^^^^^^^^^^^^^^^^^^^^^^^^^^^^^^^^
socket.gaierror: [Errno 11001] getaddrinfo failed

The above exception was the direct cause of the following exception:

Traceback (most recent call last):
  File "C:\Users\Lightinvi\AppData\Roaming\Python\Python312\site-packages\discord\client.py", line 656, in connect
    self.ws = await asyncio.wait_for(coro, timeout=60.0)
              ^^^^^^^^^^^^^^^^^^^^^^^^^^^^^^^^^^^^^^^^^^
  File "C:\Program Files\Python312\Lib\asyncio\tasks.py", line 520, in wait_for
    return await fut
           ^^^^^^^^^
  File "C:\Users\Lightinvi\AppData\Roaming\Python\Python312\site-packages\discord\gateway.py", line 372, in from_client
    socket = await client.http.ws_connect(str(url))
             ^^^^^^^^^^^^^^^^^^^^^^^^^^^^^^^^^^^^^^
  File "C:\Users\Lightinvi\AppData\Roaming\Python\Python312\site-packages\discord\http.py", line 537, in ws_connect
    return await self.__session.ws_connect(url, **kwargs)
           ^^^^^^^^^^^^^^^^^^^^^^^^^^^^^^^^^^^^^^^^^^^^^^
  File "C:\Users\Lightinvi\AppData\Roaming\Python\Python312\site-packages\aiohttp\client.py", line 832, in _ws_connect
    resp = await self.request(
           ^^^^^^^^^^^^^^^^^^^
  File "C:\Users\Lightinvi\AppData\Roaming\Python\Python312\site-packages\aiohttp\client.py", line 578, in _request
    conn = await self._connector.connect(
           ^^^^^^^^^^^^^^^^^^^^^^^^^^^^^^
  File "C:\Users\Lightinvi\AppData\Roaming\Python\Python312\site-packages\aiohttp\connector.py", line 544, in connect
    proto = await self._create_connection(req, traces, timeout)
            ^^^^^^^^^^^^^^^^^^^^^^^^^^^^^^^^^^^^^^^^^^^^^^^^^^^
  File "C:\Users\Lightinvi\AppData\Roaming\Python\Python312\site-packages\aiohttp\connector.py", line 911, in _create_connection
    _, proto = await self._create_direct_connection(req, traces, timeout)
               ^^^^^^^^^^^^^^^^^^^^^^^^^^^^^^^^^^^^^^^^^^^^^^^^^^^^^^^^^^
  File "C:\Users\Lightinvi\AppData\Roaming\Python\Python312\site-packages\aiohttp\connector.py", line 1187, in _create_direct_connection
    raise ClientConnectorError(req.connection_key, exc) from exc
aiohttp.client_exceptions.ClientConnectorError: Cannot connect to host gateway-us-east1-c.discord.gg:443 ssl:default [getaddrinfo failed]
[2024/09/17|20:19:20][ERROR]:Attempting a reconnect in 1.13s
Traceback (most recent call last):
  File "C:\Users\Lightinvi\AppData\Roaming\Python\Python312\site-packages\aiohttp\connector.py", line 1173, in _create_direct_connection
    hosts = await asyncio.shield(host_resolved)
            ^^^^^^^^^^^^^^^^^^^^^^^^^^^^^^^^^^^
  File "C:\Users\Lightinvi\AppData\Roaming\Python\Python312\site-packages\aiohttp\connector.py", line 884, in _resolve_host
    addrs = await self._resolver.resolve(host, port, family=self._family)
            ^^^^^^^^^^^^^^^^^^^^^^^^^^^^^^^^^^^^^^^^^^^^^^^^^^^^^^^^^^^^^
  File "C:\Users\Lightinvi\AppData\Roaming\Python\Python312\site-packages\aiohttp\resolver.py", line 33, in resolve
    infos = await self._loop.getaddrinfo(
            ^^^^^^^^^^^^^^^^^^^^^^^^^^^^^
  File "C:\Program Files\Python312\Lib\asyncio\base_events.py", line 899, in getaddrinfo
    return await self.run_in_executor(
           ^^^^^^^^^^^^^^^^^^^^^^^^^^^
  File "C:\Program Files\Python312\Lib\concurrent\futures\thread.py", line 58, in run
    result = self.fn(*self.args, **self.kwargs)
             ^^^^^^^^^^^^^^^^^^^^^^^^^^^^^^^^^^
  File "C:\Program Files\Python312\Lib\socket.py", line 963, in getaddrinfo
    for res in _socket.getaddrinfo(host, port, family, type, proto, flags):
               ^^^^^^^^^^^^^^^^^^^^^^^^^^^^^^^^^^^^^^^^^^^^^^^^^^^^^^^^^^^
socket.gaierror: [Errno 11001] getaddrinfo failed

The above exception was the direct cause of the following exception:

Traceback (most recent call last):
  File "C:\Users\Lightinvi\AppData\Roaming\Python\Python312\site-packages\discord\client.py", line 656, in connect
    self.ws = await asyncio.wait_for(coro, timeout=60.0)
              ^^^^^^^^^^^^^^^^^^^^^^^^^^^^^^^^^^^^^^^^^^
  File "C:\Program Files\Python312\Lib\asyncio\tasks.py", line 520, in wait_for
    return await fut
           ^^^^^^^^^
  File "C:\Users\Lightinvi\AppData\Roaming\Python\Python312\site-packages\discord\gateway.py", line 372, in from_client
    socket = await client.http.ws_connect(str(url))
             ^^^^^^^^^^^^^^^^^^^^^^^^^^^^^^^^^^^^^^
  File "C:\Users\Lightinvi\AppData\Roaming\Python\Python312\site-packages\discord\http.py", line 537, in ws_connect
    return await self.__session.ws_connect(url, **kwargs)
           ^^^^^^^^^^^^^^^^^^^^^^^^^^^^^^^^^^^^^^^^^^^^^^
  File "C:\Users\Lightinvi\AppData\Roaming\Python\Python312\site-packages\aiohttp\client.py", line 832, in _ws_connect
    resp = await self.request(
           ^^^^^^^^^^^^^^^^^^^
  File "C:\Users\Lightinvi\AppData\Roaming\Python\Python312\site-packages\aiohttp\client.py", line 578, in _request
    conn = await self._connector.connect(
           ^^^^^^^^^^^^^^^^^^^^^^^^^^^^^^
  File "C:\Users\Lightinvi\AppData\Roaming\Python\Python312\site-packages\aiohttp\connector.py", line 544, in connect
    proto = await self._create_connection(req, traces, timeout)
            ^^^^^^^^^^^^^^^^^^^^^^^^^^^^^^^^^^^^^^^^^^^^^^^^^^^
  File "C:\Users\Lightinvi\AppData\Roaming\Python\Python312\site-packages\aiohttp\connector.py", line 911, in _create_connection
    _, proto = await self._create_direct_connection(req, traces, timeout)
               ^^^^^^^^^^^^^^^^^^^^^^^^^^^^^^^^^^^^^^^^^^^^^^^^^^^^^^^^^^
  File "C:\Users\Lightinvi\AppData\Roaming\Python\Python312\site-packages\aiohttp\connector.py", line 1187, in _create_direct_connection
    raise ClientConnectorError(req.connection_key, exc) from exc
aiohttp.client_exceptions.ClientConnectorError: Cannot connect to host gateway-us-east1-c.discord.gg:443 ssl:default [getaddrinfo failed]
[2024/09/17|20:19:22][ERROR]:Attempting a reconnect in 14.37s
Traceback (most recent call last):
  File "C:\Users\Lightinvi\AppData\Roaming\Python\Python312\site-packages\aiohttp\connector.py", line 1173, in _create_direct_connection
    hosts = await asyncio.shield(host_resolved)
            ^^^^^^^^^^^^^^^^^^^^^^^^^^^^^^^^^^^
  File "C:\Users\Lightinvi\AppData\Roaming\Python\Python312\site-packages\aiohttp\connector.py", line 884, in _resolve_host
    addrs = await self._resolver.resolve(host, port, family=self._family)
            ^^^^^^^^^^^^^^^^^^^^^^^^^^^^^^^^^^^^^^^^^^^^^^^^^^^^^^^^^^^^^
  File "C:\Users\Lightinvi\AppData\Roaming\Python\Python312\site-packages\aiohttp\resolver.py", line 33, in resolve
    infos = await self._loop.getaddrinfo(
            ^^^^^^^^^^^^^^^^^^^^^^^^^^^^^
  File "C:\Program Files\Python312\Lib\asyncio\base_events.py", line 899, in getaddrinfo
    return await self.run_in_executor(
           ^^^^^^^^^^^^^^^^^^^^^^^^^^^
  File "C:\Program Files\Python312\Lib\concurrent\futures\thread.py", line 58, in run
    result = self.fn(*self.args, **self.kwargs)
             ^^^^^^^^^^^^^^^^^^^^^^^^^^^^^^^^^^
  File "C:\Program Files\Python312\Lib\socket.py", line 963, in getaddrinfo
    for res in _socket.getaddrinfo(host, port, family, type, proto, flags):
               ^^^^^^^^^^^^^^^^^^^^^^^^^^^^^^^^^^^^^^^^^^^^^^^^^^^^^^^^^^^
socket.gaierror: [Errno 11001] getaddrinfo failed

The above exception was the direct cause of the following exception:

Traceback (most recent call last):
  File "C:\Users\Lightinvi\AppData\Roaming\Python\Python312\site-packages\discord\client.py", line 656, in connect
    self.ws = await asyncio.wait_for(coro, timeout=60.0)
              ^^^^^^^^^^^^^^^^^^^^^^^^^^^^^^^^^^^^^^^^^^
  File "C:\Program Files\Python312\Lib\asyncio\tasks.py", line 520, in wait_for
    return await fut
           ^^^^^^^^^
  File "C:\Users\Lightinvi\AppData\Roaming\Python\Python312\site-packages\discord\gateway.py", line 372, in from_client
    socket = await client.http.ws_connect(str(url))
             ^^^^^^^^^^^^^^^^^^^^^^^^^^^^^^^^^^^^^^
  File "C:\Users\Lightinvi\AppData\Roaming\Python\Python312\site-packages\discord\http.py", line 537, in ws_connect
    return await self.__session.ws_connect(url, **kwargs)
           ^^^^^^^^^^^^^^^^^^^^^^^^^^^^^^^^^^^^^^^^^^^^^^
  File "C:\Users\Lightinvi\AppData\Roaming\Python\Python312\site-packages\aiohttp\client.py", line 832, in _ws_connect
    resp = await self.request(
           ^^^^^^^^^^^^^^^^^^^
  File "C:\Users\Lightinvi\AppData\Roaming\Python\Python312\site-packages\aiohttp\client.py", line 578, in _request
    conn = await self._connector.connect(
           ^^^^^^^^^^^^^^^^^^^^^^^^^^^^^^
  File "C:\Users\Lightinvi\AppData\Roaming\Python\Python312\site-packages\aiohttp\connector.py", line 544, in connect
    proto = await self._create_connection(req, traces, timeout)
            ^^^^^^^^^^^^^^^^^^^^^^^^^^^^^^^^^^^^^^^^^^^^^^^^^^^
  File "C:\Users\Lightinvi\AppData\Roaming\Python\Python312\site-packages\aiohttp\connector.py", line 911, in _create_connection
    _, proto = await self._create_direct_connection(req, traces, timeout)
               ^^^^^^^^^^^^^^^^^^^^^^^^^^^^^^^^^^^^^^^^^^^^^^^^^^^^^^^^^^
  File "C:\Users\Lightinvi\AppData\Roaming\Python\Python312\site-packages\aiohttp\connector.py", line 1187, in _create_direct_connection
    raise ClientConnectorError(req.connection_key, exc) from exc
aiohttp.client_exceptions.ClientConnectorError: Cannot connect to host gateway-us-east1-c.discord.gg:443 ssl:default [getaddrinfo failed]
[2024/09/17|20:19:36][ERROR]:Attempting a reconnect in 13.94s
Traceback (most recent call last):
  File "C:\Users\Lightinvi\AppData\Roaming\Python\Python312\site-packages\aiohttp\connector.py", line 1173, in _create_direct_connection
    hosts = await asyncio.shield(host_resolved)
            ^^^^^^^^^^^^^^^^^^^^^^^^^^^^^^^^^^^
  File "C:\Users\Lightinvi\AppData\Roaming\Python\Python312\site-packages\aiohttp\connector.py", line 884, in _resolve_host
    addrs = await self._resolver.resolve(host, port, family=self._family)
            ^^^^^^^^^^^^^^^^^^^^^^^^^^^^^^^^^^^^^^^^^^^^^^^^^^^^^^^^^^^^^
  File "C:\Users\Lightinvi\AppData\Roaming\Python\Python312\site-packages\aiohttp\resolver.py", line 33, in resolve
    infos = await self._loop.getaddrinfo(
            ^^^^^^^^^^^^^^^^^^^^^^^^^^^^^
  File "C:\Program Files\Python312\Lib\asyncio\base_events.py", line 899, in getaddrinfo
    return await self.run_in_executor(
           ^^^^^^^^^^^^^^^^^^^^^^^^^^^
  File "C:\Program Files\Python312\Lib\concurrent\futures\thread.py", line 58, in run
    result = self.fn(*self.args, **self.kwargs)
             ^^^^^^^^^^^^^^^^^^^^^^^^^^^^^^^^^^
  File "C:\Program Files\Python312\Lib\socket.py", line 963, in getaddrinfo
    for res in _socket.getaddrinfo(host, port, family, type, proto, flags):
               ^^^^^^^^^^^^^^^^^^^^^^^^^^^^^^^^^^^^^^^^^^^^^^^^^^^^^^^^^^^
socket.gaierror: [Errno 11001] getaddrinfo failed

The above exception was the direct cause of the following exception:

Traceback (most recent call last):
  File "C:\Users\Lightinvi\AppData\Roaming\Python\Python312\site-packages\discord\client.py", line 656, in connect
    self.ws = await asyncio.wait_for(coro, timeout=60.0)
              ^^^^^^^^^^^^^^^^^^^^^^^^^^^^^^^^^^^^^^^^^^
  File "C:\Program Files\Python312\Lib\asyncio\tasks.py", line 520, in wait_for
    return await fut
           ^^^^^^^^^
  File "C:\Users\Lightinvi\AppData\Roaming\Python\Python312\site-packages\discord\gateway.py", line 372, in from_client
    socket = await client.http.ws_connect(str(url))
             ^^^^^^^^^^^^^^^^^^^^^^^^^^^^^^^^^^^^^^
  File "C:\Users\Lightinvi\AppData\Roaming\Python\Python312\site-packages\discord\http.py", line 537, in ws_connect
    return await self.__session.ws_connect(url, **kwargs)
           ^^^^^^^^^^^^^^^^^^^^^^^^^^^^^^^^^^^^^^^^^^^^^^
  File "C:\Users\Lightinvi\AppData\Roaming\Python\Python312\site-packages\aiohttp\client.py", line 832, in _ws_connect
    resp = await self.request(
           ^^^^^^^^^^^^^^^^^^^
  File "C:\Users\Lightinvi\AppData\Roaming\Python\Python312\site-packages\aiohttp\client.py", line 578, in _request
    conn = await self._connector.connect(
           ^^^^^^^^^^^^^^^^^^^^^^^^^^^^^^
  File "C:\Users\Lightinvi\AppData\Roaming\Python\Python312\site-packages\aiohttp\connector.py", line 544, in connect
    proto = await self._create_connection(req, traces, timeout)
            ^^^^^^^^^^^^^^^^^^^^^^^^^^^^^^^^^^^^^^^^^^^^^^^^^^^
  File "C:\Users\Lightinvi\AppData\Roaming\Python\Python312\site-packages\aiohttp\connector.py", line 911, in _create_connection
    _, proto = await self._create_direct_connection(req, traces, timeout)
               ^^^^^^^^^^^^^^^^^^^^^^^^^^^^^^^^^^^^^^^^^^^^^^^^^^^^^^^^^^
  File "C:\Users\Lightinvi\AppData\Roaming\Python\Python312\site-packages\aiohttp\connector.py", line 1187, in _create_direct_connection
    raise ClientConnectorError(req.connection_key, exc) from exc
aiohttp.client_exceptions.ClientConnectorError: Cannot connect to host gateway-us-east1-c.discord.gg:443 ssl:default [getaddrinfo failed]
[2024/09/17|20:20:01][ERROR]:Attempting a reconnect in 51.65s
Traceback (most recent call last):
  File "C:\Users\Lightinvi\AppData\Roaming\Python\Python312\site-packages\aiohttp\connector.py", line 1173, in _create_direct_connection
    hosts = await asyncio.shield(host_resolved)
            ^^^^^^^^^^^^^^^^^^^^^^^^^^^^^^^^^^^
  File "C:\Users\Lightinvi\AppData\Roaming\Python\Python312\site-packages\aiohttp\connector.py", line 884, in _resolve_host
    addrs = await self._resolver.resolve(host, port, family=self._family)
            ^^^^^^^^^^^^^^^^^^^^^^^^^^^^^^^^^^^^^^^^^^^^^^^^^^^^^^^^^^^^^
  File "C:\Users\Lightinvi\AppData\Roaming\Python\Python312\site-packages\aiohttp\resolver.py", line 33, in resolve
    infos = await self._loop.getaddrinfo(
            ^^^^^^^^^^^^^^^^^^^^^^^^^^^^^
  File "C:\Program Files\Python312\Lib\asyncio\base_events.py", line 899, in getaddrinfo
    return await self.run_in_executor(
           ^^^^^^^^^^^^^^^^^^^^^^^^^^^
  File "C:\Program Files\Python312\Lib\concurrent\futures\thread.py", line 58, in run
    result = self.fn(*self.args, **self.kwargs)
             ^^^^^^^^^^^^^^^^^^^^^^^^^^^^^^^^^^
  File "C:\Program Files\Python312\Lib\socket.py", line 963, in getaddrinfo
    for res in _socket.getaddrinfo(host, port, family, type, proto, flags):
               ^^^^^^^^^^^^^^^^^^^^^^^^^^^^^^^^^^^^^^^^^^^^^^^^^^^^^^^^^^^
socket.gaierror: [Errno 11001] getaddrinfo failed

The above exception was the direct cause of the following exception:

Traceback (most recent call last):
  File "C:\Users\Lightinvi\AppData\Roaming\Python\Python312\site-packages\discord\client.py", line 656, in connect
    self.ws = await asyncio.wait_for(coro, timeout=60.0)
              ^^^^^^^^^^^^^^^^^^^^^^^^^^^^^^^^^^^^^^^^^^
  File "C:\Program Files\Python312\Lib\asyncio\tasks.py", line 520, in wait_for
    return await fut
           ^^^^^^^^^
  File "C:\Users\Lightinvi\AppData\Roaming\Python\Python312\site-packages\discord\gateway.py", line 372, in from_client
    socket = await client.http.ws_connect(str(url))
             ^^^^^^^^^^^^^^^^^^^^^^^^^^^^^^^^^^^^^^
  File "C:\Users\Lightinvi\AppData\Roaming\Python\Python312\site-packages\discord\http.py", line 537, in ws_connect
    return await self.__session.ws_connect(url, **kwargs)
           ^^^^^^^^^^^^^^^^^^^^^^^^^^^^^^^^^^^^^^^^^^^^^^
  File "C:\Users\Lightinvi\AppData\Roaming\Python\Python312\site-packages\aiohttp\client.py", line 832, in _ws_connect
    resp = await self.request(
           ^^^^^^^^^^^^^^^^^^^
  File "C:\Users\Lightinvi\AppData\Roaming\Python\Python312\site-packages\aiohttp\client.py", line 578, in _request
    conn = await self._connector.connect(
           ^^^^^^^^^^^^^^^^^^^^^^^^^^^^^^
  File "C:\Users\Lightinvi\AppData\Roaming\Python\Python312\site-packages\aiohttp\connector.py", line 544, in connect
    proto = await self._create_connection(req, traces, timeout)
            ^^^^^^^^^^^^^^^^^^^^^^^^^^^^^^^^^^^^^^^^^^^^^^^^^^^
  File "C:\Users\Lightinvi\AppData\Roaming\Python\Python312\site-packages\aiohttp\connector.py", line 911, in _create_connection
    _, proto = await self._create_direct_connection(req, traces, timeout)
               ^^^^^^^^^^^^^^^^^^^^^^^^^^^^^^^^^^^^^^^^^^^^^^^^^^^^^^^^^^
  File "C:\Users\Lightinvi\AppData\Roaming\Python\Python312\site-packages\aiohttp\connector.py", line 1187, in _create_direct_connection
    raise ClientConnectorError(req.connection_key, exc) from exc
aiohttp.client_exceptions.ClientConnectorError: Cannot connect to host gateway-us-east1-c.discord.gg:443 ssl:default [getaddrinfo failed]
[2024/09/17|20:20:53][ERROR]:Attempting a reconnect in 61.27s
Traceback (most recent call last):
  File "C:\Users\Lightinvi\AppData\Roaming\Python\Python312\site-packages\aiohttp\connector.py", line 1173, in _create_direct_connection
    hosts = await asyncio.shield(host_resolved)
            ^^^^^^^^^^^^^^^^^^^^^^^^^^^^^^^^^^^
  File "C:\Users\Lightinvi\AppData\Roaming\Python\Python312\site-packages\aiohttp\connector.py", line 884, in _resolve_host
    addrs = await self._resolver.resolve(host, port, family=self._family)
            ^^^^^^^^^^^^^^^^^^^^^^^^^^^^^^^^^^^^^^^^^^^^^^^^^^^^^^^^^^^^^
  File "C:\Users\Lightinvi\AppData\Roaming\Python\Python312\site-packages\aiohttp\resolver.py", line 33, in resolve
    infos = await self._loop.getaddrinfo(
            ^^^^^^^^^^^^^^^^^^^^^^^^^^^^^
  File "C:\Program Files\Python312\Lib\asyncio\base_events.py", line 899, in getaddrinfo
    return await self.run_in_executor(
           ^^^^^^^^^^^^^^^^^^^^^^^^^^^
  File "C:\Program Files\Python312\Lib\concurrent\futures\thread.py", line 58, in run
    result = self.fn(*self.args, **self.kwargs)
             ^^^^^^^^^^^^^^^^^^^^^^^^^^^^^^^^^^
  File "C:\Program Files\Python312\Lib\socket.py", line 963, in getaddrinfo
    for res in _socket.getaddrinfo(host, port, family, type, proto, flags):
               ^^^^^^^^^^^^^^^^^^^^^^^^^^^^^^^^^^^^^^^^^^^^^^^^^^^^^^^^^^^
socket.gaierror: [Errno 11001] getaddrinfo failed

The above exception was the direct cause of the following exception:

Traceback (most recent call last):
  File "C:\Users\Lightinvi\AppData\Roaming\Python\Python312\site-packages\discord\client.py", line 656, in connect
    self.ws = await asyncio.wait_for(coro, timeout=60.0)
              ^^^^^^^^^^^^^^^^^^^^^^^^^^^^^^^^^^^^^^^^^^
  File "C:\Program Files\Python312\Lib\asyncio\tasks.py", line 520, in wait_for
    return await fut
           ^^^^^^^^^
  File "C:\Users\Lightinvi\AppData\Roaming\Python\Python312\site-packages\discord\gateway.py", line 372, in from_client
    socket = await client.http.ws_connect(str(url))
             ^^^^^^^^^^^^^^^^^^^^^^^^^^^^^^^^^^^^^^
  File "C:\Users\Lightinvi\AppData\Roaming\Python\Python312\site-packages\discord\http.py", line 537, in ws_connect
    return await self.__session.ws_connect(url, **kwargs)
           ^^^^^^^^^^^^^^^^^^^^^^^^^^^^^^^^^^^^^^^^^^^^^^
  File "C:\Users\Lightinvi\AppData\Roaming\Python\Python312\site-packages\aiohttp\client.py", line 832, in _ws_connect
    resp = await self.request(
           ^^^^^^^^^^^^^^^^^^^
  File "C:\Users\Lightinvi\AppData\Roaming\Python\Python312\site-packages\aiohttp\client.py", line 578, in _request
    conn = await self._connector.connect(
           ^^^^^^^^^^^^^^^^^^^^^^^^^^^^^^
  File "C:\Users\Lightinvi\AppData\Roaming\Python\Python312\site-packages\aiohttp\connector.py", line 544, in connect
    proto = await self._create_connection(req, traces, timeout)
            ^^^^^^^^^^^^^^^^^^^^^^^^^^^^^^^^^^^^^^^^^^^^^^^^^^^
  File "C:\Users\Lightinvi\AppData\Roaming\Python\Python312\site-packages\aiohttp\connector.py", line 911, in _create_connection
    _, proto = await self._create_direct_connection(req, traces, timeout)
               ^^^^^^^^^^^^^^^^^^^^^^^^^^^^^^^^^^^^^^^^^^^^^^^^^^^^^^^^^^
  File "C:\Users\Lightinvi\AppData\Roaming\Python\Python312\site-packages\aiohttp\connector.py", line 1187, in _create_direct_connection
    raise ClientConnectorError(req.connection_key, exc) from exc
aiohttp.client_exceptions.ClientConnectorError: Cannot connect to host gateway-us-east1-c.discord.gg:443 ssl:default [getaddrinfo failed]
[2024/09/17|20:21:54][INFO]:Shard ID None session has been invalidated.
[2024/09/17|20:22:00][INFO]:Shard ID None has connected to Gateway (Session ID: 2777eef074df83ab1aaa75504adb4cab).
[2024/09/17|20:22:02][INFO]: >>å¤•ç”±æ„›XitoAiå·²æˆåŠŸé€£ç·šDiscord<< 
[2024/09/17|21:43:59][INFO]:å·²æ›´æ–° chengxue625<416236840547385345> æ–¼ Star Impact Team<510386488639488001> çš„ä¼ºæœå™¨è³‡æ–™
[2024/09/17|21:43:59][INFO]:chengxue625<416236840547385345> æ–¼ Star Impact Team<510386488639488001> ç²å¾— 826è²¢ç»å€¼ å’Œ 1239ç¢æ˜Ÿå€¼
[2024/09/17|21:44:01][INFO]:å·²æ›´æ–° chengxue625<416236840547385345> æ–¼ Star Impact Team<510386488639488001> çš„ä¼ºæœå™¨è³‡æ–™
[2024/09/17|21:44:01][INFO]:chengxue625<416236840547385345> åŠ å…¥ Star Impact Team<510386488639488001> çš„èªéŸ³é »é“
[2024/09/17|22:53:14][INFO]:Shard ID None has successfully RESUMED session 2777eef074df83ab1aaa75504adb4cab.
[2024/09/17|23:20:05][INFO]:å·²æ›´æ–° higuchiaoi<418099807660408852> æ–¼ Star Impact Team<510386488639488001> çš„ä¼ºæœå™¨è³‡æ–™
[2024/09/17|23:20:05][INFO]:higuchiaoi<418099807660408852> åŠ å…¥ Star Impact Team<510386488639488001> çš„èªéŸ³é »é“
[2024/09/17|23:23:29][INFO]:å·²æ›´æ–° higuchiaoi<418099807660408852> æ–¼ Star Impact Team<510386488639488001> çš„ä¼ºæœå™¨è³‡æ–™
[2024/09/17|23:23:29][INFO]:higuchiaoi<418099807660408852> æ–¼ Star Impact Team<510386488639488001> ç²å¾— 3è²¢ç»å€¼ å’Œ 4ç¢æ˜Ÿå€¼
[2024/09/17|23:37:11][INFO]:å·²æ›´æ–° higuchiaoi<418099807660408852> æ–¼ Star Impact Team<510386488639488001> çš„ä¼ºæœå™¨è³‡æ–™
[2024/09/17|23:37:11][INFO]:higuchiaoi<418099807660408852> åŠ å…¥ Star Impact Team<510386488639488001> çš„èªéŸ³é »é“
[2024/09/17|23:43:43][INFO]:å·²æ›´æ–° higuchiaoi<418099807660408852> æ–¼ Star Impact Team<510386488639488001> çš„ä¼ºæœå™¨è³‡æ–™
[2024/09/17|23:43:43][INFO]:higuchiaoi<418099807660408852> æ–¼ Star Impact Team<510386488639488001> ç²å¾— 6è²¢ç»å€¼ å’Œ 9ç¢æ˜Ÿå€¼
[2024/09/17|23:57:20][INFO]:å·²æ›´æ–° lightinvi<428845649279188992> æ–¼ Star Impact Team<510386488639488001> çš„ä¼ºæœå™¨è³‡æ–™
[2024/09/17|23:57:20][INFO]:lightinvi<428845649279188992> æ–¼ Star Impact Team<510386488639488001> ç²å¾— 1814è²¢ç»å€¼ å’Œ 3628ç¢æ˜Ÿå€¼
[2024/09/18|01:00:33][INFO]:fewheng<429678105809125386>åœ¨[Star Impact Team->å¡”ç§‘å¤«é–’èŠğŸ“£]æ–°å¢é™„ä»¶:('1285646586722127872_image.png',)
[2024/09/18|02:33:25][INFO]:Shard ID None has successfully RESUMED session 2777eef074df83ab1aaa75504adb4cab.
[2024/09/18|03:02:39][INFO]:Shard ID None has successfully RESUMED session 2777eef074df83ab1aaa75504adb4cab.
[2024/09/18|03:25:01][INFO]:Shard ID None has successfully RESUMED session 2777eef074df83ab1aaa75504adb4cab.
[2024/09/18|05:23:16][INFO]:Shard ID None has successfully RESUMED session 2777eef074df83ab1aaa75504adb4cab.
[2024/09/18|06:23:45][INFO]:Shard ID None has successfully RESUMED session 2777eef074df83ab1aaa75504adb4cab.
[2024/09/18|07:50:10][INFO]:å·²æ›´æ–° bigben2689<787727387383037962> æ–¼ Star Impact Team<510386488639488001> çš„ä¼ºæœå™¨è³‡æ–™
[2024/09/18|07:50:10][INFO]:bigben2689<787727387383037962> åŠ å…¥ Star Impact Team<510386488639488001> çš„èªéŸ³é »é“
[2024/09/18|07:50:26][INFO]:å·²æ›´æ–° bigben2689<787727387383037962> æ–¼ Star Impact Team<510386488639488001> çš„ä¼ºæœå™¨è³‡æ–™
[2024/09/18|07:50:26][INFO]:bigben2689<787727387383037962> æ–¼ Star Impact Team<510386488639488001> ç²å¾— 0è²¢ç»å€¼ å’Œ 0ç¢æ˜Ÿå€¼
[2024/09/18|08:28:36][INFO]:bigben2689<787727387383037962>åœ¨[Star Impact Team->è«‹æ”¾å¾ˆç§€çš„æ“ä½œé†œçš„ä¹Ÿå¯ä»¥]æ–°å¢é™„ä»¶:('1285759333904420874_skip.mp4',)
[2024/09/18|08:28:54][ERROR]:Ignoring exception in on_raw_reaction_add
Traceback (most recent call last):
  File "C:\Users\Lightinvi\AppData\Roaming\Python\Python312\site-packages\discord\client.py", line 441, in _run_event
    await coro(*args, **kwargs)
  File "C:\Users\Lightinvi\Desktop\Discord_XitoAi\src\commands\event.py", line 212, in on_raw_reaction_add
    response = ReactionMethod.msg_translation(emoji, translation_msg.content)
               ^^^^^^^^^^^^^^^^^^^^^^^^^^^^^^^^^^^^^^^^^^^^^^^^^^^^^^^^^^^^^^
  File "C:\Users\Lightinvi\Desktop\Discord_XitoAi\src\methods\OAM_event.py", line 117, in msg_translation
    return translator.translate(
           ^^^^^^^^^^^^^^^^^^^^^
  File "C:\Users\Lightinvi\AppData\Roaming\Python\Python312\site-packages\googletrans\client.py", line 174, in translate
    dest = dest.lower().split('_', 1)[0]
           ^^^^^^^^^^
AttributeError: 'NoneType' object has no attribute 'lower'
[2024/09/18|08:32:31][ERROR]:Ignoring exception in on_raw_reaction_add
Traceback (most recent call last):
  File "C:\Users\Lightinvi\AppData\Roaming\Python\Python312\site-packages\discord\client.py", line 441, in _run_event
    await coro(*args, **kwargs)
  File "C:\Users\Lightinvi\Desktop\Discord_XitoAi\src\commands\event.py", line 212, in on_raw_reaction_add
    response = ReactionMethod.msg_translation(emoji, translation_msg.content)
               ^^^^^^^^^^^^^^^^^^^^^^^^^^^^^^^^^^^^^^^^^^^^^^^^^^^^^^^^^^^^^^
  File "C:\Users\Lightinvi\Desktop\Discord_XitoAi\src\methods\OAM_event.py", line 117, in msg_translation
    return translator.translate(
           ^^^^^^^^^^^^^^^^^^^^^
  File "C:\Users\Lightinvi\AppData\Roaming\Python\Python312\site-packages\googletrans\client.py", line 174, in translate
    dest = dest.lower().split('_', 1)[0]
           ^^^^^^^^^^
AttributeError: 'NoneType' object has no attribute 'lower'
[2024/09/18|08:53:38][ERROR]:Ignoring exception in on_raw_reaction_add
Traceback (most recent call last):
  File "C:\Users\Lightinvi\AppData\Roaming\Python\Python312\site-packages\discord\client.py", line 441, in _run_event
    await coro(*args, **kwargs)
  File "C:\Users\Lightinvi\Desktop\Discord_XitoAi\src\commands\event.py", line 212, in on_raw_reaction_add
    response = ReactionMethod.msg_translation(emoji, translation_msg.content)
               ^^^^^^^^^^^^^^^^^^^^^^^^^^^^^^^^^^^^^^^^^^^^^^^^^^^^^^^^^^^^^^
  File "C:\Users\Lightinvi\Desktop\Discord_XitoAi\src\methods\OAM_event.py", line 117, in msg_translation
    return translator.translate(
           ^^^^^^^^^^^^^^^^^^^^^
  File "C:\Users\Lightinvi\AppData\Roaming\Python\Python312\site-packages\googletrans\client.py", line 174, in translate
    dest = dest.lower().split('_', 1)[0]
           ^^^^^^^^^^
AttributeError: 'NoneType' object has no attribute 'lower'
[2024/09/18|08:54:45][INFO]:lightinvi<428845649279188992>åœ¨[Star Impact Team->å¡”ç§‘å¤«é–’èŠğŸ“£]èªª:è‚¥å–”
[2024/09/18|10:06:38][INFO]:Shard ID None has successfully RESUMED session 2777eef074df83ab1aaa75504adb4cab.
[2024/09/18|10:57:31][INFO]:Shard ID None has successfully RESUMED session 2777eef074df83ab1aaa75504adb4cab.
[2024/09/18|12:03:03][INFO]:å·²æ›´æ–° fewheng<429678105809125386> æ–¼ Star Impact Team<510386488639488001> çš„ä¼ºæœå™¨è³‡æ–™
[2024/09/18|12:03:03][INFO]:fewheng<429678105809125386> åŠ å…¥ Star Impact Team<510386488639488001> çš„èªéŸ³é »é“
[2024/09/18|12:08:12][INFO]:å·²æ›´æ–° fewheng<429678105809125386> æ–¼ Star Impact Team<510386488639488001> çš„ä¼ºæœå™¨è³‡æ–™
[2024/09/18|12:08:12][INFO]:fewheng<429678105809125386> æ–¼ Star Impact Team<510386488639488001> ç²å¾— 5è²¢ç»å€¼ å’Œ 7ç¢æ˜Ÿå€¼
[2024/09/18|13:12:05][ERROR]:Attempting a reconnect in 0.61s
Traceback (most recent call last):
  File "C:\Users\Lightinvi\AppData\Roaming\Python\Python312\site-packages\discord\client.py", line 656, in connect
    self.ws = await asyncio.wait_for(coro, timeout=60.0)
              ^^^^^^^^^^^^^^^^^^^^^^^^^^^^^^^^^^^^^^^^^^
  File "C:\Program Files\Python312\Lib\asyncio\tasks.py", line 520, in wait_for
    return await fut
           ^^^^^^^^^
  File "C:\Users\Lightinvi\AppData\Roaming\Python\Python312\site-packages\discord\gateway.py", line 372, in from_client
    socket = await client.http.ws_connect(str(url))
             ^^^^^^^^^^^^^^^^^^^^^^^^^^^^^^^^^^^^^^
  File "C:\Users\Lightinvi\AppData\Roaming\Python\Python312\site-packages\discord\http.py", line 537, in ws_connect
    return await self.__session.ws_connect(url, **kwargs)
           ^^^^^^^^^^^^^^^^^^^^^^^^^^^^^^^^^^^^^^^^^^^^^^
  File "C:\Users\Lightinvi\AppData\Roaming\Python\Python312\site-packages\aiohttp\client.py", line 848, in _ws_connect
    raise WSServerHandshakeError(
aiohttp.client_exceptions.WSServerHandshakeError: 520, message='Invalid response status', url=URL('wss://gateway-us-east1-c.discord.gg/?v=10&encoding=json&compress=zlib-stream')
[2024/09/18|13:12:15][ERROR]:Attempting a reconnect in 2.13s
Traceback (most recent call last):
  File "C:\Users\Lightinvi\AppData\Roaming\Python\Python312\site-packages\discord\client.py", line 656, in connect
    self.ws = await asyncio.wait_for(coro, timeout=60.0)
              ^^^^^^^^^^^^^^^^^^^^^^^^^^^^^^^^^^^^^^^^^^
  File "C:\Program Files\Python312\Lib\asyncio\tasks.py", line 520, in wait_for
    return await fut
           ^^^^^^^^^
  File "C:\Users\Lightinvi\AppData\Roaming\Python\Python312\site-packages\discord\gateway.py", line 372, in from_client
    socket = await client.http.ws_connect(str(url))
             ^^^^^^^^^^^^^^^^^^^^^^^^^^^^^^^^^^^^^^
  File "C:\Users\Lightinvi\AppData\Roaming\Python\Python312\site-packages\discord\http.py", line 537, in ws_connect
    return await self.__session.ws_connect(url, **kwargs)
           ^^^^^^^^^^^^^^^^^^^^^^^^^^^^^^^^^^^^^^^^^^^^^^
  File "C:\Users\Lightinvi\AppData\Roaming\Python\Python312\site-packages\aiohttp\client.py", line 848, in _ws_connect
    raise WSServerHandshakeError(
aiohttp.client_exceptions.WSServerHandshakeError: 520, message='Invalid response status', url=URL('wss://gateway-us-east1-c.discord.gg/?v=10&encoding=json&compress=zlib-stream')
[2024/09/18|13:12:18][INFO]:Shard ID None has successfully RESUMED session 2777eef074df83ab1aaa75504adb4cab.
[2024/09/18|16:25:21][INFO]:Shard ID None has successfully RESUMED session 2777eef074df83ab1aaa75504adb4cab.
[2024/09/18|17:42:54][INFO]:Shard ID None has successfully RESUMED session 2777eef074df83ab1aaa75504adb4cab.
[2024/09/18|18:06:00][INFO]:Shard ID None has successfully RESUMED session 2777eef074df83ab1aaa75504adb4cab.
[2024/09/18|19:36:28][INFO]:å·²æ›´æ–° chengxue625<416236840547385345> æ–¼ Star Impact Team<510386488639488001> çš„ä¼ºæœå™¨è³‡æ–™
[2024/09/18|19:36:28][INFO]:chengxue625<416236840547385345> æ–¼ Star Impact Team<510386488639488001> ç²å¾— 1312è²¢ç»å€¼ å’Œ 1968ç¢æ˜Ÿå€¼
[2024/09/18|20:02:01][INFO]:å·²æ›´æ–° lightinvi<428845649279188992> æ–¼ Star Impact Team<510386488639488001> çš„ä¼ºæœå™¨è³‡æ–™
[2024/09/18|20:02:01][INFO]:lightinvi<428845649279188992> åŠ å…¥ Star Impact Team<510386488639488001> çš„èªéŸ³é »é“
[2024/09/18|20:20:14][INFO]:å·²æ›´æ–° chengxue625<416236840547385345> æ–¼ Star Impact Team<510386488639488001> çš„ä¼ºæœå™¨è³‡æ–™
[2024/09/18|20:20:14][INFO]:chengxue625<416236840547385345> åŠ å…¥ Star Impact Team<510386488639488001> çš„èªéŸ³é »é“
[2024/09/18|20:50:44][INFO]:lightinvi<428845649279188992>åœ¨[Star Impact Team->æ­£è¦æˆå“¡é »é“]èªª:https://youtube.com/shorts/fgWV-EOzLGs?si=0PDtjRu5NWyKrlmY
çœŸä»–åª½çš„è²¼åˆ‡
[2024/09/18|20:50:45][INFO]:Star Impact Team<510386488639488001> -> æ­£è¦æˆå“¡é »é“<578156795667808276> ä¸­çš„è¨Šæ¯è¢«ç·¨è¼¯: https://youtube.com/shorts/fgWV-EOzLGs?si=0PDtjRu5NWyKrlmY
çœŸä»–åª½çš„è²¼åˆ‡ -> https://youtube.com/shorts/fgWV-EOzLGs?si=0PDtjRu5NWyKrlmY
çœŸä»–åª½çš„è²¼åˆ‡
[2024/09/18|21:35:00][INFO]:å·²æ›´æ–° wujiaheitao<250219460877746176> æ–¼ Star Impact Team<510386488639488001> çš„ä¼ºæœå™¨è³‡æ–™
[2024/09/18|21:35:00][INFO]:wujiaheitao<250219460877746176> åŠ å…¥ Star Impact Team<510386488639488001> çš„èªéŸ³é »é“
[2024/09/18|21:44:30][INFO]:lightinvi<428845649279188992>åœ¨[Star Impact Team->æ­£è¦æˆå“¡é »é“]æ–°å¢é™„ä»¶:('1285959637819981988_20240918_214403.jpg',)
[2024/09/18|21:48:55][INFO]:å·²æ›´æ–° wujiaheitao<250219460877746176> æ–¼ Star Impact Team<510386488639488001> çš„ä¼ºæœå™¨è³‡æ–™
[2024/09/18|21:48:55][INFO]:wujiaheitao<250219460877746176> æ–¼ Star Impact Team<510386488639488001> ç²å¾— 13è²¢ç»å€¼ å’Œ 19ç¢æ˜Ÿå€¼
[2024/09/18|21:59:08][INFO]:Shard ID None has successfully RESUMED session 2777eef074df83ab1aaa75504adb4cab.
[2024/09/18|22:36:58][INFO]:Shard ID None has successfully RESUMED session 2777eef074df83ab1aaa75504adb4cab.
[2024/09/18|23:07:44][INFO]:å·²æ›´æ–° chengxue625<416236840547385345> æ–¼ Star Impact Team<510386488639488001> çš„ä¼ºæœå™¨è³‡æ–™
[2024/09/18|23:07:44][INFO]:chengxue625<416236840547385345> æ–¼ Star Impact Team<510386488639488001> ç²å¾— 167è²¢ç»å€¼ å’Œ 250ç¢æ˜Ÿå€¼
[2024/09/19|00:29:49][INFO]:Shard ID None has successfully RESUMED session 2777eef074df83ab1aaa75504adb4cab.
[2024/09/19|03:08:00][INFO]:Shard ID None has successfully RESUMED session 2777eef074df83ab1aaa75504adb4cab.
[2024/09/19|04:08:04][INFO]:Shard ID None has successfully RESUMED session 2777eef074df83ab1aaa75504adb4cab.
[2024/09/19|04:44:15][INFO]:å·²æ›´æ–° lightinvi<428845649279188992> æ–¼ Star Impact Team<510386488639488001> çš„ä¼ºæœå™¨è³‡æ–™
[2024/09/19|04:44:15][INFO]:lightinvi<428845649279188992> æ–¼ Star Impact Team<510386488639488001> ç²å¾— 522è²¢ç»å€¼ å’Œ 1044ç¢æ˜Ÿå€¼
[2024/09/19|04:48:19][INFO]:Shard ID None has successfully RESUMED session 2777eef074df83ab1aaa75504adb4cab.
[2024/09/19|08:07:28][INFO]:Shard ID None has successfully RESUMED session 2777eef074df83ab1aaa75504adb4cab.
[2024/09/19|10:28:59][INFO]:Shard ID None has successfully RESUMED session 2777eef074df83ab1aaa75504adb4cab.
[2024/09/19|11:58:39][INFO]:Shard ID None has successfully RESUMED session 2777eef074df83ab1aaa75504adb4cab.
[2024/09/19|12:06:59][INFO]:lightinvi<428845649279188992>åœ¨[Star Impact Team->æ­£è¦æˆå“¡é »é“]èªª:https://x.com/p_death_/status/1835939966641397951?t=z3ALA5SXMDiGb3AAQgRlsA&s=33
[2024/09/19|12:07:00][INFO]:Star Impact Team<510386488639488001> -> æ­£è¦æˆå“¡é »é“<578156795667808276> ä¸­çš„è¨Šæ¯è¢«ç·¨è¼¯: https://x.com/p_death_/status/1835939966641397951?t=z3ALA5SXMDiGb3AAQgRlsA&s=33 -> https://x.com/p_death_/status/1835939966641397951?t=z3ALA5SXMDiGb3AAQgRlsA&s=33
[2024/09/19|12:27:47][INFO]:lightinvi<428845649279188992>åœ¨[Star Impact Team->æ­£è¦æˆå“¡é »é“]èªª:Tarkov :Arena ç¬¬ä¸€æ¬¡å…è²»å‘¨

https://x.com/tarkovarena/status/1836027365169779137?t=Wsnky7_yU-8LheHlQKq-ow&s=19
[2024/09/19|12:27:48][INFO]:Star Impact Team<510386488639488001> -> æ­£è¦æˆå“¡é »é“<578156795667808276> ä¸­çš„è¨Šæ¯è¢«ç·¨è¼¯: Tarkov :Arena ç¬¬ä¸€æ¬¡å…è²»å‘¨

https://x.com/tarkovarena/status/1836027365169779137?t=Wsnky7_yU-8LheHlQKq-ow&s=19 -> Tarkov :Arena ç¬¬ä¸€æ¬¡å…è²»å‘¨

https://x.com/tarkovarena/status/1836027365169779137?t=Wsnky7_yU-8LheHlQKq-ow&s=19
[2024/09/19|13:36:16][INFO]:Shard ID None has successfully RESUMED session 2777eef074df83ab1aaa75504adb4cab.
[2024/09/19|15:22:22][INFO]:Shard ID None has successfully RESUMED session 2777eef074df83ab1aaa75504adb4cab.
[2024/09/19|17:33:22][INFO]:Shard ID None has successfully RESUMED session 2777eef074df83ab1aaa75504adb4cab.
[2024/09/19|19:23:50][INFO]:å·²æ›´æ–° lightinvi<428845649279188992> æ–¼ Star Impact Team<510386488639488001> çš„ä¼ºæœå™¨è³‡æ–™
[2024/09/19|19:23:50][INFO]:lightinvi<428845649279188992> åŠ å…¥ Star Impact Team<510386488639488001> çš„èªéŸ³é »é“
[2024/09/19|20:34:03][INFO]:Shard ID None has successfully RESUMED session 2777eef074df83ab1aaa75504adb4cab.
[2024/09/19|21:04:29][INFO]:lightinvi<428845649279188992>åœ¨[Star Impact Team->å¡”ç§‘å¤«é–’èŠğŸ“£]æ–°å¢é™„ä»¶:('1286311955627511829_image.png',)
[2024/09/19|22:11:56][INFO]:å·²æ›´æ–° chengxue625<416236840547385345> æ–¼ Star Impact Team<510386488639488001> çš„ä¼ºæœå™¨è³‡æ–™
[2024/09/19|22:11:56][INFO]:chengxue625<416236840547385345> åŠ å…¥ Star Impact Team<510386488639488001> çš„èªéŸ³é »é“
[2024/09/19|23:03:14][INFO]:å·²æ›´æ–° chengxue625<416236840547385345> æ–¼ Star Impact Team<510386488639488001> çš„ä¼ºæœå™¨è³‡æ–™
[2024/09/19|23:03:14][INFO]:chengxue625<416236840547385345> æ–¼ Star Impact Team<510386488639488001> ç²å¾— 51è²¢ç»å€¼ å’Œ 76ç¢æ˜Ÿå€¼
[2024/09/19|23:14:03][INFO]:lightinvi<428845649279188992>åœ¨[å…‰éš±testå€->test]æ–°å¢é™„ä»¶:('1286344564138840115_image.png',)
[2024/09/19|23:17:41][INFO]:Shard ID None has successfully RESUMED session 2777eef074df83ab1aaa75504adb4cab.
[2024/09/19|23:36:19][INFO]:å·²æ›´æ–° chengxue625<416236840547385345> æ–¼ Star Impact Team<510386488639488001> çš„ä¼ºæœå™¨è³‡æ–™
[2024/09/19|23:36:19][INFO]:chengxue625<416236840547385345> åŠ å…¥ Star Impact Team<510386488639488001> çš„èªéŸ³é »é“
[2024/09/19|23:43:59][INFO]:å·²æ›´æ–° chengxue625<416236840547385345> æ–¼ Star Impact Team<510386488639488001> çš„ä¼ºæœå™¨è³‡æ–™
[2024/09/19|23:43:59][INFO]:chengxue625<416236840547385345> æ–¼ Star Impact Team<510386488639488001> ç²å¾— 7è²¢ç»å€¼ å’Œ 10ç¢æ˜Ÿå€¼
[2024/09/19|23:54:35][INFO]:å·²æ›´æ–°ç”¨æˆ¶ -> higuchiaoi<418099807660408852>
[2024/09/19|23:54:38][INFO]:å·²æ›´æ–° higuchiaoi<418099807660408852> æ–¼ Star Impact Team<510386488639488001> çš„ä¼ºæœå™¨è³‡æ–™
[2024/09/20|00:00:46][INFO]:Shard ID None has successfully RESUMED session 2777eef074df83ab1aaa75504adb4cab.
[2024/09/20|00:02:57][INFO]:å·²æ›´æ–° lightinvi<428845649279188992> æ–¼ Star Impact Team<510386488639488001> çš„ä¼ºæœå™¨è³‡æ–™
[2024/09/20|00:02:57][INFO]:lightinvi<428845649279188992> æ–¼ Star Impact Team<510386488639488001> ç²å¾— 279è²¢ç»å€¼ å’Œ 558ç¢æ˜Ÿå€¼
[2024/09/20|00:44:02][INFO]:Shard ID None has successfully RESUMED session 2777eef074df83ab1aaa75504adb4cab.
[2024/09/20|03:44:57][INFO]:Shard ID None has successfully RESUMED session 2777eef074df83ab1aaa75504adb4cab.
[2024/09/20|05:23:35][INFO]:Shard ID None has successfully RESUMED session 2777eef074df83ab1aaa75504adb4cab.
[2024/09/20|06:23:56][INFO]:Shard ID None has successfully RESUMED session 2777eef074df83ab1aaa75504adb4cab.
[2024/09/20|07:28:26][INFO]:Shard ID None has successfully RESUMED session 2777eef074df83ab1aaa75504adb4cab.
[2024/09/20|07:34:37][INFO]:Shard ID None has successfully RESUMED session 2777eef074df83ab1aaa75504adb4cab.
[2024/09/20|08:28:33][INFO]:Shard ID None has successfully RESUMED session 2777eef074df83ab1aaa75504adb4cab.
[2024/09/20|09:33:12][INFO]:Shard ID None has successfully RESUMED session 2777eef074df83ab1aaa75504adb4cab.
[2024/09/20|10:01:25][INFO]:Shard ID None has successfully RESUMED session 2777eef074df83ab1aaa75504adb4cab.
[2024/09/20|10:19:45][INFO]:higuchiaoi<418099807660408852>åœ¨[Star Impact Team->æ­£è¦æˆå“¡é »é“]æ–°å¢é™„ä»¶:('1286512096363675659_image.png',)
[2024/09/20|10:19:49][INFO]:higuchiaoi<418099807660408852>åœ¨[Star Impact Team->æ­£è¦æˆå“¡é »é“]èªª:çœŸçš„æ˜¯å¹¹ä½ çš„åƒåœ¾æ‹³é ­
[2024/09/20|10:21:39][INFO]:å·²æ›´æ–°ç”¨æˆ¶ -> higuchiaoi<418099807660408852>
[2024/09/20|10:21:41][INFO]:å·²æ›´æ–° higuchiaoi<418099807660408852> æ–¼ Star Impact Team<510386488639488001> çš„ä¼ºæœå™¨è³‡æ–™
[2024/09/20|10:21:53][INFO]:å·²æ›´æ–°ç”¨æˆ¶ -> higuchiaoi<418099807660408852>
[2024/09/20|10:21:55][INFO]:å·²æ›´æ–° higuchiaoi<418099807660408852> æ–¼ Star Impact Team<510386488639488001> çš„ä¼ºæœå™¨è³‡æ–™
[2024/09/20|10:48:46][INFO]:chengxue625<416236840547385345>åœ¨[Star Impact Team->æ­£è¦æˆå“¡é »é“]èªª:ä½ é€™ä¹Ÿè¦èª²
[2024/09/20|10:48:49][INFO]:chengxue625<416236840547385345>åœ¨[Star Impact Team->æ­£è¦æˆå“¡é »é“]èªª:ç˜‹äº†å§
[2024/09/20|11:24:49][INFO]:Shard ID None has successfully RESUMED session 2777eef074df83ab1aaa75504adb4cab.
[2024/09/20|12:00:08][INFO]:higuchiaoi<418099807660408852>åœ¨[Star Impact Team->æ­£è¦æˆå“¡é »é“]èªª:ç¾åœ¨æœ‰å„ªæƒ 
[2024/09/20|12:00:21][INFO]:higuchiaoi<418099807660408852>åœ¨[Star Impact Team->æ­£è¦æˆå“¡é »é“]èªª:æˆ‘å‰›å‰›æ•åˆ°9ç§‘
[2024/09/20|12:00:24][INFO]:higuchiaoi<418099807660408852>åœ¨[Star Impact Team->æ­£è¦æˆå“¡é »é“]èªª:ä¸å…‹ä¸è¡Œ
[2024/09/20|12:00:26][INFO]:higuchiaoi<418099807660408852>åœ¨[Star Impact Team->æ­£è¦æˆå“¡é »é“]èªª:-1450
[2024/09/20|12:00:28][INFO]:higuchiaoi<418099807660408852>åœ¨[Star Impact Team->æ­£è¦æˆå“¡é »é“]èªª:é‚„è¡Œ
[2024/09/20|12:00:53][INFO]:higuchiaoi<418099807660408852>åœ¨[Star Impact Team->æ­£è¦æˆå“¡é »é“]æ–°å¢é™„ä»¶:('1286537547056418826_image.png',)
[2024/09/20|12:00:54][INFO]:higuchiaoi<418099807660408852>åœ¨[Star Impact Team->æ­£è¦æˆå“¡é »é“]èªª:ç¬¬ä¸€ç« çµæŸ
[2024/09/20|12:01:27][INFO]:å·²æ›´æ–°ç”¨æˆ¶ -> higuchiaoi<418099807660408852>
[2024/09/20|12:01:29][INFO]:å·²æ›´æ–° higuchiaoi<418099807660408852> æ–¼ Star Impact Team<510386488639488001> çš„ä¼ºæœå™¨è³‡æ–™
[2024/09/20|12:26:39][INFO]:lightinvi<428845649279188992>åœ¨[Star Impact Team->æ­£è¦æˆå“¡é »é“]èªª:é›»è…¦è·‘å¾—å‹•å–”
[2024/09/20|13:07:41][INFO]:Shard ID None has successfully RESUMED session 2777eef074df83ab1aaa75504adb4cab.
[2024/09/20|14:00:30][INFO]:Shard ID None has successfully RESUMED session 2777eef074df83ab1aaa75504adb4cab.
[2024/09/20|17:54:08][INFO]:Shard ID None has successfully RESUMED session 2777eef074df83ab1aaa75504adb4cab.
[2024/09/20|18:52:57][INFO]:å·²æ›´æ–° chengxue625<416236840547385345> æ–¼ Star Impact Team<510386488639488001> çš„ä¼ºæœå™¨è³‡æ–™
[2024/09/20|18:52:57][INFO]:chengxue625<416236840547385345> åŠ å…¥ Star Impact Team<510386488639488001> çš„èªéŸ³é »é“
[2024/09/20|19:28:19][INFO]:å·²æ›´æ–° lightinvi<428845649279188992> æ–¼ Star Impact Team<510386488639488001> çš„ä¼ºæœå™¨è³‡æ–™
[2024/09/20|19:28:19][INFO]:lightinvi<428845649279188992> åŠ å…¥ Star Impact Team<510386488639488001> çš„èªéŸ³é »é“
[2024/09/20|19:55:39][INFO]:lightinvi<428845649279188992>åœ¨[Star Impact Team->å¡”ç§‘å¤«é–’èŠğŸ“£]èªª:<@250219460877746176> æˆ‘çœ‹åˆ°ä½ æ˜¯ç¶ ç‡ˆ<a:pepegaLight:696087258733740032>
[2024/09/20|19:56:46][INFO]:lightinvi<428845649279188992>åœ¨[Star Impact Team->å¡”ç§‘å¤«é–’èŠğŸ“£]èªª:<@429678105809125386> https://www.youtube.com/watch?v=1q6EGFlQOfw

é€™å‘¨ç«¶æŠ€å ´å…è²»å‘¨ä½ æœƒç©å—
[2024/09/20|19:56:47][INFO]:Star Impact Team<510386488639488001> -> å¡”ç§‘å¤«é–’èŠğŸ“£<1042031163637764167> ä¸­çš„è¨Šæ¯è¢«ç·¨è¼¯: <@429678105809125386> https://www.youtube.com/watch?v=1q6EGFlQOfw

é€™å‘¨ç«¶æŠ€å ´å…è²»å‘¨ä½ æœƒç©å— -> <@429678105809125386> https://www.youtube.com/watch?v=1q6EGFlQOfw

é€™å‘¨ç«¶æŠ€å ´å…è²»å‘¨ä½ æœƒç©å—
[2024/09/20|20:01:08][INFO]:fewheng<429678105809125386>åœ¨[Star Impact Team->å¡”ç§‘å¤«é–’èŠğŸ“£]èªª:ä¸æœƒå§é‚„è¦ä¸‹è¼‰
[2024/09/20|20:02:26][ERROR]:Ignoring exception in on_raw_reaction_add
Traceback (most recent call last):
  File "C:\Users\Lightinvi\AppData\Roaming\Python\Python312\site-packages\discord\client.py", line 441, in _run_event
    await coro(*args, **kwargs)
  File "C:\Users\Lightinvi\Desktop\Discord_XitoAi\src\commands\event.py", line 212, in on_raw_reaction_add
    response = ReactionMethod.msg_translation(emoji, translation_msg.content)
               ^^^^^^^^^^^^^^^^^^^^^^^^^^^^^^^^^^^^^^^^^^^^^^^^^^^^^^^^^^^^^^
  File "C:\Users\Lightinvi\Desktop\Discord_XitoAi\src\methods\OAM_event.py", line 117, in msg_translation
    return translator.translate(
           ^^^^^^^^^^^^^^^^^^^^^
  File "C:\Users\Lightinvi\AppData\Roaming\Python\Python312\site-packages\googletrans\client.py", line 174, in translate
    dest = dest.lower().split('_', 1)[0]
           ^^^^^^^^^^
AttributeError: 'NoneType' object has no attribute 'lower'
[2024/09/20|20:17:41][INFO]:å·²æ›´æ–° fewheng<429678105809125386> æ–¼ Star Impact Team<510386488639488001> çš„ä¼ºæœå™¨è³‡æ–™
[2024/09/20|20:17:41][INFO]:fewheng<429678105809125386> åŠ å…¥ Star Impact Team<510386488639488001> çš„èªéŸ³é »é“
[2024/09/20|20:58:39][INFO]:å·²æ›´æ–° fewheng<429678105809125386> æ–¼ Star Impact Team<510386488639488001> çš„ä¼ºæœå™¨è³‡æ–™
[2024/09/20|20:58:39][INFO]:fewheng<429678105809125386> æ–¼ Star Impact Team<510386488639488001> ç²å¾— 40è²¢ç»å€¼ å’Œ 60ç¢æ˜Ÿå€¼
[2024/09/20|20:59:14][INFO]:Shard ID None has successfully RESUMED session 2777eef074df83ab1aaa75504adb4cab.
[2024/09/20|22:01:05][INFO]:Shard ID None has successfully RESUMED session 2777eef074df83ab1aaa75504adb4cab.
[2024/09/20|23:07:05][INFO]:å·²æ›´æ–° bigben2689<787727387383037962> æ–¼ Star Impact Team<510386488639488001> çš„ä¼ºæœå™¨è³‡æ–™
[2024/09/20|23:07:05][INFO]:bigben2689<787727387383037962> åŠ å…¥ Star Impact Team<510386488639488001> çš„èªéŸ³é »é“
[2024/09/20|23:08:26][INFO]:å·²æ›´æ–° bigben2689<787727387383037962> æ–¼ Star Impact Team<510386488639488001> çš„ä¼ºæœå™¨è³‡æ–™
[2024/09/20|23:08:26][INFO]:bigben2689<787727387383037962> æ–¼ Star Impact Team<510386488639488001> ç²å¾— 1è²¢ç»å€¼ å’Œ 1ç¢æ˜Ÿå€¼
[2024/09/20|23:19:55][INFO]:rena5212<182815652858298368>åœ¨[Star Impact Team->æ­£è¦æˆå“¡é »é“]èªª:å•Šå•Šå•Šå•Šå•Š çœ‹åˆ°é˜¿å®…çš„æˆ¿é–“ è¦çäº†
[2024/09/20|23:20:15][INFO]:rena5212<182815652858298368>åœ¨[Star Impact Team->å¡”ç§‘å¤«é–’èŠğŸ“£]èªª:ä½ å¤§å­¸è®€è®Šæ…‹ç³»å—
[2024/09/20|23:20:21][ERROR]:Ignoring exception in on_raw_reaction_add
Traceback (most recent call last):
  File "C:\Users\Lightinvi\AppData\Roaming\Python\Python312\site-packages\discord\client.py", line 441, in _run_event
    await coro(*args, **kwargs)
  File "C:\Users\Lightinvi\Desktop\Discord_XitoAi\src\commands\event.py", line 212, in on_raw_reaction_add
    response = ReactionMethod.msg_translation(emoji, translation_msg.content)
               ^^^^^^^^^^^^^^^^^^^^^^^^^^^^^^^^^^^^^^^^^^^^^^^^^^^^^^^^^^^^^^
  File "C:\Users\Lightinvi\Desktop\Discord_XitoAi\src\methods\OAM_event.py", line 117, in msg_translation
    return translator.translate(
           ^^^^^^^^^^^^^^^^^^^^^
  File "C:\Users\Lightinvi\AppData\Roaming\Python\Python312\site-packages\googletrans\client.py", line 174, in translate
    dest = dest.lower().split('_', 1)[0]
           ^^^^^^^^^^
AttributeError: 'NoneType' object has no attribute 'lower'
[2024/09/20|23:21:37][INFO]:Shard ID None has successfully RESUMED session 2777eef074df83ab1aaa75504adb4cab.
[2024/09/20|23:51:28][INFO]:Escape from Tarkov Official #eft-announcements<1206517498044878858>åœ¨[Star Impact Team->å¡”ç§‘å¤«å…¬ä½ˆæ¬„ğŸ“]æ–°å¢é™„ä»¶:('1286680811734831176_Preliminary_updates_plan.png',)
[2024/09/20|23:51:28][INFO]:Escape from Tarkov Official #eft-announcements<1206517498044878858>åœ¨[Star Impact Team->å¡”ç§‘å¤«å…¬ä½ˆæ¬„ğŸ“]èªª:@News 
Preliminary updates plan for #EscapefromTarkov and #TarkovArena until the end of 2024.
[2024/09/21|00:04:25][INFO]:Shard ID None has successfully RESUMED session 2777eef074df83ab1aaa75504adb4cab.
[2024/09/21|00:11:22][INFO]:å·²æ›´æ–° higuchiaoi<418099807660408852> æ–¼ Star Impact Team<510386488639488001> çš„ä¼ºæœå™¨è³‡æ–™
[2024/09/21|00:11:22][INFO]:higuchiaoi<418099807660408852> åŠ å…¥ Star Impact Team<510386488639488001> çš„èªéŸ³é »é“
[2024/09/21|00:12:00][ERROR]:Ignoring exception in on_raw_reaction_add
Traceback (most recent call last):
  File "C:\Users\Lightinvi\AppData\Roaming\Python\Python312\site-packages\discord\client.py", line 441, in _run_event
    await coro(*args, **kwargs)
  File "C:\Users\Lightinvi\Desktop\Discord_XitoAi\src\commands\event.py", line 212, in on_raw_reaction_add
    response = ReactionMethod.msg_translation(emoji, translation_msg.content)
               ^^^^^^^^^^^^^^^^^^^^^^^^^^^^^^^^^^^^^^^^^^^^^^^^^^^^^^^^^^^^^^
  File "C:\Users\Lightinvi\Desktop\Discord_XitoAi\src\methods\OAM_event.py", line 117, in msg_translation
    return translator.translate(
           ^^^^^^^^^^^^^^^^^^^^^
  File "C:\Users\Lightinvi\AppData\Roaming\Python\Python312\site-packages\googletrans\client.py", line 174, in translate
    dest = dest.lower().split('_', 1)[0]
           ^^^^^^^^^^
AttributeError: 'NoneType' object has no attribute 'lower'
[2024/09/21|00:12:15][INFO]:å·²æ›´æ–° higuchiaoi<418099807660408852> æ–¼ Star Impact Team<510386488639488001> çš„ä¼ºæœå™¨è³‡æ–™
[2024/09/21|00:12:15][INFO]:higuchiaoi<418099807660408852> æ–¼ Star Impact Team<510386488639488001> ç²å¾— 0è²¢ç»å€¼ å’Œ 0ç¢æ˜Ÿå€¼
[2024/09/21|01:09:08][INFO]:å·²æ›´æ–° chengxue625<416236840547385345> æ–¼ Star Impact Team<510386488639488001> çš„ä¼ºæœå™¨è³‡æ–™
[2024/09/21|01:09:08][INFO]:chengxue625<416236840547385345> æ–¼ Star Impact Team<510386488639488001> ç²å¾— 376è²¢ç»å€¼ å’Œ 564ç¢æ˜Ÿå€¼
[2024/09/21|01:34:41][INFO]:Shard ID None has successfully RESUMED session 2777eef074df83ab1aaa75504adb4cab.
[2024/09/21|03:51:32][INFO]:Shard ID None has successfully RESUMED session 2777eef074df83ab1aaa75504adb4cab.
[2024/09/21|05:57:32][INFO]:Shard ID None has successfully RESUMED session 2777eef074df83ab1aaa75504adb4cab.
[2024/09/21|06:08:32][INFO]:Shard ID None has successfully RESUMED session 2777eef074df83ab1aaa75504adb4cab.
[2024/09/21|06:30:33][INFO]:Shard ID None has successfully RESUMED session 2777eef074df83ab1aaa75504adb4cab.
[2024/09/21|06:37:11][INFO]:å·²æ›´æ–° lightinvi<428845649279188992> æ–¼ Star Impact Team<510386488639488001> çš„ä¼ºæœå™¨è³‡æ–™
[2024/09/21|06:37:11][INFO]:lightinvi<428845649279188992> æ–¼ Star Impact Team<510386488639488001> ç²å¾— 668è²¢ç»å€¼ å’Œ 1336ç¢æ˜Ÿå€¼
[2024/09/21|09:32:16][INFO]:lightinvi<428845649279188992>åœ¨[å…‰éš±testå€->test]èªª:åˆ†äº«çš„è·¯å¾‘
å¾(24.9295680,121.2823150)ç¶“ç”±æ¡ƒ72é„‰é“å‰å¾€ä¸­åœ‹ç§‘æŠ€å¤§å­¸æ–°ç«¹æ ¡å€ 303æ–°ç«¹ç¸£æ¹–å£é„‰ä¸­å±±è·¯ä¸‰æ®µ530è™Ÿã€‚

47 åˆ†é˜ (28 å…¬é‡Œ)
ç›®å‰è·¯æ³æ‰€éœ€æ™‚é–“ï¼š47 åˆ†é˜


1. å¾€å—æœèˆˆè±è·¯å‰é€²
2. å‘å³è½‰é€²å…¥èˆˆè±è·¯
3. å‘å³è½‰é€²å…¥ä¸­å±±è·¯248å··
4. å‘å·¦è½‰é€²å…¥é¾å—è·¯429å··
5. å‘å³è½‰é€²å…¥é¾å—è·¯/112ç¸£é“
6. å‘å·¦è½‰é€²å…¥å¹³æ±è·¯/æ¡ƒ72é„‰é“
7. æŠµé”åœ°é»ï¼šé˜¿éœç‰›ç¾ŠèŠ
8. å¾€è¥¿èµ°å—å¹³è·¯/æ¡ƒ72é„‰é“æœå—å¹³è·¯81å··å‰é€²
9. ç¶“éä½æ–¼å³å´çš„æ·¨åŒ–å·¥è—æ±½è»Šç¾å®¹ï¼ˆåŸ”å¿ƒé›»æ± å°ˆè³£åº—ï¼‰è¤‡åˆå¼å¾Œå‘å³è½‰ è¡Œé§›ç¸±è²«å…¬è·¯/é™¸æ©‹å—è·¯/å°1ç·š
10. å‘å·¦è½‰é€²å…¥å¹¼ç…è·¯ä¸€æ®µ/æ¡ƒ72é„‰é“
11. å‘å³è½‰ï¼Œæœé«˜éµå—è·¯å…­æ®µ/å°31ç·šå‰é€²
12. å‘å·¦è½‰é€²å…¥é«˜éµå—è·¯å…­æ®µ/å°31ç·š
13. å‘å·¦è½‰é€²å…¥æ°‘å¯Œè·¯ä¸‰æ®µ68å··
14. å‘å³è½‰é€²å…¥æ°‘å¯Œè·¯ä¸‰æ®µ142å··
15. å‘å³è½‰é€²å…¥æ°‘å¯Œè·¯ä¸‰æ®µ/æ¡ƒ110é„‰é“
16. å‘å·¦è½‰é€²å…¥å¯Œè±å—è·¯
17. å‘å·¦è½‰é€²å…¥æ–°æ˜è¡—/æ¡ƒ109é„‰é“
18. å‘å·¦è½‰
19. æŠµé”åœ°é»ï¼šä¸­åœ‹ç§‘æŠ€å¤§å­¸æ–°ç«¹æ ¡å€
å¦‚è¦æ ¹æ“šç›®å‰è·¯æ³å–å¾—æœ€ä½³è·¯ç·šï¼Œè«‹å‰å¾€ï¼šhttps://maps.app.goo.gl/772QEShMXpUqyior6?g_st=ac
[2024/09/21|09:32:17][INFO]:å…‰éš±testå€<1029978425550704640> -> test<1146358218696691764> ä¸­çš„è¨Šæ¯è¢«ç·¨è¼¯: åˆ†äº«çš„è·¯å¾‘
å¾(24.9295680,121.2823150)ç¶“ç”±æ¡ƒ72é„‰é“å‰å¾€ä¸­åœ‹ç§‘æŠ€å¤§å­¸æ–°ç«¹æ ¡å€ 303æ–°ç«¹ç¸£æ¹–å£é„‰ä¸­å±±è·¯ä¸‰æ®µ530è™Ÿã€‚

47 åˆ†é˜ (28 å…¬é‡Œ)
ç›®å‰è·¯æ³æ‰€éœ€æ™‚é–“ï¼š47 åˆ†é˜


1. å¾€å—æœèˆˆè±è·¯å‰é€²
2. å‘å³è½‰é€²å…¥èˆˆè±è·¯
3. å‘å³è½‰é€²å…¥ä¸­å±±è·¯248å··
4. å‘å·¦è½‰é€²å…¥é¾å—è·¯429å··
5. å‘å³è½‰é€²å…¥é¾å—è·¯/112ç¸£é“
6. å‘å·¦è½‰é€²å…¥å¹³æ±è·¯/æ¡ƒ72é„‰é“
7. æŠµé”åœ°é»ï¼šé˜¿éœç‰›ç¾ŠèŠ
8. å¾€è¥¿èµ°å—å¹³è·¯/æ¡ƒ72é„‰é“æœå—å¹³è·¯81å··å‰é€²
9. ç¶“éä½æ–¼å³å´çš„æ·¨åŒ–å·¥è—æ±½è»Šç¾å®¹ï¼ˆåŸ”å¿ƒé›»æ± å°ˆè³£åº—ï¼‰è¤‡åˆå¼å¾Œå‘å³è½‰ è¡Œé§›ç¸±è²«å…¬è·¯/é™¸æ©‹å—è·¯/å°1ç·š
10. å‘å·¦è½‰é€²å…¥å¹¼ç…è·¯ä¸€æ®µ/æ¡ƒ72é„‰é“
11. å‘å³è½‰ï¼Œæœé«˜éµå—è·¯å…­æ®µ/å°31ç·šå‰é€²
12. å‘å·¦è½‰é€²å…¥é«˜éµå—è·¯å…­æ®µ/å°31ç·š
13. å‘å·¦è½‰é€²å…¥æ°‘å¯Œè·¯ä¸‰æ®µ68å··
14. å‘å³è½‰é€²å…¥æ°‘å¯Œè·¯ä¸‰æ®µ142å··
15. å‘å³è½‰é€²å…¥æ°‘å¯Œè·¯ä¸‰æ®µ/æ¡ƒ110é„‰é“
16. å‘å·¦è½‰é€²å…¥å¯Œè±å—è·¯
17. å‘å·¦è½‰é€²å…¥æ–°æ˜è¡—/æ¡ƒ109é„‰é“
18. å‘å·¦è½‰
19. æŠµé”åœ°é»ï¼šä¸­åœ‹ç§‘æŠ€å¤§å­¸æ–°ç«¹æ ¡å€
å¦‚è¦æ ¹æ“šç›®å‰è·¯æ³å–å¾—æœ€ä½³è·¯ç·šï¼Œè«‹å‰å¾€ï¼šhttps://maps.app.goo.gl/772QEShMXpUqyior6?g_st=ac -> åˆ†äº«çš„è·¯å¾‘
å¾(24.9295680,121.2823150)ç¶“ç”±æ¡ƒ72é„‰é“å‰å¾€ä¸­åœ‹ç§‘æŠ€å¤§å­¸æ–°ç«¹æ ¡å€ 303æ–°ç«¹ç¸£æ¹–å£é„‰ä¸­å±±è·¯ä¸‰æ®µ530è™Ÿã€‚

47 åˆ†é˜ (28 å…¬é‡Œ)
ç›®å‰è·¯æ³æ‰€éœ€æ™‚é–“ï¼š47 åˆ†é˜


1. å¾€å—æœèˆˆè±è·¯å‰é€²
2. å‘å³è½‰é€²å…¥èˆˆè±è·¯
3. å‘å³è½‰é€²å…¥ä¸­å±±è·¯248å··
4. å‘å·¦è½‰é€²å…¥é¾å—è·¯429å··
5. å‘å³è½‰é€²å…¥é¾å—è·¯/112ç¸£é“
6. å‘å·¦è½‰é€²å…¥å¹³æ±è·¯/æ¡ƒ72é„‰é“
7. æŠµé”åœ°é»ï¼šé˜¿éœç‰›ç¾ŠèŠ
8. å¾€è¥¿èµ°å—å¹³è·¯/æ¡ƒ72é„‰é“æœå—å¹³è·¯81å··å‰é€²
9. ç¶“éä½æ–¼å³å´çš„æ·¨åŒ–å·¥è—æ±½è»Šç¾å®¹ï¼ˆåŸ”å¿ƒé›»æ± å°ˆè³£åº—ï¼‰è¤‡åˆå¼å¾Œå‘å³è½‰ è¡Œé§›ç¸±è²«å…¬è·¯/é™¸æ©‹å—è·¯/å°1ç·š
10. å‘å·¦è½‰é€²å…¥å¹¼ç…è·¯ä¸€æ®µ/æ¡ƒ72é„‰é“
11. å‘å³è½‰ï¼Œæœé«˜éµå—è·¯å…­æ®µ/å°31ç·šå‰é€²
12. å‘å·¦è½‰é€²å…¥é«˜éµå—è·¯å…­æ®µ/å°31ç·š
13. å‘å·¦è½‰é€²å…¥æ°‘å¯Œè·¯ä¸‰æ®µ68å··
14. å‘å³è½‰é€²å…¥æ°‘å¯Œè·¯ä¸‰æ®µ142å··
15. å‘å³è½‰é€²å…¥æ°‘å¯Œè·¯ä¸‰æ®µ/æ¡ƒ110é„‰é“
16. å‘å·¦è½‰é€²å…¥å¯Œè±å—è·¯
17. å‘å·¦è½‰é€²å…¥æ–°æ˜è¡—/æ¡ƒ109é„‰é“
18. å‘å·¦è½‰
19. æŠµé”åœ°é»ï¼šä¸­åœ‹ç§‘æŠ€å¤§å­¸æ–°ç«¹æ ¡å€
å¦‚è¦æ ¹æ“šç›®å‰è·¯æ³å–å¾—æœ€ä½³è·¯ç·šï¼Œè«‹å‰å¾€ï¼šhttps://maps.app.goo.gl/772QEShMXpUqyior6?g_st=ac
[2024/09/21|09:44:24][INFO]:Shard ID None has successfully RESUMED session 2777eef074df83ab1aaa75504adb4cab.
[2024/09/21|11:30:14][INFO]:Shard ID None has successfully RESUMED session 2777eef074df83ab1aaa75504adb4cab.
[2024/09/21|14:29:09][INFO]:Shard ID None has successfully RESUMED session 2777eef074df83ab1aaa75504adb4cab.
[2024/09/21|15:03:36][INFO]:Shard ID None has successfully RESUMED session 2777eef074df83ab1aaa75504adb4cab.
[2024/09/21|16:22:52][INFO]:Shard ID None has successfully RESUMED session 2777eef074df83ab1aaa75504adb4cab.
[2024/09/21|18:08:17][INFO]:å·²æ›´æ–° lightinvi<428845649279188992> æ–¼ Star Impact Team<510386488639488001> çš„ä¼ºæœå™¨è³‡æ–™
[2024/09/21|18:08:17][INFO]:lightinvi<428845649279188992> åŠ å…¥ Star Impact Team<510386488639488001> çš„èªéŸ³é »é“
[2024/09/21|18:09:03][INFO]:å·²æ›´æ–° wujiaheitao<250219460877746176> æ–¼ Star Impact Team<510386488639488001> çš„ä¼ºæœå™¨è³‡æ–™
[2024/09/21|18:09:03][INFO]:wujiaheitao<250219460877746176> åŠ å…¥ Star Impact Team<510386488639488001> çš„èªéŸ³é »é“
[2024/09/21|18:37:18][INFO]:å·²æ›´æ–° chengxue625<416236840547385345> æ–¼ Star Impact Team<510386488639488001> çš„ä¼ºæœå™¨è³‡æ–™
[2024/09/21|18:37:18][INFO]:chengxue625<416236840547385345> åŠ å…¥ Star Impact Team<510386488639488001> çš„èªéŸ³é »é“
[2024/09/21|19:22:14][INFO]:Shard ID None has successfully RESUMED session 2777eef074df83ab1aaa75504adb4cab.
[2024/09/21|22:25:50][INFO]:å·²æ›´æ–° lightinvi<428845649279188992> æ–¼ Star Impact Team<510386488639488001> çš„ä¼ºæœå™¨è³‡æ–™
[2024/09/21|22:25:50][INFO]:lightinvi<428845649279188992> æ–¼ Star Impact Team<510386488639488001> ç²å¾— 257è²¢ç»å€¼ å’Œ 514ç¢æ˜Ÿå€¼
[2024/09/21|22:25:53][INFO]:å·²æ›´æ–° lightinvi<428845649279188992> æ–¼ Star Impact Team<510386488639488001> çš„ä¼ºæœå™¨è³‡æ–™
[2024/09/21|22:25:53][INFO]:lightinvi<428845649279188992> åŠ å…¥ Star Impact Team<510386488639488001> çš„èªéŸ³é »é“
[2024/09/21|22:47:46][INFO]:Shard ID None has successfully RESUMED session 2777eef074df83ab1aaa75504adb4cab.
[2024/09/22|00:47:55][INFO]:å·²æ›´æ–° wujiaheitao<250219460877746176> æ–¼ Star Impact Team<510386488639488001> çš„ä¼ºæœå™¨è³‡æ–™
[2024/09/22|00:47:55][INFO]:wujiaheitao<250219460877746176> æ–¼ Star Impact Team<510386488639488001> ç²å¾— 398è²¢ç»å€¼ å’Œ 597ç¢æ˜Ÿå€¼
[2024/09/22|00:49:59][INFO]:å·²æ›´æ–° chengxue625<416236840547385345> æ–¼ Star Impact Team<510386488639488001> çš„ä¼ºæœå™¨è³‡æ–™
[2024/09/22|00:49:59][INFO]:chengxue625<416236840547385345> æ–¼ Star Impact Team<510386488639488001> ç²å¾— 372è²¢ç»å€¼ å’Œ 558ç¢æ˜Ÿå€¼
[2024/09/22|01:37:50][INFO]:Shard ID None has successfully RESUMED session 2777eef074df83ab1aaa75504adb4cab.
[2024/09/22|02:37:01][INFO]:Shard ID None has successfully RESUMED session 2777eef074df83ab1aaa75504adb4cab.
[2024/09/22|03:59:54][INFO]:Shard ID None has successfully RESUMED session 2777eef074df83ab1aaa75504adb4cab.
[2024/09/22|06:31:25][INFO]:å·²æ›´æ–° lightinvi<428845649279188992> æ–¼ Star Impact Team<510386488639488001> çš„ä¼ºæœå™¨è³‡æ–™
[2024/09/22|06:31:25][INFO]:lightinvi<428845649279188992> æ–¼ Star Impact Team<510386488639488001> ç²å¾— 485è²¢ç»å€¼ å’Œ 970ç¢æ˜Ÿå€¼
[2024/09/22|07:57:07][INFO]:Shard ID None has successfully RESUMED session 2777eef074df83ab1aaa75504adb4cab.
[2024/09/22|10:30:10][INFO]:Shard ID None has successfully RESUMED session 2777eef074df83ab1aaa75504adb4cab.
[2024/09/22|10:41:37][INFO]:å·²æ›´æ–° lightinvi<428845649279188992> æ–¼ Star Impact Team<510386488639488001> çš„ä¼ºæœå™¨è³‡æ–™
[2024/09/22|10:41:37][INFO]:lightinvi<428845649279188992> åŠ å…¥ Star Impact Team<510386488639488001> çš„èªéŸ³é »é“
[2024/09/22|10:47:14][INFO]:Shard ID None has successfully RESUMED session 2777eef074df83ab1aaa75504adb4cab.
[2024/09/22|11:05:10][INFO]:å·²æ›´æ–° chengxue625<416236840547385345> æ–¼ Star Impact Team<510386488639488001> çš„ä¼ºæœå™¨è³‡æ–™
[2024/09/22|11:05:10][INFO]:chengxue625<416236840547385345> åŠ å…¥ Star Impact Team<510386488639488001> çš„èªéŸ³é »é“
[2024/09/22|11:08:44][INFO]:å·²æ›´æ–° chengxue625<416236840547385345> æ–¼ Star Impact Team<510386488639488001> çš„ä¼ºæœå™¨è³‡æ–™
[2024/09/22|11:08:44][INFO]:chengxue625<416236840547385345> æ–¼ Star Impact Team<510386488639488001> ç²å¾— 3è²¢ç»å€¼ å’Œ 4ç¢æ˜Ÿå€¼
[2024/09/22|11:08:46][INFO]:å·²æ›´æ–° chengxue625<416236840547385345> æ–¼ Star Impact Team<510386488639488001> çš„ä¼ºæœå™¨è³‡æ–™
[2024/09/22|11:08:46][INFO]:chengxue625<416236840547385345> åŠ å…¥ Star Impact Team<510386488639488001> çš„èªéŸ³é »é“
[2024/09/22|12:08:23][INFO]:å·²æ›´æ–° wujiaheitao<250219460877746176> æ–¼ Star Impact Team<510386488639488001> çš„ä¼ºæœå™¨è³‡æ–™
[2024/09/22|12:08:23][INFO]:wujiaheitao<250219460877746176> åŠ å…¥ Star Impact Team<510386488639488001> çš„èªéŸ³é »é“
[2024/09/22|12:09:08][INFO]:Shard ID None has successfully RESUMED session 2777eef074df83ab1aaa75504adb4cab.
[2024/09/22|12:18:23][INFO]:lightinvi<428845649279188992>åœ¨[Star Impact Team->æ­£è¦æˆå“¡é »é“]èªª:<@416236840547385345> é›¨ä¸‹å¤ªå¤§äº†è«‹å‡äº†
[2024/09/22|12:19:29][INFO]:lightinvi<428845649279188992>åœ¨[Star Impact Team->å¡”ç§‘å¤«é–’èŠğŸ“£]æ–°å¢é™„ä»¶:('1287266991442362379_20240922_121848.mp4',)
[2024/09/22|12:35:11][INFO]:chengxue625<416236840547385345>åœ¨[Star Impact Team->æ­£è¦æˆå“¡é »é“]èªª:å–”å–”
[2024/09/22|12:35:23][INFO]:chengxue625<416236840547385345>åœ¨[Star Impact Team->æ­£è¦æˆå“¡é »é“]èªª:ä¸æƒ³å»å°±èªª
[2024/09/22|12:35:31][INFO]:chengxue625<416236840547385345>åœ¨[Star Impact Team->æ­£è¦æˆå“¡é »é“]èªª:é‚„é›¨å¤ªå¤§
[2024/09/22|12:35:47][INFO]:lightinvi<428845649279188992>åœ¨[Star Impact Team->æ­£è¦æˆå“¡é »é“]èªª:å•Šæˆ‘å®¶å¤–é¢å°±çœŸçš„è¶…å¤§
[2024/09/22|12:35:53][INFO]:lightinvi<428845649279188992>åœ¨[Star Impact Team->æ­£è¦æˆå“¡é »é“]èªª:ä¸€å¥è©±å¡”ä¸å¡”
[2024/09/22|12:46:20][INFO]:chengxue625<416236840547385345>åœ¨[Star Impact Team->æ­£è¦æˆå“¡é »é“]èªª:åƒé£¯
[2024/09/22|14:39:47][INFO]:Shard ID None has successfully RESUMED session 2777eef074df83ab1aaa75504adb4cab.
[2024/09/22|14:55:45][INFO]:å·²æ›´æ–° chengxue625<416236840547385345> æ–¼ Star Impact Team<510386488639488001> çš„ä¼ºæœå™¨è³‡æ–™
[2024/09/22|14:55:45][INFO]:chengxue625<416236840547385345> æ–¼ Star Impact Team<510386488639488001> ç²å¾— 226è²¢ç»å€¼ å’Œ 339ç¢æ˜Ÿå€¼
[2024/09/22|14:55:48][INFO]:å·²æ›´æ–° chengxue625<416236840547385345> æ–¼ Star Impact Team<510386488639488001> çš„ä¼ºæœå™¨è³‡æ–™
[2024/09/22|14:55:48][INFO]:chengxue625<416236840547385345> åŠ å…¥ Star Impact Team<510386488639488001> çš„èªéŸ³é »é“
[2024/09/22|17:08:58][INFO]:å·²æ›´æ–° wujiaheitao<250219460877746176> æ–¼ Star Impact Team<510386488639488001> çš„ä¼ºæœå™¨è³‡æ–™
[2024/09/22|17:08:58][INFO]:wujiaheitao<250219460877746176> æ–¼ Star Impact Team<510386488639488001> ç²å¾— 300è²¢ç»å€¼ å’Œ 450ç¢æ˜Ÿå€¼
[2024/09/22|17:32:46][INFO]:Shard ID None has successfully RESUMED session 2777eef074df83ab1aaa75504adb4cab.
[2024/09/22|19:15:25][INFO]:å·²æ›´æ–° chengxue625<416236840547385345> æ–¼ Star Impact Team<510386488639488001> çš„ä¼ºæœå™¨è³‡æ–™
[2024/09/22|19:15:25][INFO]:chengxue625<416236840547385345> æ–¼ Star Impact Team<510386488639488001> ç²å¾— 259è²¢ç»å€¼ å’Œ 388ç¢æ˜Ÿå€¼
[2024/09/22|19:15:27][INFO]:å·²æ›´æ–° chengxue625<416236840547385345> æ–¼ Star Impact Team<510386488639488001> çš„ä¼ºæœå™¨è³‡æ–™
[2024/09/22|19:15:27][INFO]:chengxue625<416236840547385345> åŠ å…¥ Star Impact Team<510386488639488001> çš„èªéŸ³é »é“
[2024/09/22|19:45:31][INFO]:å·²æ›´æ–° bigben2689<787727387383037962> æ–¼ Star Impact Team<510386488639488001> çš„ä¼ºæœå™¨è³‡æ–™
[2024/09/22|19:45:31][INFO]:bigben2689<787727387383037962> åŠ å…¥ Star Impact Team<510386488639488001> çš„èªéŸ³é »é“
[2024/09/22|20:33:57][INFO]:Shard ID None has successfully RESUMED session 2777eef074df83ab1aaa75504adb4cab.
[2024/09/22|22:49:31][INFO]:Shard ID None has successfully RESUMED session 2777eef074df83ab1aaa75504adb4cab.
[2024/09/22|22:56:09][INFO]:å·²æ›´æ–° bigben2689<787727387383037962> æ–¼ Star Impact Team<510386488639488001> çš„ä¼ºæœå™¨è³‡æ–™
[2024/09/22|22:56:09][INFO]:bigben2689<787727387383037962> æ–¼ Star Impact Team<510386488639488001> ç²å¾— 190è²¢ç»å€¼ å’Œ 285ç¢æ˜Ÿå€¼
[2024/09/22|23:03:55][INFO]:å·²æ›´æ–° chengxue625<416236840547385345> æ–¼ Star Impact Team<510386488639488001> çš„ä¼ºæœå™¨è³‡æ–™
[2024/09/22|23:03:55][INFO]:chengxue625<416236840547385345> æ–¼ Star Impact Team<510386488639488001> ç²å¾— 228è²¢ç»å€¼ å’Œ 342ç¢æ˜Ÿå€¼
[2024/09/23|00:21:36][INFO]:å·²æ›´æ–° lightinvi<428845649279188992> æ–¼ Star Impact Team<510386488639488001> çš„ä¼ºæœå™¨è³‡æ–™
[2024/09/23|00:21:36][INFO]:lightinvi<428845649279188992> æ–¼ Star Impact Team<510386488639488001> ç²å¾— 819è²¢ç»å€¼ å’Œ 1638ç¢æ˜Ÿå€¼
[2024/09/23|01:38:47][INFO]:Shard ID None has successfully RESUMED session 2777eef074df83ab1aaa75504adb4cab.
[2024/09/23|05:15:29][INFO]:Shard ID None has successfully RESUMED session 2777eef074df83ab1aaa75504adb4cab.
[2024/09/23|09:09:53][INFO]:Shard ID None has successfully RESUMED session 2777eef074df83ab1aaa75504adb4cab.
[2024/09/23|12:01:23][INFO]:Shard ID None has successfully RESUMED session 2777eef074df83ab1aaa75504adb4cab.
[2024/09/23|12:30:44][INFO]:Shard ID None has successfully RESUMED session 2777eef074df83ab1aaa75504adb4cab.
[2024/09/23|15:36:46][INFO]:Shard ID None has successfully RESUMED session 2777eef074df83ab1aaa75504adb4cab.
[2024/09/23|17:47:37][INFO]:Shard ID None has successfully RESUMED session 2777eef074df83ab1aaa75504adb4cab.
[2024/09/23|18:03:34][INFO]:lightinvi<428845649279188992>åœ¨[Star Impact Team->æ­£è¦æˆå“¡é »é“]èªª:https://x.com/nikgeneburn/status/1837981489293660303?t=0ahVOEwdg279axAsgcMdmw&s=33
[2024/09/23|18:03:35][INFO]:Star Impact Team<510386488639488001> -> æ­£è¦æˆå“¡é »é“<578156795667808276> ä¸­çš„è¨Šæ¯è¢«ç·¨è¼¯: https://x.com/nikgeneburn/status/1837981489293660303?t=0ahVOEwdg279axAsgcMdmw&s=33 -> https://x.com/nikgeneburn/status/1837981489293660303?t=0ahVOEwdg279axAsgcMdmw&s=33
[2024/09/23|18:04:35][INFO]:lightinvi<428845649279188992>åœ¨[Star Impact Team->æ­£è¦æˆå“¡é »é“]èªª:11å°æ™‚å‰nikitaåœ¨ç™¼æ”¾è—é‚Šåºè™Ÿ? â€¦â€¦ä¸ç¢ºå®š
[2024/09/23|18:06:43][INFO]:lightinvi<428845649279188992>åœ¨[Star Impact Team->æ­£è¦æˆå“¡é »é“]èªª:@everyone 
çœ‹å¥¹çš„è²¼æ–‡å¥½åƒé‚„æƒ³å†ç™¼ä¸€æ¬¡ï¼Œæƒ³è¦ç™½å«–çš„äººå»æ³¨æ„ä¸€ä¸‹ä»–çš„ X å§
[2024/09/23|18:52:06][INFO]:å·²æ›´æ–° lightinvi<428845649279188992> æ–¼ Star Impact Team<510386488639488001> çš„ä¼ºæœå™¨è³‡æ–™
[2024/09/23|18:52:06][INFO]:lightinvi<428845649279188992> åŠ å…¥ Star Impact Team<510386488639488001> çš„èªéŸ³é »é“
[2024/09/23|19:28:08][INFO]:å·²æ›´æ–° chengxue625<416236840547385345> æ–¼ Star Impact Team<510386488639488001> çš„ä¼ºæœå™¨è³‡æ–™
[2024/09/23|19:28:08][INFO]:chengxue625<416236840547385345> åŠ å…¥ Star Impact Team<510386488639488001> çš„èªéŸ³é »é“
[2024/09/23|19:59:33][INFO]:å·²æ›´æ–° bigben2689<787727387383037962> æ–¼ Star Impact Team<510386488639488001> çš„ä¼ºæœå™¨è³‡æ–™
[2024/09/23|19:59:33][INFO]:bigben2689<787727387383037962> åŠ å…¥ Star Impact Team<510386488639488001> çš„èªéŸ³é »é“
[2024/09/23|20:02:12][INFO]:å·²æ›´æ–° bigben2689<787727387383037962> æ–¼ Star Impact Team<510386488639488001> çš„ä¼ºæœå™¨è³‡æ–™
[2024/09/23|20:02:12][INFO]:bigben2689<787727387383037962> æ–¼ Star Impact Team<510386488639488001> ç²å¾— 2è²¢ç»å€¼ å’Œ 3ç¢æ˜Ÿå€¼
[2024/09/23|20:10:39][INFO]:cheecher0611<282522123635916801>åœ¨[Star Impact Team->æ­£è¦æˆå“¡é »é“]èªª:é€™åºè™Ÿè¦å»å“ªè¼¸å…¥
[2024/09/23|20:13:32][INFO]:lightinvi<428845649279188992>åœ¨[Star Impact Team->æ­£è¦æˆå“¡é »é“]æ–°å¢é™„ä»¶:('1287748686201360476_image.png',)
[2024/09/23|20:13:32][INFO]:lightinvi<428845649279188992>åœ¨[Star Impact Team->æ­£è¦æˆå“¡é »é“]èªª:è¦æœ‰å…ˆæœ‰ä¸€å€‹å¸³è™Ÿ åœ¨å¸³è™Ÿçš„å€‹äººè³‡è¨Šå³é‚Šæœ‰ä¸€å€‹"æ¿€æ´»å„ªæƒ ç¢¼"
[2024/09/23|20:13:44][INFO]:cheecher0611<282522123635916801>åœ¨[Star Impact Team->æ­£è¦æˆå“¡é »é“]èªª:OK
[2024/09/23|20:24:36][INFO]:Shard ID None has successfully RESUMED session 2777eef074df83ab1aaa75504adb4cab.
[2024/09/23|21:31:23][INFO]:å·²æ›´æ–° bigben2689<787727387383037962> æ–¼ Star Impact Team<510386488639488001> çš„ä¼ºæœå™¨è³‡æ–™
[2024/09/23|21:31:23][INFO]:bigben2689<787727387383037962> åŠ å…¥ Star Impact Team<510386488639488001> çš„èªéŸ³é »é“
[2024/09/23|21:31:28][INFO]:å·²æ›´æ–° bigben2689<787727387383037962> æ–¼ Star Impact Team<510386488639488001> çš„ä¼ºæœå™¨è³‡æ–™
[2024/09/23|21:31:28][INFO]:bigben2689<787727387383037962> æ–¼ Star Impact Team<510386488639488001> ç²å¾— 0è²¢ç»å€¼ å’Œ 0ç¢æ˜Ÿå€¼
[2024/09/23|22:32:29][INFO]:å·²æ›´æ–° chengxue625<416236840547385345> æ–¼ Star Impact Team<510386488639488001> çš„ä¼ºæœå™¨è³‡æ–™
[2024/09/23|22:32:29][INFO]:chengxue625<416236840547385345> æ–¼ Star Impact Team<510386488639488001> ç²å¾— 184è²¢ç»å€¼ å’Œ 276ç¢æ˜Ÿå€¼
[2024/09/23|23:02:21][INFO]:å·²æ›´æ–° bigben2689<787727387383037962> æ–¼ Star Impact Team<510386488639488001> çš„ä¼ºæœå™¨è³‡æ–™
[2024/09/23|23:02:21][INFO]:bigben2689<787727387383037962> åŠ å…¥ Star Impact Team<510386488639488001> çš„èªéŸ³é »é“
[2024/09/23|23:06:09][INFO]:å·²æ›´æ–° bigben2689<787727387383037962> æ–¼ Star Impact Team<510386488639488001> çš„ä¼ºæœå™¨è³‡æ–™
[2024/09/23|23:06:09][INFO]:bigben2689<787727387383037962> æ–¼ Star Impact Team<510386488639488001> ç²å¾— 3è²¢ç»å€¼ å’Œ 4ç¢æ˜Ÿå€¼
[2024/09/23|23:08:10][INFO]:å·²æ›´æ–° chengxue625<416236840547385345> æ–¼ Star Impact Team<510386488639488001> çš„ä¼ºæœå™¨è³‡æ–™
[2024/09/23|23:08:10][INFO]:chengxue625<416236840547385345> åŠ å…¥ Star Impact Team<510386488639488001> çš„èªéŸ³é »é“
[2024/09/23|23:15:18][INFO]:å·²æ›´æ–° bigben2689<787727387383037962> æ–¼ Star Impact Team<510386488639488001> çš„ä¼ºæœå™¨è³‡æ–™
[2024/09/23|23:15:18][INFO]:bigben2689<787727387383037962> åŠ å…¥ Star Impact Team<510386488639488001> çš„èªéŸ³é »é“
[2024/09/23|23:37:04][INFO]:å·²æ›´æ–° lightinvi<428845649279188992> æ–¼ Star Impact Team<510386488639488001> çš„ä¼ºæœå™¨è³‡æ–™
[2024/09/23|23:37:04][INFO]:lightinvi<428845649279188992> æ–¼ Star Impact Team<510386488639488001> ç²å¾— 284è²¢ç»å€¼ å’Œ 568ç¢æ˜Ÿå€¼
[2024/09/23|23:53:19][INFO]:Shard ID None has successfully RESUMED session 2777eef074df83ab1aaa75504adb4cab.
[2024/09/24|01:48:03][INFO]:Shard ID None has successfully RESUMED session 2777eef074df83ab1aaa75504adb4cab.
[2024/09/24|01:57:14][INFO]:å·²æ›´æ–° chengxue625<416236840547385345> æ–¼ Star Impact Team<510386488639488001> çš„ä¼ºæœå™¨è³‡æ–™
[2024/09/24|01:57:14][INFO]:chengxue625<416236840547385345> æ–¼ Star Impact Team<510386488639488001> ç²å¾— 169è²¢ç»å€¼ å’Œ 253ç¢æ˜Ÿå€¼
[2024/09/24|02:05:22][INFO]:å·²æ›´æ–° bigben2689<787727387383037962> æ–¼ Star Impact Team<510386488639488001> çš„ä¼ºæœå™¨è³‡æ–™
[2024/09/24|02:05:22][INFO]:bigben2689<787727387383037962> æ–¼ Star Impact Team<510386488639488001> ç²å¾— 170è²¢ç»å€¼ å’Œ 255ç¢æ˜Ÿå€¼
[2024/09/24|03:54:40][INFO]:Shard ID None has successfully RESUMED session 2777eef074df83ab1aaa75504adb4cab.
[2024/09/24|06:32:17][INFO]:Shard ID None has successfully RESUMED session 2777eef074df83ab1aaa75504adb4cab.
[2024/09/24|08:08:53][INFO]:lightinvi<428845649279188992>åœ¨[Star Impact Team->æ­£è¦æˆå“¡é »é“]èªª:<@418099807660408852> çœ‹èµ·ä¾†ä½ è‡ªç”±äº†
[2024/09/24|08:22:11][INFO]:higuchiaoi<418099807660408852>åœ¨[Star Impact Team->æ­£è¦æˆå“¡é »é“]èªª:æ®ºå°
[2024/09/24|08:22:18][INFO]:higuchiaoi<418099807660408852>åœ¨[Star Impact Team->æ­£è¦æˆå“¡é »é“]èªª:æˆ‘å‰›å‰›çœ‹æˆ‘æ•´å€‹è¢«æ‹”
[2024/09/24|08:54:37][INFO]:lightinvi<428845649279188992>åœ¨[Star Impact Team->æ­£è¦æˆå“¡é »é“]èªª:https://x.com/nikgeneburn/status/1838326990132429129?t=fuQKk_vdHU3U7GLj4X696Q&s=33
[2024/09/24|08:54:37][INFO]:Star Impact Team<510386488639488001> -> æ­£è¦æˆå“¡é »é“<578156795667808276> ä¸­çš„è¨Šæ¯è¢«ç·¨è¼¯: https://x.com/nikgeneburn/status/1838326990132429129?t=fuQKk_vdHU3U7GLj4X696Q&s=33 -> https://x.com/nikgeneburn/status/1838326990132429129?t=fuQKk_vdHU3U7GLj4X696Q&s=33
[2024/09/24|08:54:43][INFO]:lightinvi<428845649279188992>åœ¨[Star Impact Team->æ­£è¦æˆå“¡é »é“]èªª:ä¸‰å°æ™‚å‰
[2024/09/24|08:55:40][INFO]:lightinvi<428845649279188992>åœ¨[Star Impact Team->æ­£è¦æˆå“¡é »é“]èªª:ä½†é€™æ¬¡æ˜¯æ¨™æº–ç‰ˆçš„
[2024/09/24|09:58:09][INFO]:Shard ID None has successfully RESUMED session 2777eef074df83ab1aaa75504adb4cab.
[2024/09/24|10:37:41][INFO]:Shard ID None has successfully RESUMED session 2777eef074df83ab1aaa75504adb4cab.
[2024/09/24|14:30:18][INFO]:Shard ID None has successfully RESUMED session 2777eef074df83ab1aaa75504adb4cab.
[2024/09/24|17:10:26][INFO]:Shard ID None has successfully RESUMED session 2777eef074df83ab1aaa75504adb4cab.
[2024/09/24|17:55:30][INFO]:Shard ID None has successfully RESUMED session 2777eef074df83ab1aaa75504adb4cab.
[2024/09/24|18:51:01][INFO]:å·²æ›´æ–° lightinvi<428845649279188992> æ–¼ Star Impact Team<510386488639488001> çš„ä¼ºæœå™¨è³‡æ–™
[2024/09/24|18:51:01][INFO]:lightinvi<428845649279188992> åŠ å…¥ Star Impact Team<510386488639488001> çš„èªéŸ³é »é“
[2024/09/24|18:51:14][INFO]:Shard ID None has successfully RESUMED session 2777eef074df83ab1aaa75504adb4cab.
[2024/09/24|19:40:08][INFO]:lightinvi<428845649279188992>åœ¨[å…‰éš±testå€->test]èªª:<@659369978809548826> æ¯”è¼ƒ React å’Œ vue
[2024/09/24|21:45:21][INFO]:higuchiaoi<418099807660408852>åœ¨[Star Impact Team->æ­£è¦æˆå“¡é »é“]èªª:æˆ‘åªæ˜¯è½‰åˆ°æ–°åº—
[2024/09/24|21:45:29][INFO]:higuchiaoi<418099807660408852>åœ¨[Star Impact Team->æ­£è¦æˆå“¡é »é“]èªª:ç„¶å¾Œä¸­é–“ç©ºçª—
[2024/09/24|21:45:37][INFO]:higuchiaoi<418099807660408852>åœ¨[Star Impact Team->æ­£è¦æˆå“¡é »é“]èªª:è¦æ•´ä¿®ç„¶å¾Œå¸«å‚…è¦å­¸æ–°èœ
[2024/09/24|21:45:47][INFO]:å·²æ›´æ–° chengxue625<416236840547385345> æ–¼ Star Impact Team<510386488639488001> çš„ä¼ºæœå™¨è³‡æ–™
[2024/09/24|21:45:47][INFO]:chengxue625<416236840547385345> åŠ å…¥ Star Impact Team<510386488639488001> çš„èªéŸ³é »é“
[2024/09/24|21:46:16][INFO]:lightinvi<428845649279188992>åœ¨[Star Impact Team->æ­£è¦æˆå“¡é »é“]èªª:<:emoji_115:971253097752047636>
[2024/09/24|21:47:00][INFO]:chengxue625<416236840547385345>åœ¨[Star Impact Team->æ­£è¦æˆå“¡é »é“]èªª:?
[2024/09/24|21:47:34][INFO]:lightinvi<428845649279188992>åœ¨[Star Impact Team->æ­£è¦æˆå“¡é »é“]èªª:ä»–æš«æ™‚å¤±æ¥­
[2024/09/24|21:47:43][INFO]:chengxue625<416236840547385345>åœ¨[Star Impact Team->æ­£è¦æˆå“¡é »é“]èªª:æ€éº¼å¯èƒ½
[2024/09/24|21:47:49][INFO]:chengxue625<416236840547385345>åœ¨[Star Impact Team->æ­£è¦æˆå“¡é »é“]èªª:åŒ—ç§‘å¤§
[2024/09/24|21:47:53][INFO]:chengxue625<416236840547385345>åœ¨[Star Impact Team->æ­£è¦æˆå“¡é »é“]èªª:å¤±æ¥­
[2024/09/24|21:47:57][INFO]:chengxue625<416236840547385345>åœ¨[Star Impact Team->æ­£è¦æˆå“¡é »é“]èªª:ç¬‘æ­»äººäº†
[2024/09/24|21:49:21][INFO]:higuchiaoi<418099807660408852>åœ¨[Star Impact Team->æ­£è¦æˆå“¡é »é“]èªª:å“­äº†
[2024/09/24|21:49:31][INFO]:higuchiaoi<418099807660408852>åœ¨[Star Impact Team->æ­£è¦æˆå“¡é »é“]èªª:æˆ‘çš„ç”¢è–¯æ¢äº‹æ¥­ä¸­é“å´©æ®‚
[2024/09/24|21:49:45][INFO]:lightinvi<428845649279188992>åœ¨[Star Impact Team->æ­£è¦æˆå“¡é »é“]èªª:ä¸‹ä¸€å€‹æœƒæ›´å¥½
[2024/09/24|21:49:51][INFO]:Star Impact Team<510386488639488001> -> æ­£è¦æˆå“¡é »é“<578156795667808276> ä¸­çš„è¨Šæ¯è¢«ç·¨è¼¯: æˆ‘çš„ç”¢è–¯æ¢äº‹æ¥­ä¸­é“å´©æ®‚ -> æˆ‘çš„ç”¢è–¯æ¢äº‹æ¥­
[2024/09/24|21:56:27][INFO]:å·²æ›´æ–°ç”¨æˆ¶ -> .xiango3z3<346250633273409536>
[2024/09/24|21:56:29][INFO]:å·²æ›´æ–° .xiango3z3<346250633273409536> æ–¼ Star Impact Team<510386488639488001> çš„ä¼ºæœå™¨è³‡æ–™
[2024/09/24|22:24:10][INFO]:Shard ID None has successfully RESUMED session 2777eef074df83ab1aaa75504adb4cab.
[2024/09/24|23:21:24][INFO]:å·²æ›´æ–° chengxue625<416236840547385345> æ–¼ Star Impact Team<510386488639488001> çš„ä¼ºæœå™¨è³‡æ–™
[2024/09/24|23:21:24][INFO]:chengxue625<416236840547385345> æ–¼ Star Impact Team<510386488639488001> ç²å¾— 95è²¢ç»å€¼ å’Œ 142ç¢æ˜Ÿå€¼
[2024/09/25|00:06:05][INFO]:Escape from Tarkov Official #eft-announcements<1206517498044878858>åœ¨[Star Impact Team->å¡”ç§‘å¤«å…¬ä½ˆæ¬„ğŸ“]æ–°å¢é™„ä»¶:('1288138264414261369_video_.mp4',)
[2024/09/25|00:06:05][INFO]:Escape from Tarkov Official #eft-announcements<1206517498044878858>åœ¨[Star Impact Team->å¡”ç§‘å¤«å…¬ä½ˆæ¬„ğŸ“]èªª:#EscapefromTarkov 
https://youtube.com/shorts/k8oLvKlrIZk
[2024/09/25|00:06:15][INFO]:Star Impact Team<510386488639488001> -> å¡”ç§‘å¤«å…¬ä½ˆæ¬„ğŸ“<1140187766064435250> ä¸­çš„è¨Šæ¯è¢«ç·¨è¼¯: #EscapefromTarkov 
https://youtube.com/shorts/k8oLvKlrIZk -> #EscapefromTarkov 
https://youtube.com/shorts/k8oLvKlrIZk
[2024/09/25|00:39:20][INFO]:å·²æ›´æ–° lightinvi<428845649279188992> æ–¼ Star Impact Team<510386488639488001> çš„ä¼ºæœå™¨è³‡æ–™
[2024/09/25|00:39:20][INFO]:lightinvi<428845649279188992> æ–¼ Star Impact Team<510386488639488001> ç²å¾— 348è²¢ç»å€¼ å’Œ 696ç¢æ˜Ÿå€¼
[2024/09/25|01:32:15][INFO]:Shard ID None has successfully RESUMED session 2777eef074df83ab1aaa75504adb4cab.
[2024/09/25|03:11:58][INFO]:Shard ID None has successfully RESUMED session 2777eef074df83ab1aaa75504adb4cab.
[2024/09/25|04:16:01][INFO]:Shard ID None has successfully RESUMED session 2777eef074df83ab1aaa75504adb4cab.
[2024/09/25|06:32:48][INFO]:Shard ID None has successfully RESUMED session 2777eef074df83ab1aaa75504adb4cab.
[2024/09/25|07:14:23][INFO]:Shard ID None has successfully RESUMED session 2777eef074df83ab1aaa75504adb4cab.
[2024/09/25|08:45:15][INFO]:Shard ID None has successfully RESUMED session 2777eef074df83ab1aaa75504adb4cab.
[2024/09/25|12:05:12][INFO]:lightinvi<428845649279188992>åœ¨[Star Impact Team->æ­£è¦æˆå“¡é »é“]èªª:æˆ‘æ“æœƒé£›

https://youtu.be/byBvKfSXRDE?si=uTE02rwZXukWONEV
[2024/09/25|12:05:13][INFO]:Star Impact Team<510386488639488001> -> æ­£è¦æˆå“¡é »é“<578156795667808276> ä¸­çš„è¨Šæ¯è¢«ç·¨è¼¯: æˆ‘æ“æœƒé£›

https://youtu.be/byBvKfSXRDE?si=uTE02rwZXukWONEV -> æˆ‘æ“æœƒé£›

https://youtu.be/byBvKfSXRDE?si=uTE02rwZXukWONEV
[2024/09/25|12:36:05][INFO]:Shard ID None has successfully RESUMED session 2777eef074df83ab1aaa75504adb4cab.
[2024/09/25|16:19:58][INFO]:Shard ID None has successfully RESUMED session 2777eef074df83ab1aaa75504adb4cab.
[2024/09/25|16:59:43][INFO]:Shard ID None has successfully RESUMED session 2777eef074df83ab1aaa75504adb4cab.
[2024/09/25|17:56:59][INFO]:Shard ID None has successfully RESUMED session 2777eef074df83ab1aaa75504adb4cab.
[2024/09/25|18:51:57][INFO]:chengxue625<416236840547385345>åœ¨[Star Impact Team->æ­£è¦æˆå“¡é »é“]èªª:æ˜¯è¶…é›–
[2024/09/25|18:52:41][INFO]:å·²æ›´æ–° lightinvi<428845649279188992> æ–¼ Star Impact Team<510386488639488001> çš„ä¼ºæœå™¨è³‡æ–™
[2024/09/25|18:52:41][INFO]:lightinvi<428845649279188992> åŠ å…¥ Star Impact Team<510386488639488001> çš„èªéŸ³é »é“
[2024/09/25|18:54:25][INFO]:lightinvi<428845649279188992>åœ¨[Star Impact Team->æ­£è¦æˆå“¡é »é“]èªª:æœƒå¿ƒä¸€ç¬‘

https://www.youtube.com/shorts/FqqYJwwLmdI
[2024/09/25|18:54:25][INFO]:Star Impact Team<510386488639488001> -> æ­£è¦æˆå“¡é »é“<578156795667808276> ä¸­çš„è¨Šæ¯è¢«ç·¨è¼¯: æœƒå¿ƒä¸€ç¬‘

https://www.youtube.com/shorts/FqqYJwwLmdI -> æœƒå¿ƒä¸€ç¬‘

https://www.youtube.com/shorts/FqqYJwwLmdI
[2024/09/25|19:04:30][INFO]:chengxue625<416236840547385345>åœ¨[Star Impact Team->æ­£è¦æˆå“¡é »é“]èªª:<@428845649279188992>
[2024/09/25|19:04:33][INFO]:chengxue625<416236840547385345>åœ¨[Star Impact Team->æ­£è¦æˆå“¡é »é“]æ–°å¢é™„ä»¶:('1288456097455280159_image.png',)
[2024/09/25|19:04:52][INFO]:chengxue625<416236840547385345>åœ¨[Star Impact Team->æ­£è¦æˆå“¡é »é“]èªª:æˆ‘é€™ç‡ˆå¡”ä»»å‹™ä½ é‚„è¨˜å¾—å—
[2024/09/25|19:05:00][INFO]:chengxue625<416236840547385345>åœ¨[Star Impact Team->æ­£è¦æˆå“¡é »é“]èªª:æ”¾é€™ç„¡ç·šé›»çš„
[2024/09/25|19:05:29][INFO]:lightinvi<428845649279188992>åœ¨[Star Impact Team->æ­£è¦æˆå“¡é »é“]èªª:æˆ‘åªè¨˜å¾—æ±™æ°´å» è£¡çš„ç›´å‡æ©Ÿæ”¾ä¸€å€‹ å…¶ä»–3å€‹å¿˜è¨˜äº†
[2024/09/25|19:05:49][INFO]:chengxue625<416236840547385345>åœ¨[Star Impact Team->æ­£è¦æˆå“¡é »é“]èªª:ä»–é€™å€‹å™´èª¿æœƒæ€æ¨£å—
[2024/09/25|19:06:28][INFO]:lightinvi<428845649279188992>åœ¨[Star Impact Team->æ­£è¦æˆå“¡é »é“]èªª:å°±åœ¨å·¥ä½œæª¯é‡æ–°èŠ±ææ–™è·Ÿæ™‚é–“åš
[2024/09/25|19:07:03][INFO]:å·²æ›´æ–° chengxue625<416236840547385345> æ–¼ Star Impact Team<510386488639488001> çš„ä¼ºæœå™¨è³‡æ–™
[2024/09/25|19:07:03][INFO]:chengxue625<416236840547385345> åŠ å…¥ Star Impact Team<510386488639488001> çš„èªéŸ³é »é“
[2024/09/25|19:08:43][INFO]:chengxue625<416236840547385345>åœ¨[Star Impact Team->æ­£è¦æˆå“¡é »é“]èªª:ä½ æ˜¯ç›´æ¥æ”¾ä¿éšªç®±å—
[2024/09/25|19:08:47][INFO]:chengxue625<416236840547385345>åœ¨[Star Impact Team->æ­£è¦æˆå“¡é »é“]èªª:é‚„æ˜¯åŒ…åŒ…
[2024/09/25|19:09:10][INFO]:lightinvi<428845649279188992>åœ¨[Star Impact Team->æ­£è¦æˆå“¡é »é“]èªª:ä¿éšªç®±
[2024/09/25|19:36:56][INFO]:å·²æ›´æ–° higuchiaoi<418099807660408852> æ–¼ Star Impact Team<510386488639488001> çš„ä¼ºæœå™¨è³‡æ–™
[2024/09/25|19:36:56][INFO]:higuchiaoi<418099807660408852> åŠ å…¥ Star Impact Team<510386488639488001> çš„èªéŸ³é »é“
[2024/09/25|19:53:04][INFO]:å·²æ›´æ–° higuchiaoi<418099807660408852> æ–¼ Star Impact Team<510386488639488001> çš„ä¼ºæœå™¨è³‡æ–™
[2024/09/25|19:53:04][INFO]:higuchiaoi<418099807660408852> æ–¼ Star Impact Team<510386488639488001> ç²å¾— 16è²¢ç»å€¼ å’Œ 24ç¢æ˜Ÿå€¼
[2024/09/25|20:06:09][INFO]:Shard ID None has successfully RESUMED session 2777eef074df83ab1aaa75504adb4cab.
[2024/09/25|20:44:58][INFO]:Shard ID None has successfully RESUMED session 2777eef074df83ab1aaa75504adb4cab.
[2024/09/25|22:07:31][INFO]:Shard ID None has successfully RESUMED session 2777eef074df83ab1aaa75504adb4cab.
[2024/09/25|22:26:47][INFO]:å·²æ›´æ–° higuchiaoi<418099807660408852> æ–¼ Star Impact Team<510386488639488001> çš„ä¼ºæœå™¨è³‡æ–™
[2024/09/25|22:26:47][INFO]:higuchiaoi<418099807660408852> åŠ å…¥ Star Impact Team<510386488639488001> çš„èªéŸ³é »é“
[2024/09/25|22:31:01][INFO]:å·²æ›´æ–° higuchiaoi<418099807660408852> æ–¼ Star Impact Team<510386488639488001> çš„ä¼ºæœå™¨è³‡æ–™
[2024/09/25|22:31:01][INFO]:higuchiaoi<418099807660408852> æ–¼ Star Impact Team<510386488639488001> ç²å¾— 4è²¢ç»å€¼ å’Œ 6ç¢æ˜Ÿå€¼
[2024/09/25|22:43:41][INFO]:Shard ID None has successfully RESUMED session 2777eef074df83ab1aaa75504adb4cab.
[2024/09/25|22:51:30][INFO]:å·²æ›´æ–° chengxue625<416236840547385345> æ–¼ Star Impact Team<510386488639488001> çš„ä¼ºæœå™¨è³‡æ–™
[2024/09/25|22:51:30][INFO]:chengxue625<416236840547385345> æ–¼ Star Impact Team<510386488639488001> ç²å¾— 224è²¢ç»å€¼ å’Œ 336ç¢æ˜Ÿå€¼
[2024/09/26|00:19:48][INFO]:å·²æ›´æ–° lightinvi<428845649279188992> æ–¼ Star Impact Team<510386488639488001> çš„ä¼ºæœå™¨è³‡æ–™
[2024/09/26|00:19:48][INFO]:lightinvi<428845649279188992> æ–¼ Star Impact Team<510386488639488001> ç²å¾— 327è²¢ç»å€¼ å’Œ 654ç¢æ˜Ÿå€¼
